1455938
1184601
1182885
1784288
1418109
1747394
1713195
1338645
1749341
1438976
2109573
1411608
1277892
1434433
1426931
1152569
1770967
1160643
1035584
1993629
1217425
1307735
1199748
1598212
1652145
1866501
1571768
1344794
1613623
1506824
1320902
1053437
1478191
1749440
1936845
1703955
1550010
1825835
1367014
1847153
1114630
1147322
1177275
1054812
1116863
1548723
1587113
1352494
1657568
1410519
1841587
1091552
1140909
1269763
1650990
1555367
1063128
1848242
1667941
1728122
1263262
1387727
1414600
2090793
1626845
1821314
1077428
1909017
2122125
1800051
1986057
1669679
1264065
1619101
2085465
1938345
1635403
1860873
1498288
1751200
1992345
1228678
1069596
1168178
1526437
1168321
1459381
1605340
1983801
1885785
1386198
2007873
1909749
1572241
1404271
1965093
1157156
1169498
1836571
2002401
1935429
1282622
1618672
1232759
1971921
1171291
1091310
1230900
1170103
1761111
1297560
1354529
1052238
1300607
1843567
1163030
1902165
1084215
1249006
1118876
1443871
1467686
1142977
1476002
1842192
1264197
1611720
1228370
2079141
1293501
1665411
1910637
1870401
1251206
1809764
1788556
1501698
1848583
1182841
1481557
1790327
1620036
1647382
2079381
1275252
1382238
1192235
1616945
1117171
1111616
1424016
1602766
1718112
1336412
1470040
2061105
1104268
1410420
1369071
1389443
1683660
1456521
1128248
1295888
1792461
1016609
1575937
2047737
1515833
1981641
1649549
1544081
1572769
1981149
1315952
1397693
2082153
1628847
1928253
1729651
1385395
1768921
1314379
1509926
1958673
2057769
1412829
1466465
1015762
1603833
1136520
1054295
2113041
1905321
1481854
2126049
1131449
1865685
1492524
1429329
1771121
1662100
1069497
1814219
2001237
2059653
1786004
1537822
2108037
1596441
1928481
1314698
1178430
1252647
1080310
1061522
1308560
1387716
1502589
1258224
1764928
1533763
1503700
1040303
1460140
1112903
1636800
1574903
2107185
1888533
1530364
1820797
1385428
1412081
1030084
2110437
1483229
1645457
1139919
1365815
1748010
1041337
1826000
1107953
1050665
1931745
1659922
1924869
1509002
2045157
1127456
1910505
1453859
1625833
1638934
2126073
2043141
1776247
1760671
1602557
1107337
1604427
1815693
1640694
1529561
1101254
1195755
1207591
2042805
1278563
1829421
1142801
1279201
1690018
1700655
1635689
1331539
1021218
1976061
1208548
1197966
1156441
1950093
1076570
1815011
1329823
1208460
1432695
1927329
1591887
1057760
1327667
1112276
1418395
1602007
1890129
1742785
2068101
1638087
1091079
1097778
1801426
1259445
1396692
2012949
1212662
1177902
1538394
1572318
1923993
1625723
1988109
1079562
1583131
1779294
1501357
1612611
1285746
1576410
2099697
1051534
1806079
1975917
1929849
1836538
1956237
1772925
1203158
1701997
1937025
1606979
1958853
1476277
1123980
1380610
1984797
1863297
1520948
1021768
2023929
1774322
1204511
1931937
2060325
1442727
1583802
2121189
1504382
1986621
1115290
1323157
1268267
2128533
1367245
2124873
1893429
1526591
1723381
1721412
1694363
1721280
1123265
1202366
1464232
1773728
1339085
1756161
1378300
1027367
1991205
1518253
1780647
1788446
1695012
1025365
1072038
1136696
1995681
1723678
1632114
1227369
1764015
1031030
1264186
2134221
1812635
1736570
1594230
1583472
1248698
1830730
1807344
1195315
1899309
2031969
1550890
1194028
2055069
1161622
1724657
1183226
1777600
1237181
1602271
1041854
1432442
1132549
1019678
1874013
1089297
1513347
2107365
1650066
1175460
2072505
1432464
1837451
1407461
2055909
1069332
1681240
1359303
1611159
1528956
1452462
1247257
1482954
1549306
1763498
2096289
2078913
1293787
1414501
1090078
1028511
1230328
1044857
1079639
1349084
1271490
1054240
1643180
1554993
1750617
1416745
1668777
1937325
1380247
1960689
1556874
1301432
1120559
1394481
1313004
1023770
1093301
1959753
1686443
1169960
1331770
1477036
1606429
1615977
1624898
2058381
1420452
2092389
1936257
1297318
1039148
1027224
1079749
1874613
1341692
1776885
1582702
1628330
1304391
1096172
1423026
1964805
1752223
1198615
2014569
1385164
1692152
2071605
1660901
1748626
1588499
1750067
1159499
1605549
1484340
1472955
1199704
1984113
1431573
2044857
1752432
1338590
1383954
1344640
1624898
1103564
1790305
2084277
1549020
1477685
1710951
1408957
1415942
1626504
1151073
1598718
2094765
2028609
2010321
1471745
1805738
1067880
1221847
1700809
1114267
1463209
1850024
1367366
1842819
1568710
2111133
1359171
1212519
1033120
1715307
2088393
1671340
2058813
1408198
1296185
1563848
1164053
1605659
1741355
1782242
1514249
1386363
1376606
1873413
1534764
1292720
1414171
1318064
2117721
1638692
1743830
1076262
1144869
1240305
1242505
1348424
1852004
1370886
1270104
1357752
1698202
1430748
1959417
1636877
1759725
1759813
1015795
1049642
1927509
1515723
1816441
1247136
1353121
1632829
1667336
1421167
2122233
2121321
1564739
1514447
1134903
1154736
1930629
1143582
1624205
1857636
1240415
1204027
1519309
2113905
1198219
2127057
1439911
1050412
1675223
1203037
1927809
1822051
1851135
1402434
1966413
2105325
1830873
1483042
2050881
1160170
2109729
1989045
2064021
1884501
1442925
1766237
1997289
1557215
1863669
1383151
1544422
1105632
1502798
1685772
1057452
1523423
1636052
1738847
2057661
1134727
1418901
1610598
1165714
1318944
1840113
1564068
1079595
1126114
1861773
1026267
1034990
1312652
1730278
2063541
1234079
1166792
1568314
2124621
1897653
1281302
1477575
1014343
1919313
1316381
1614448
1523819
1395658
1943937
1957401
1173601
2093325
1023792
1982925
1179849
1691591
1237599
2103933
1165637
1752487
1479038
1939197
1306294
1283128
1923225
1211210
1232429
1615658
1405206
1016158
1143472
2013669
1469347
1610345
1245508
1940793
1401862
1613700
1196591
1951629
1079210
2115705
1224234
1622082
1762178
1970409
1297395
1040281
1137609
1193610
1071675
1895265
1682494
1243858
1276869
1725504
1740816
2053485
1141855
1361701
1921785
1679029
1404194
1748175
1893297
1782682
1580249
1586222
1994361
1470293
1990221
1272931
1470304
1486397
1767271
1989285
1551550
1688159
1770461
1684287
1514161
1014497
1835779
2001297
1319219
1492777
1821160
1865985
1081190
1873353
1505152
1295514
1536920
1535556
2106021
1253835
1848715
1482756
1909797
1647998
2117553
1717210
1393392
1678996
1992201
1596694
1328459
1236752
1302620
1594208
1431485
2099301
1181510
1337963
1933485
1257806
1424885
1378630
1913001
1826693
1663761
2009649
1179145
1048377
1812866
1302543
1127500
2085273
1686421
1780427
1591832
1983837
1241262
1752432
1976409
1863261
1301630
1233914
1371095
1730212
1693010
1188121
1520497
1736911
1238072
1166902
1369049
1225323
1571592
2019405
1131856
1436798
1237643
1594362
1434323
1804473
1727341
1393370
1834052
1332848
1475925
1942437
2100345
2097045
1577873
1937925
1842412
1435665
2038149
1576003
2034309
1729882
1207833
1405096
2071029
1263504
1931193
1774861
1874025
1450570
1995321
2068221
2127105
1519210
1139633
1082180
1977201
2110197
1394481
1616835
1543784
1221319
1100561
1365298
1900701
1657084
1075294
1811788
1662683
1626779
1326325
1806343
1814263
1363021
2110137
1149764
1593977
1097591
1393909
1141888
1074667
1108679
1591601
2104353
1554267
1108503
1675223
1562704
1833744
1430737
2118225
1757151
1287781
2045001
1494999
1422960
1408264
2074053
1012000
1239205
1287968
1685431
1361459
2033121
1586145
2083269
1854259
1125025
1216523
1393326
1114388
1702756
2038737
1307614
1410739
1784816
1670779
1896165
2003901
2020833
1470392
1673001
1261249
1393293
1207360
1058354
1054944
1845679
1667226
1727341
1689028
1797147
1650264
1988565
1896441
1782352
1087746
1995765
1746019
1525766
1200969
2002929
1333222
1783859
1425149
1025112
1538493
1588510
1614899
2122125
1582416
1926993
1980393
1880181
1174701
2036745
2075577
1822216
1447545
1792989
2028105
1372558
1551143
1599279
1274735
1815198
2030925
1891161
1265528
2003949
1679601
1165714
1257146
1688544
1738858
1109009
1449514
1609520
1149720
1741267
1582251
1884705
1529066
1955985
1382590
1231725
1926261
1752597
1876329
1905933
1355464
1353880
1074425
1746558
1344640
1868457
1583736
1514854
1338370
1604768
1105720
1101980
1057045
1789051
1797048
2129109
1685739
1645281
1777996
1855447
1040952
1662265
1235828
1100176
1548745
1409815
1739078
1759604
1665785
1713965
2033085
1359930
1992549
1589236
1937181
1887369
1530617
1834932
1621939
1656501
1120845
1357114
1167551
2094261
2042493
2064117
1160027
1441319
1854248
1279696
1810787
1234244
1212849
1366134
1058970
1259390
1623358
1924749
2002773
1935801
1315908
1542508
1983201
1965021
1465893
1945485
1419429
2114169
1055549
1101727
1944885
1648031
2103717
2038293
1936245
1526899
1870725
1419297
1853544
1170906
1099582
1674453
1841763
1072027
1250865
2061141
1230196
1789392
2066265
1076152
1512621
1523005
1131526
1594076
1735338
1400146
1687884
1198164
1601259
2099805
1141536
1819939
1566455
1157079
1842159
1115466
1435016
1849166
1058750
1506395
1092707
1101815
1283744
1306921
2030277
2073393
1665994
1873353
1210209
1207129
1653564
1360876
1034946
1425457
1591557
2062329
1811964
1652431
2003277
1177715
1762332
1133484
1805056
1793231
1473659
1244474
1744215
1427316
1383151
1363340
1622841
1200826
1924461
1885101
1469369
1670482
1838925
1386957
1017577
2097981
1572384
1202630
2047641
1700424
1784849
1889445
2104869
1746019
1595275
1922229
1643543
1461636
1980513
1947537
1840025
1364462
1335059
1035925
1364869
2057865
1870425
1238292
1192708
1172611
1041887
1432816
1923369
1833975
1637636
1908309
1682626
1523588
1035760
1863537
1266760
1381391
1713602
1107106
1812657
1750617
1634259
1594109
2123481
1109625
1730663
1905897
1601985
1971897
1208955
1576212
1853159
1689270
1682406
1762838
2061813
1948893
1176967
1237577
1664058
1525062
1972317
1671373
1251151
1241988
1219449
1884465
1434840
1020140
1761265
1417570
1698488
1198274
2006925
1929789
1419077
1136806
1364561
1174987
1379499
1597145
2051565
1353583
1311299
1707563
2130021
1536183
1688841
1734898
1049059
1235817
1360172
1970589
1343144
1714570
1792340
1253395
1410090
1029908
1839244
1012308
1061170
1353462
1988097
1260446
1360777
1186449
1799875
1831786
1159631
1592063
1958817
1043614
1280488
1396472
1391170
1935909
1150171
2090013
1678380
1490137
1200298
1180014
1037300
1406812
1506043
1551550
2017005
1453848
1119503
2010717
2034393
1213212
1685783
1145452
1998093
1433190
1061874
1596716
1900425
1541595
2093997
1996065
2014797
1626251
1915017
1902453
1609883
1743533
1043152
2100261
1206997
1568127
1332452
2090601
1638230
1611918
1031448
1302378
1441341
1695683
2025885
1304292
1305590
1128853
1122561
1633808
1537360
1645908
1231252
1852818
1121109
1814175
1521707
1863741
1410607
1960545
1702899
1159884
1629562
1370743
1578159
1860741
1604240
1107755
1894473
1875597
1449206
1827573
1425787
1365166
1312718
1688929
2080245
1187340
1392556
1496242
1921797
1067924
2069961
1657689
1628231
1122550
1584946
2040621
1766226
1740255
1774586
1076086
1175097
1951905
2115753
1919181
1789480
1767898
1887165
1886805
1232550
1079045
2046381
1611126
1731235
1127456
1167606
2115789
1527416
1271248
1278794
1767557
1388508
1182808
1162403
1043999
1208020
1970877
2041617
1148246
1114784
1743027
1303291
1449756
1568842
1923537
1136553
1951509
1724635
1225708
1744600
1374351
1975161
1097459
1560361
1455245
1389828
1410079
1366860
1264516
1456763
1152305
1389993
2009625
1451604
1538064
1498739
1130591
1597112
1389278
1361591
1714856
1790778
1468918
1704252
1647448
1724217
1682241
1080882
1650066
2079909
1110109
1757129
1247697
1871721
1517824
1396725
1051666
1517615
2110665
1516482
1422586
1424148
1642069
2064501
1414028
1103322
1641530
1331649
1778854
2093853
1601567
1540671
1798126
1576443
1419638
2111841
1230427
1603470
1411410
2056785
2052393
1958865
1410860
1567500
1971765
1588939
1344079
1142966
1499630
1539835
2108697
1459843
1160016
1611841
1791515
1167155
1821754
1570745
1748681
1058486
1850816
1339602
1023539
1415084
1169916
1862685
1705055
1874433
1446588
1614404
1928337
2088153
1906557
1787951
1058805
1421948
1686289
1467906
2015061
2105685
2031693
1549438
1631311
1373614
1525051
1473912
1236246
1110318
1134760
1946289
1868013
1111165
1870245
1491743
1521014
1167298
1274284
1496396
1250315
1152811
1531189
1628099
1422377
1064547
1242747
1868937
2077353
1374923
2080677
1130932
1254715
1721544
1697300
1050082
2130537
1648075
1493503
1599708
1154736
1576938
1706584
1945401
1556929
1478136
1235432
2121597
1044593
1156815
1352626
1808400
2040501
1620135
2064213
1429978
1979613
1307702
1554432
1635909
1794144
1657876
1838056
1637856
1764950
1646744
1950993
1467158
1882149
1610070
1388365
1284789
1407472
1498211
1379543
1936617
1826638
1956969
1746393
1619607
1711083
1647129
1879113
1016961
1734084
1034781
1690997
1867677
1198549
1131944
1422344
1993137
2033577
1240943
1844909
1349843
2087373
1977129
2117937
1855249
1821930
1560658
1109350
1689655
1494130
1926717
1384779
2068713
1135629
1142295
1712854
1906269
1592514
1515745
1631212
1876209
1689974
1036398
1463847
1048773
1876041
1213212
1383778
1734106
1845668
1909953
1206436
1521003
1528307
1658899
1976673
2039949
1540968
1642234
1167342
2130165
1566279
1535039
2054445
1882641
1983141
1220307
1941093
2074377
1818223
1242439
1016290
1184040
1705869
2000373
1374505
1293050
1148587
1332749
2071281
1830598
1507473
1770736
1344508
1219724
1383943
1567676
2053425
1401499
1516878
1053789
1695716
1197724
1157585
1834987
2026929
1044505
1927401
1752344
1840531
1661561
2003577
1949157
1621059
1974441
1363593
1092641
1153647
1644742
1944441
1338843
1405690
1598047
2121705
1758834
1488630
1387144
1667160
1380896
1094984
1018622
1551099
2080077
2125377
1880013
1085568
1110901
1267354
1534621
1623171
1187956
1068199
1444322
1315083
1984689
1544301
1537525
1835075
2071905
1101727
1746580
1330989
1214257
1219427
2083797
1613931
1137433
1562649
1840498
1859000
1557105
2055117
1439482
1594109
1482448
1880013
2091753
1713426
1214125
1576047
1542728
1916769
1954017
1732555
1786004
1458248
2101065
1962261
1338381
2012709
1832666
1616901
1335818
1367718
1194996
1624370
1093719
1076405
1167837
1097910
1671307
2087493
1282677
2127969
2035845
1042844
1558315
2094117
1149313
1335510
1406812
1471371
1091882
1158212
1455168
1736020
1424379
2054865
1875969
1453034
1238182
1072247
1850255
1470348
1044054
2077185
1530551
1318394
1584913
1424203
1642652
1432310
1410882
1357037
1496759
1234200
1866669
1475749
1538889
1210616
1732027
1891509
1174657
1349700
1883673
1237082
1869225
1341450
1078484
1771033
1554971
1938261
1762387
1996785
1501522
2076657
2048865
1816199
1172039
1062039
1573528
1037146
1986465
1598113
1179475
1372503
1040930
1234552
1423785
1888533
1462142
1012088
1981953
1834635
1125487
1237027
1288375
1352615
1539516
1531739
2097645
1321188
1445290
1486430
1950813
1750265
1511818
2102409
1283722
1665576
1461438
1018567
1799281
1808752
1460580
1947465
1367025
1090881
1147916
1247785
1209164
1259698
1207668
1993761
1535182
1286549
1477927
1461273
1455971
1279443
1509915
1125938
2111265
1235960
1257289
1977837
2073357
2085285
1111517
1678116
1553618
1412763
1586420
1189826
1849463
1587267
1396362
1227853
1655720
1246333
1496418
1571229
1433993
1495032
1935681
1749165
1886637
1341780
1246806
1033318
1525348
1705143
1670680
1140480
2132385
1039423
1397704
1375352
1554850
2079165
1455267
1077219
2046645
1762486
1166319
1638219
1704978
1799897
1685409
2118189
1495197
1123430
1424379
1193797
1186702
1027147
1525128
1053503
1328140
1445840
1624733
1680250
1624920
1384537
1757712
1648262
1175416
2099973
1530650
2000193
2004969
1231725
1186845
1423191
1946313
1084743
1322453
1607804
1266210
2085525
1890681
1658668
2012049
1358181
1958493
1842720
1177319
1818113
1408814
1107876
1491468
1783595
1301586
1788809
1031338
1900197
1462263
2036253
1900305
2012865
1262272
1068870
1771869
1529638
1396054
1563155
1062534
1926189
1744259
1183743
1423840
1496627
1977381
1123694
1312751
1430946
1043768
2035137
1049543
1635579
1777523
1082356
1915089
1688071
1916841
1682252
1275417
1110098
1614580
1857790
1458281
1827540
1763289
1920501
1017819
1491083
1239755
1814670
1341054
1056671
1624106
1796289
1257498
1192389
1023121
2059905
1026245
2049009
1391115
1666005
2120865
2126385
1301465
1854787
1757393
2097921
1608728
1042998
1773728
1411597
1031470
1912149
1698818
1047222
1029622
1682175
1732280
1343716
1524380
1596639
1095897
1303313
1703581
1117908
1612380
1367630
2022969
1613656
1339646
1073919
1160522
1772122
1557358
2078469
1243242
1629342
1587509
1917045
1833348
1270335
1297010
1043086
1401598
1659020
1508551
1504800
1274372
1569073
1451890
1627010
2008461
1493074
1690238
1767161
1097261
2124549
1151370
1062061
1904985
1225664
1477399
1525777
1081465
1794848
1483933
1058827
1171654
1668854
1445598
1284635
1832039
1168156
1660934
1374362
1799270
1923165
1058552
1989609
1184315
1280191
2014353
1914285
2010309
1382040
1847769
1477311
1279861
1695309
1230031
1330692
1189155
1624381
1722809
1536392
1014288
1312520
1342374
1503546
1902585
1528901
1412510
1264714
1961769
1356278
1592349
2030493
1464441
1207932
1154527
1387694
1868589
1117094
1866573
1300420
1033329
1380489
1473296
1597596
1734931
1651980
1126906
1532696
1691305
1678127
1896501
1865685
1812833
1907997
1427998
1468390
1121285
1652178
2026677
1360293
1231241
2043117
1069948
1663343
2111385
1576201
1430726
1445543
1879341
2041677
1755842
1682890
1633192
1129535
1062710
2012565
2109609
1903617
1079474
1253065
1424885
1754093
1743632
1618672
2128509
1888389
1237049
1144693
1332738
1805606
1319406
2011077
1094863
1308010
1291994
1512632
1418769
1029908
2056473
1292137
1210561
1267552
1957881
1231109
1030502
1587905
1216567
1184172
1185305
1536051
1753499
1454772
1815132
1852851
2115249
1707750
1208570
1716946
1042789
2032185
1170466
1885785
1172600
1124563
2043117
1876917
1859803
1878885
1037619
1920165
1696189
1396637
1742070
2042145
1313081
1245475
2066001
1070850
1309143
2076585
1119778
1845547
1256288
2071377
1306162
1512016
1962789
1024023
1530331
1089121
1093873
1354496
1440659
1573803
1886613
1179002
1349689
1337842
1241185
1932993
1715307
1820907
2044617
1976889
1395658
1922337
1569117
1444740
1272249
1970025
1504393
2044005
1395988
1821633
2019177
1256618
1201387
1756931
1204929
1279927
1901385
2048205
1880949
1490324
1568776
1921905
1136267
1618078
1666005
1983825
1015949
1277463
1841873
1542035
1900029
1962069
1547491
2055645
1521058
1245211
1329988
1243110
1414281
1707948
1896621
1341120
1181246
1919853
1551165
1726197
1236048
2030673
1017181
1431034
1251921
1013232
1870893
1012231
1348545
1787467
1399222
1847780
1318900
1144231
1137059
1719740
1635634
2115417
1101540
1071961
1590578
1263372
1049840
1680800
1680613
1341098
1322112
1941369
2083905
1824746
1362317
1765170
1734128
1875501
1809038
1365485
1882977
1618958
1424038
1165659
1372844
1559096
1257839
1284371
1967061
1611544
1180707
1878393
1682043
1350195
1303445
1885581
1130547
1064338
2068005
1625338
1435665
2030037
1530485
1359677
1678578
1772551
1574936
1984809
1195942
1627131
1035331
1178782
1820324
2125533
1074689
1092113
1342737
2075325
1954857
1560130
1426128
1739320
1526679
1082488
1374736
1622731
2042025
1712304
1555862
1501038
1104235
2056713
1210803
1508419
1211463
1868445
1949673
1875237
1146222
1068463
2026497
1318493
1450823
1225081
1574210
1652288
1410288
1603602
1419044
1494570
1980729
2044053
1165175
1545280
1106006
1238732
1297054
2120049
1222100
1102365
1277914
1574309
1201123
1729057
1733402
1134441
1659702
1870389
1842907
1696233
1537305
1177396
1633918
1577543
1175636
1583615
1369885
1738088
1088362
1141250
2094621
1185371
1805947
1956285
1872849
1281676
1811194
2099829
1504349
1432046
2071581
1015674
1373328
1207173
1770956
1373515
1289508
1086140
1895229
1708311
1787060
1762618
1273426
1356597
1789656
1930245
1828288
1179189
1671274
1113211
1886757
1932645
1406999
1159224
1944057
1678567
1265473
1044263
1717342
1782792
1944753
1869249
1403149
1477212
1470447
1625877
1709543
1179651
1033395
1889841
1886217
2092185
1838441
1475980
1445367
1676862
1791427
1320484
1144429
1608134
1245508
1420144
1767810
1317294
1759087
2119269
1503700
1852675
1449965
1939689
1973217
2037825
1078627
1443299
1516229
1108514
1237412
1213905
1258906
1095072
1050489
1384680
1483559
1181136
1776687
1164361
1493855
1259522
1488740
1654763
2106765
1366541
1695309
2046117
1599147
1948041
1281610
2061669
1568226
1471525
2132157
1469281
2089617
1682692
1712942
1490115
1655335
1917825
2074305
1229349
1677115
2091465
1958445
1072170
1774630
1514744
1532487
1354936
1746448
1389828
1715307
1112364
1963041
1123914
2005701
1055307
1780174
1322442
1049719
1721225
1485033
1377706
1866465
1614404
1248577
1996917
1400531
1878273
2052297
2114313
1935981
1492458
1338821
1785399
2084025
1821776
2027745
1541551
1168618
1468687
1954977
1602733
1886517
1512368
1121725
1837748
1067066
1121362
1855953
1751167
2115945
1552430
1248621
1752685
1855480
1684243
1328382
2034333
1739760
1180377
2124813
1429461
1228601
1365903
1362911
1116764
1459546
1492161
1779272
1191685
1689743
1782660
1559767
1658789
1621444
2061837
1058002
1143703
1341923
1646711
1302510
1512841
1161204
1496682
1141382
2052273
1824977
1459161
1993593
2096733
1983093
1409969
1759076
1310771
1774806
1135167
1556962
1824669
1219922
1026685
1475166
1595836
2096925
1701865
1713613
1592833
1587366
1082499
1898025
2120061
1292357
1996689
1931901
1192268
1228513
1310474
1574188
1801811
1729827
1650748
1578742
1282952
1527845
1283711
2048157
1894389
1794815
1737109
1808994
1529154
1316260
2091057
1902117
1459887
1376166
1429626
2039961
2078385
1448722
2070381
1669987
1542002
1705660
1260677
1311574
1226225
1591733
1827848
1479533
1765643
1508331
1314698
1588213
1206337
1393502
1284723
2111193
1958901
2100525
1475562
1394162
1329746
1787951
1839409
1202102
1994961
1978113
1330549
1551044
1971189
1023693
1913745
1960545
1471602
1583197
1535050
2012265
1937277
1804660
1433421
1466718
1488806
1120097
1146596
1466124
1070575
1042426
1609762
2091261
1645875
1107590
1351724
1969497
1685156
1994169
1035529
1618408
1716792
1210088
1295481
1317239
2081877
1677544
1249523
1117644
1870389
1977129
1109119
1531563
1369830
1362064
1886925
1732544
1278706
1450526
2086749
1706408
1633291
1418582
1296900
1853863
1822062
1062094
2067297
1380962
1171071
1614173
1043207
1230559
1327007
1070641
1037960
1893933
1471800
1655786
1681317
1152932
1278728
1621818
1069442
1811062
1088681
1883781
2111133
1197449
1295228
1280928
2117745
2007777
2077557
1933869
1041359
1384097
1566532
1387001
2059593
1815616
1688621
1341032
1910181
1316667
1196701
1880685
1158828
1380214
1089253
1408495
1477773
1251305
1753125
1067198
1281951
1224355
1410211
1354760
1203664
2027325
2072733
1501148
1694957
1635084
1806035
1652255
1143736
1442089
2003433
1949445
1264384
2000253
1859110
1741190
1968261
1923897
1803428
1297780
1255837
1413038
1384526
1666819
1127313
1154230
1255991
1935369
1484637
1820335
1488047
1524116
1223101
2000577
1904073
1836967
1548547
1342726
1172831
1477861
1181114
1444773
1510377
1576828
1519309
1898241
1830675
1254935
1407175
1849078
1279828
2042673
1695804
2027013
2080569
1600489
1597057
1934301
1510685
1525513
1457357
1532014
1587465
1966305
1969701
1378839
1996401
1961817
1160632
1237412
1849474
1835493
1467433
1283150
1212079
1607331
1501984
1315094
1635458
2079465
1344618
2064153
1027587
1706320
1200078
1653542
1022901
1122594
1058112
1193808
1229272
1239260
1651705
2003097
1508133
1740200
1761903
1990149
1502908
1168112
1282809
1041931
1487387
2114553
1159532
1152492
1695936
1053074
1838551
1628253
1979793
1428647
1621521
1195810
1988121
1863993
1142482
1111198
1891905
1288793
1494757
1656534
1331990
2127477
1376672
1857152
2129061
1879077
2088069
2027697
1163800
1219581
1919289
2063409
1077087
1195568
1360480
1410618
1190222
1883157
1717826
1167518
1598674
1112848
1843292
1209747
1055340
1136146
1548822
1446445
1393161
1238996
1718453
1316172
2048673
1236114
1814780
1646887
1244232
1277980
1073501
1028225
1901529
2090589
1956933
1257938
1504558
1870185
1520706
1469886
1171610
1226566
1343661
1691272
1158234
1435335
1902333
1274394
1298572
1806156
1462318
1183732
1470216
1740420
1984485
1874445
1696024
2042553
1197834
1693516
1281060
1217975
1772617
1268300
2050245
1278255
1614162
1974669
1557567
1402489
1379917
1967229
1372448
1428229
1248577
1482536
2109081
1349326
1601677
1422828
1314687
1889445
1732335
2098821
1158498
1265781
1207393
1627945
2132289
1793022
2001345
2076405
1747251
1764543
1515822
1788325
1853577
1209142
1258235
1457808
1826451
1417856
1896801
1240690
2022549
1736031
1767425
1879857
2038473
1807949
1286736
1910901
1534962
1523687
1401961
1592294
1312531
1616879
1359281
2003901
1729915
1825846
1866609
1051534
1669184
1232363
1416041
1700501
1790074
1857801
2118081
1144990
1227820
2132733
1451560
1345047
1159433
2080221
2123733
2121465
2132217
1978713
1250216
1423422
1747207
1941297
2124969
1966797
1017709
1919337
1412389
1178595
1209780
1947561
1923273
1812767
1901241
1836527
2067357
2043189
1125443
1428427
1626042
1169267
1459414
1776907
1902489
1984185
1290531
1439636
1517120
2116665
1043493
1053800
1071719
1160874
1643345
1573440
1868301
1620729
1769185
1726472
1672187
1874037
2097561
1549988
1070608
1126587
1113310
1644247
1372085
1535743
2048181
1108118
1757635
2129253
1288584
1233925
1635634
1807839
1944933
1663915
1311915
1742917
1589401
1790239
1252878
1304809
1104631
1926093
1752696
1831258
1639869
1032548
1226423
1723381
1302004
1396318
1331165
1367223
1693604
1063117
1302565
1612369
1193951
1466993
1061159
1164702
1439680
1803714
1280994
1389872
1354562
2023173
1121483
1575904
1347038
1542233
1721159
1319747
1855524
1108030
1485088
2100573
1960557
1077505
1944369
1017346
1663464
1452869
1690216
2031693
1745975
1850387
1477938
1182951
1486925
2129373
1751607
1057837
1838309
1090045
1124992
1459447
1140656
1194677
1423510
1277287
1704450
1553662
1683847
1700039
1890033
1616846
1866189
1212838
2096433
1555488
1920297
1169322
1486826
1201816
1778117
1603712
1108481
1058002
1850519
1836219
1893213
1638252
1588180
1429351
1511664
1011538
2113005
1718266
1855425
1329570
1963833
1801514
1441352
1232594
1105973
1672759
1189056
1205545
1263724
1402060
1360898
2046705
1466971
1623457
1378619
1643994
1539054
1288166
1867221
1424027
1082180
1697311
2051721
1463517
1379422
1630915
1701381
1433003
1819301
2021025
2036961
1971513
1064525
1509332
1495813
1785443
2126733
1961793
1206337
1457148
1181554
1287891
2090085
1432827
1720488
1195711
1694836
1695100
1244518
2012889
1060840
1259258
1437018
1445180
1963353
1591282
1812305
1609476
1374989
1909701
1705990
1738143
1766952
1139974
2054397
1619563
1619398
2054865
1659933
1833832
1018721
1730916
1141437
1885293
1857053
1679293
1986465
1576454
1750012
1621554
1486199
1136905
1160401
1882245
1211375
1717617
1498926
1886529
1331242
1187582
1205974
1802317
1449338
1491787
1204676
2040429
1118744
1070652
1525667
1207954
1196789
1158927
1094159
1316788
1632257
1802405
1523346
1071565
1644852
1016620
1548690
1699060
1224179
1325511
1456994
1831302
2127957
1243154
1524611
1792571
1738968
1751453
1926801
1834041
1196899
1667468
1625063
1528065
2075253
1638626
1220395
1702569
1315787
1863189
1171984
1596606
1997421
1556269
1669536
1949781
1191531
1567280
2066049
1496187
1120636
1137114
1079254
1402236
1059399
1406449
1503546
1513567
1317646
1496110
2046597
1454959
2087745
1697883
2021289
1100451
1665202
1692779
1402566
1423763
1315743
1967877
1179893
1099516
1573066
1268168
2073429
1294590
1850871
1461625
1670295
2007177
1902165
1811898
1556434
2024433
1394602
1652189
1592943
2077533
1269279
1863681
1811876
1801910
1389091
1686784
1691690
1966941
1670196
1715538
1616329
1484131
1812547
1416195
1937613
1765808
1825923
1124343
1404535
1724778
2046957
1509530
1844238
1279366
1325830
2025285
1811634
1104103
1952277
1438514
1699236
1340790
1363813
1992741
1154868
1450009
1101958
1562165
1298902
1056308
1565113
1258378
1441066
1019579
1050511
1602799
1050544
1257949
1544169
2009577
1737912
1180751
1280312
1181609
1190992
1553178
1126873
1240888
1913853
1070542
1690128
1307262
1563210
1428328
2088849
1399332
1236268
1979865
1663937
1414105
1463132
1747911
1456730
2111781
1742301
1422586
1019194
1364759
1790151
1871625
1332639
1678160
1445356
1313576
1068155
1551869
1324125
2120061
1076845
1998465
1945473
1824559
2080329
1907985
1360612
1945149
1545599
1786532
1894365
2046549
1590039
1502083
1624634
1314368
1027631
1150325
1839783
1371634
1074205
1351064
1667512
1194105
1717111
2053941
1985025
1802636
1014816
1953417
1829432
2128845
1698906
1110175
1818388
1990161
1668535
1873101
1306646
2117685
1205501
1896465
1224696
1237918
1575013
1057078
1995321
1207470
1572219
2018073
1576322
1608552
1919205
1661473
1519078
1855612
1891485
1790030
1756194
1977777
1948617
1412543
1543773
1958301
1997793
2125617
1239447
2076837
1028555
1507726
1703713
1850409
2084757
1837319
1542849
1982517
1409111
1143373
1709059
1226027
1415095
2108061
1105852
1056770
1674321
1768041
1737252
1285295
2051385
1424049
1303665
1394129
1117633
1203290
1274174
1352164
1575486
1398320
1548591
1812613
1569832
1052337
1051974
1379345
1514194
1095127
1973289
1280598
2068737
1746140
1703515
2011677
1531596
1070993
1379576
1146893
1230988
2070417
1786697
1966701
1287033
1166704
1093235
1334289
1663827
1445356
1293501
1459062
1987377
1760781
1425292
1985205
1581129
1291444
1303137
1535248
1038928
1855711
1334938
1199517
1094346
2127333
1991049
1185591
1438690
1932309
2056365
1142075
1293468
1090012
1981509
1775686
1950981
1383184
1536502
1883181
1668953
1705935
1839090
2041593
1275131
2009181
1323421
2094621
1388299
1109427
1712920
1886925
1642707
1394459
1943673
1321782
2075049
1294414
1402357
1929009
1211914
1192279
1405404
2072589
1619992
1201464
1938261
1725097
1874949
1494944
1258422
1827265
2009877
1776874
1932933
1011912
1857636
1322431
2039445
1967865
1068738
1786532
1285064
1515657
1402874
1219977
1397407
1779283
1454750
1153801
2061189
1153614
1746151
1947765
1586431
1369522
1046232
2115345
1526877
1423147
1083874
1737901
1273514
1156463
1691976
1671131
1822172
1027587
1525865
1221737
1533939
1592822
1689688
1526371
1509376
1884513
1645875
1862385
1445565
1937109
1904913
1802658
1236499
1271303
1930881
1085975
2015145
1790448
1895025
1425974
1046980
1613491
1041711
1321947
1064987
1729926
1424115
2041257
1687631
1277463
1347214
1202817
1513875
1377695
1923309
2015349
1742015
1383019
1181037
1831786
1392182
1228304
1415227
2086017
2092929
1482866
1450713
2014365
1480424
1197922
1147685
1600181
1917753
1023946
1526503
1356839
1726065
1057430
1718530
1371513
1329328
1272876
1577224
2045229
1303632
2093169
1546193
1847626
1865889
2131917
1604218
1512962
1520002
1145738
1770945
1348413
1914969
1108118
1261535
2037705
2045049
1992093
1767601
1021471
1643961
1932957
1074711
1062710
1049598
1011582
1076669
2061297
1886493
1791504
1573924
1062908
1472768
1924929
1260930
1977801
1596815
1576476
1353495
1812228
1754423
1013265
1947693
1338106
2108793
1387078
1603052
1832600
2081061
1626614
1668183
2060757
2012361
2062005
1466883
1349557
1438844
1732698
1452847
1674651
1458512
1845745
2031633
1320209
1160434
2062773
1764345
2084193
1527284
1853522
1218822
1241031
1905861
1792285
1034077
1262338
2019981
2083845
1244210
1834745
1809764
1691888
1398276
1234937
1783683
2098569
1548448
1049389
1056154
2013201
1809214
1735448
2082897
1432508
1337292
1051204
1509343
2060985
2059305
1551583
1562176
1246498
1955025
1937853
1919913
1077175
1831379
1733864
1916793
1994349
1372525
1623435
1802999
1904841
1700380
1958853
1487915
1611951
1994625
2125005
1081102
1848572
1811139
1985349
1990185
1151249
1519958
1242527
1484824
1789458
1620982
1399739
1140546
1527163
2050029
1707761
1789073
1539373
1439350
1734612
1193137
1361426
1326358
1352769
1266056
1536854
1126719
1985385
1080354
1216578
1642366
1362317
1218888
1407791
1487475
1089385
1426513
1438360
1881621
1332177
1577697
1220241
1991409
1527988
1274416
1607892
1181928
1462549
1650495
1952733
1786147
1900245
1283095
2070681
1260182
1468852
1224454
1955553
1526195
1725812
1769779
1389069
1076163
2030913
1600599
1862301
1280004
1351581
1279641
1694495
1796201
1446423
1039599
1270555
1905381
1424434
1768129
1317316
1935597
1809753
1534115
1245893
1860717
1528527
1413786
1045913
1172325
1732566
2038065
1057342
1472713
1565124
1211342
1091299
1560603
1412026
1681438
1700842
1914297
1331913
2023797
2103573
1919493
1561604
1111781
1525348
1484505
2111853
1316392
1362196
1459161
1256376
1912197
1096920
1484164
1854611
1824064
1064569
1646414
2086209
1251701
1346532
1604526
1155638
1055340
1869489
1579094
1878609
1030799
1321947
1672198
2031537
1427514
1780812
1689677
1948653
1398980
1446225
1530078
1189243
1040919
1986825
1333288
1279916
1128457
2025969
1932957
1655566
2067045
1580216
1820566
1903809
2010297
1276759
1093070
1453221
1344959
1350580
1310859
1159488
1122594
1997841
1691129
1804264
2107305
1709147
1201662
1735217
1598663
2053737
1410453
1286274
1285163
1241988
2109813
1138181
2073597
1310606
1440637
1719729
1348072
1347676
1754489
1739342
1495087
1702228
1934289
2080389
1756293
1063986
1755171
1154417
1501082
1192664
1219196
2056737
1961181
1242164
1421871
2022741
1888533
1404062
1588587
1732269
1218096
2116233
1440923
1278343
1679887
1342693
1903209
1423554
1578434
1153944
1075393
1707024
1391907
2080257
1392864
1591678
1812470
1314698
1805232
1777215
1632961
1107128
1575783
1491897
1853643
1986417
1576201
1183897
1352571
2032077
1304413
1191784
1501676
1436347
1476145
1546248
1416129
1908165
2081205
1377629
2086833
1505218
1597794
1691371
1513721
1933365
1957881
1734238
1330593
1077758
1655533
1638582
2013477
1791735
1195810
1559206
1187065
1784508
1792813
2099145
2034069
2107833
1832017
1109493
1333497
1716737
1389531
1687774
2034657
1908009
1413742
1549779
1239084
2118789
2029521
2072205
1036959
2050833
1371502
1061049
1013760
1219713
1112353
1097833
1535842
1299859
1945605
1604625
1028995
1164900
1036387
1829432
1767953
1546996
1428625
1545830
1260699
1831808
1417251
1918677
1443310
1130184
1835625
2080509
1468918
1378234
1514392
1235828
2053641
1112980
1230185
1941573
1138775
2083101
1590875
1356498
2133009
1668502
2052585
1317338
1983621
1402038
1286703
1840795
1351273
1635007
1883649
1817365
1187318
1011450
2068161
1270335
1190398
1021339
1558898
1110582
2047461
1073699
1168464
1492260
1306459
1669976
1587311
2008293
1891917
1565289
1262140
1480732
1143461
1495142
1941909
1370215
1986513
2123205
1447732
1555631
1853654
1926153
1931325
1671098
1821160
1721984
1436336
1416943
2091801
1686872
1693714
1888173
1626614
1506120
1210143
1629606
1038510
1532938
1857185
1696244
1749836
2118657
1132967
1626449
1658525
1805265
1677687
2133033
1937517
1771979
1644181
1855260
1168904
2069829
1078066
1703240
1139732
1816210
2004249
1750441
1677610
1380478
1945557
1383602
1577609
1198164
1437403
2045049
1042690
1242725
1474451
1649835
1224058
1581393
1167749
1491336
1088637
1203785
1071092
1583164
1195348
1973481
2091933
1792208
1395548
1350767
2025705
1635843
1567137
2027661
1464617
1503084
1905585
1213366
2033313
1610983
1057540
1107436
1308461
1187186
1328261
1651001
1930941
1483933
1202817
1715461
1729596
1049466
1789029
1208999
1845019
1226841
2106189
2015601
1053789
1796707
1407626
1358082
1857119
1986165
2115897
1167804
1196767
1206689
1021427
1415700
1531112
1956069
1457060
1199550
1423917
2109177
1151810
1613623
2014341
1227259
1515723
1226104
1518440
1508254
1417933
2014749
2107857
1713745
1239007
1609850
1289497
1864173
1137015
1904073
1668447
1521366
1329878
1740453
1496968
1931841
1075195
1128435
2037777
1338843
1164614
1428504
1285713
1015575
1599675
1074392
1511829
1544136
1588367
1941537
1845580
1083962
1523379
1509629
1452308
2050749
1940865
1527735
2081169
1803021
1269202
2042469
1897737
1118832
2017797
1095270
1246377
1213113
2077257
1924701
2016801
2054385
1653113
1149060
1176703
1239205
1317107
1114982
1131295
1348732
1260787
1714889
1739320
1802559
1711215
1745920
1887621
1839233
1669789
1342363
2015121
1947729
2133309
1171346
1463957
1557270
1845371
1746470
1725526
1268938
1603712
1904001
2064177
1063667
1991925
1499927
1248203
1424962
1479599
2126097
1189078
1751695
1997229
1459381
1873353
1707948
1788545
1585166
1940973
1580568
1805265
1676840
1710764
1778491
1098196
1547733
1339635
1810633
1735789
1471096
1553552
1241889
1541727
1937301
1695870
1259577
1645578
1139039
1992873
1312630
1951581
1850090
1916937
1930845
1327876
1446709
1827551
1846273
1521960
2088861
1030557
1227710
1438481
2100849
1905729
1721082
1631168
1645842
2074329
1939005
1159312
1477674
1929069
1749407
1185404
1063667
2116677
1457907
1875453
1508584
1722490
1853940
2027121
1765093
1758614
2101773
1686850
1849045
1088395
1308659
1693846
1012088
1213289
1416921
2113797
1697685
1904517
1159928
1408935
1199143
1139380
1531299
1575882
1563298
1808950
1119074
1037520
1858890
1482250
2099001
1218800
1056407
2015721
1997793
1462472
1992081
1461152
1196877
2059653
1973901
1670141
1682560
1615229
1775125
2111541
1763949
1455443
1231758
1867785
1956405
1535941
1250370
1625173
1334784
1314907
1226610
1772089
1628077
2057337
1048795
1163448
2078913
1086008
1184095
1435731
1023165
1171643
1140931
1043130
1085326
1765522
1754434
1657854
2094825
1686487
1303907
1747240
1215302
1696805
2016561
1267211
1534445
1546820
1023198
1908285
1536799
1736812
1408242
1362812
1431793
1642278
1988793
1114762
1209087
1066967
1832578
1509332
1436820
2080209
1029314
1678743
1110153
1815198
1997085
1996461
1322849
1636239
1478510
2003181
1569546
1578434
1729431
1892985
2011473
1023088
1355167
1216963
1978989
1866021
1557611
2063445
1851520
1904853
1440219
1131614
1878261
1217733
1280059
1560647
1487717
1718387
1209692
2050605
1595055
1250271
1833216
2126109
1095600
1313686
2027289
1101056
2082729
1593592
1778656
1567544
2090541
1764829
1559085
1268454
1313147
2084817
1929417
1873053
2059329
1284305
1303731
1586552
1883397
1932309
1119690
1190695
1358115
1105698
1825978
1988649
1495857
1231120
2005113
1267926
1906449
1836241
1114861
1425402
1238017
1622423
1499894
1771891
1089220
1305139
1597057
1964061
1403138
2134125
2040117
1472691
1475089
1409001
1844766
1121329
1339855
2009061
1239766
1442441
1065592
1231219
1169872
1297494
1292984
1788270
1258103
1694143
1325775
1688324
1214972
1334465
1686454
1403743
1179750
1939041
1705264
1812789
1918977
1994769
1156221
1151898
1351900
1973901
1430022
1736218
1346587
1648669
1129887
1653410
1071246
1209175
1644093
1884813
1299177
1593944
1925505
1327920
1459821
1938033
1290036
1348457
1832677
2080773
2113941
1443332
1128611
1608992
2063877
1235344
1438569
2112657
1022615
1598982
1122649
1761089
2081349
1039984
1363032
1746701
1202157
1165175
1799116
1621268
1681702
1337941
1490907
1394789
1961673
2004585
1786653
2128857
1318174
1179332
1687774
1961505
1407703
1223321
1992477
1935417
2070537
2093121
1827012
1871265
1115191
1453188
1494416
1188462
2115165
2069649
1891209
1340955
1636360
2051277
1736075
1752036
1460195
1788303
1765357
2040705
1619046
1236004
1155770
2069289
1519276
1186218
1747988
1331066
1878045
1790547
1737725
1337897
1401367
1211210
1856745
1180465
1431177
2010825
2001177
1367630
1699170
1652134
1786433
1245563
1462362
1048410
1053261
2062485
1985529
1220637
1956297
1347797
1543839
1237445
1900329
1250832
1635689
2117277
1353132
2113929
1627043
1764895
1688126
1586486
1205248
1075283
1748274
1047343
1965129
1222881
1604196
1374142
1628242
1910937
1994817
1927713
2020593
1012858
1542706
1479005
1552936
1104576
1792120
1843325
1874961
1853621
1141668
1311453
1530650
1392017
1715417
1015102
1725053
1071719
1519584
1338931
1984113
1896789
1252955
1222254
1751101
1447578
1559393
1907421
1576861
1715472
1754555
1934673
1689193
1696178
1888389
1395790
2008269
1389762
1316766
1642971
1627120
1532366
1695452
1795882
1172094
1295426
1317250
1738737
1034297
1589049
1205974
1338238
1579853
1292082
1238248
1349403
1823580
2029893
1366805
1659053
1731202
1108591
1616241
2038185
1950009
1529308
1980465
1024034
2075505
1843930
2133045
2007297
1095314
1785586
2014581
1426216
2085957
1480820
1982121
1108349
1232814
1125619
1775543
1223431
1211826
1559338
1539813
1601633
1089671
1579028
1727396
2076993
1083357
1034990
1876281
1153185
1012594
1746591
1411080
1108844
1260094
1178463
1634765
1053690
2005797
1301069
1498222
2032653
1488399
1807773
2013609
1742620
1192708
1745843
1967289
1233848
2057841
2043537
1954953
1756832
1997817
1037124
1506329
1373669
1813207
2128113
1446621
1507847
1891173
1589544
1503062
1888881
2070645
1574012
2038161
2088453
1247884
1428108
1796465
1746932
1205798
2050893
1305931
1596980
2106321
1545632
1363032
1597266
1529011
1215566
1288507
1260897
1839717
1404722
1813548
1513941
1118766
1155913
2071329
1704472
1991829
1415370
1745205
1973013
1460382
1038873
1416294
1426920
1217700
1110120
1720928
1037993
1710093
1504118
1455982
1869921
1610158
1810919
1438360
1579930
1862769
1558139
1680646
2085345
1030271
1443772
1799292
1235619
1882857
2072025
1359138
1893165
1059927
2106837
1072071
1530903
1266386
1653564
1910469
1486870
2026125
1600291
1308098
1151359
1182797
2055297
1666544
1515811
1646282
1243209
1850277
1703878
1674475
1836131
1695045
1629980
1868733
1026520
1282743
1187604
1272271
1638142
1894989
1482756
1740277
1888653
1782319
1766402
1522334
1385494
1026509
1935213
1778139
1600874
1126939
2016129
1774927
1321419
2127321
1121626
1643158
1660362
1910121
1359633
1136388
1162425
1287264
1053800
1510553
1921641
1052436
1894401
1535644
2038905
1320308
1467257
1642377
1245772
2093817
1503777
1247345
1815726
1089583
1896549
1228645
1507715
1795486
1642113
1118502
1847725
1393711
1837132
1553761
1999725
1556665
1128325
1523643
1983117
1925865
1615636
1710181
1588202
1760506
1115510
2026689
1564684
1942773
1207679
1047354
1509068
1834360
2020581
2039253
1204533
1090034
1724404
1901145
1347214
1147190
1147652
2067513
1676191
2075193
2016177
1488454
1685981
1689820
1487882
1853973
1143318
1883889
1846625
1800051
1017500
2014149
1160797
1309462
1749803
1014255
1255958
2003877
2018625
1670746
2061093
1877769
2134257
1374582
1140139
1198131
1492480
1208383
1062831
1111759
1894449
1931553
2066217
1711402
1273635
1032020
1337710
1340262
1087724
1238215
1618793
1229459
2060397
1089198
1960137
1882713
2014017
2094597
1202718
2023461
1999413
1119800
1351955
1270203
1548481
1847659
1868757
1059685
1404986
2021013
1047860
1608431
1410288
1190915
1657744
1564442
1164174
1999869
1477223
1824273
1013045
1795189
2012421
1425446
1438272
2017809
1650000
1876197
1909209
1752795
1437689
1674959
2127693
1226786
1173799
1747680
1351262
1616945
1026069
1268696
1294458
1427151
1950129
1454046
1345454
1726659
1434609
2011089
1112782
1271215
1320682
1692427
1832501
1346818
2089725
1668326
1104851
1086294
1312674
1968741
1874349
1408132
1458061
1106039
1501907
1538966
1766919
1725460
1467455
1584264
2009529
1847824
2004021
1130624
1902489
1880157
1847626
1524347
1854963
1678864
1356124
1429868
1903977
2121357
1637119
1850728
1090826
1924233
1650506
1210385
1418219
1612193
1047222
1968969
1085876
1158443
1463198
1355068
1647921
1205061
2035293
1707882
1948509
1838166
1566026
2010333
1125553
1917693
1911561
2009625
1146354
1977153
1301278
1206491
1653179
1234244
1977261
1543289
1770670
1520541
1896969
1464639
1569238
1517109
2045685
1364660
1611830
1363142
1668271
1672649
1665532
1554751
2006829
2010969
1011450
1013430
2081301
1665026
1533686
1771748
1137334
1378520
2025381
1258664
2101857
1766182
1524336
1880865
1326028
1015278
1084182
1662562
1437755
2064945
1747977
1384185
1109064
1674904
1700787
1199176
1797532
1792450
1124937
1152998
1200793
1184227
1665961
1504360
1780042
1968633
1536271
1822315
1043515
2129097
1355981
2002233
1564167
1097404
1850992
1289332
1018732
1172270
1907061
2066349
1955817
1190079
1513688
2107809
1382689
1598520
1553486
1327832
1652816
1463803
1768206
1020503
1359193
1759813
1064789
1822359
1213553
1567291
1827474
1498145
2041785
1072357
1888773
1795607
1404293
1363065
1349645
1073710
1799149
1168486
1458424
1814120
1604416
1914729
1330263
1048971
2061081
1727572
1943109
1665477
1550549
1390741
1525128
1536590
1880073
1385736
1218129
1143626
1066109
1537173
1857075
1413324
1450163
1375242
2121009
1056561
1576883
1685244
2062917
1035441
2038185
1980729
2036373
1712128
1440681
1665554
1580249
1017137
1606275
1309946
1521520
1361404
1278519
1425523
1216468
1195040
1599906
1539164
1028555
1061071
1058101
1645512
1043361
1881429
1791174
1877973
1973589
1065075
1910097
1021889
1507198
1011934
1909905
1620476
1688115
1276099
1805760
1410959
2122557
2088909
1722974
1247785
1781087
1335895
1058200
1553002
1776753
1081113
1256409
1911345
1750243
2068665
1203807
1515052
1877997
1392314
1859176
2025177
1295844
1484725
1296185
1116984
1267255
1363406
1805177
1641090
2049177
1596749
1551979
1243264
1348413
1451637
1179255
1465475
1461702
1636426
1998333
1640408
1914897
1436182
1132923
1948809
1360095
1168211
1661473
1124684
1154450
1558370
1841774
1848253
1545181
1761639
2003001
1100187
1165120
1658569
1846504
2046261
1582702
1582757
1401081
1394041
1465222
1381556
1658503
1667600
1895541
1926297
2096577
1194842
1314027
1851300
1766116
1327183
1099340
1993413
1038884
1720752
1727990
1088912
1939425
1799457
1460514
1612039
1155913
1584715
2031621
1170356
1364682
1474286
1945593
1531365
1351020
1478906
1520871
1503579
1079727
1261161
1680096
1625272
1365529
1800370
1146255
1486276
2080101
1011857
1865925
1719982
1040028
1804704
1266760
1438789
1628968
1773651
1833150
1277925
1862145
1284349
1128347
2097429
1868121
1601149
1618969
1065515
1302378
1452396
1242659
1359457
1351889
1361734
1866801
1518693
1371381
1673705
1528362
2032893
1527691
1026025
1990689
1898589
1960329
1712491
1839310
1168684
1063139
1566708
1530408
1794474
2079297
1987809
1897161
1301949
1212871
1934121
1110780
1346323
1356971
2004681
1071708
1386176
1445752
1936077
1075514
1454684
1521949
1876557
1132197
1106072
1893813
1730707
1756832
1652222
2042937
1784728
1662925
1305051
1014002
1310474
1490863
1604075
1505493
1409441
1694737
1170730
1793165
1517208
1044802
1730817
1368444
1866417
2043633
1941993
1583373
1326193
1847967
1057287
1456048
1690370
1449272
1619816
1561747
1243561
1080123
1410442
1083390
1026982
1436314
1106688
1963797
1494086
1415568
1664927
1051116
2020593
1373735
1704417
1040699
1403336
1803164
1721544
2039613
1702063
1107359
1740156
2098113
1940889
1649395
1565828
1135057
1825395
1796355
1117820
1570536
1474495
2080833
2015733
1660582
1343551
1386770
1283634
1361360
1508111
1610620
1616538
1498167
1786169
1789788
1533917
2024853
1461163
1463924
1397022
1586607
1261150
1736460
1463275
1931649
1985577
1341703
1351845
1232913
1602942
2042577
2062941
1594373
1523775
1260523
1143252
2097765
1060543
1359655
1680316
1437381
1301751
2076609
1942185
1586871
1385241
1171148
1441572
1403490
1055494
1812470
1538185
1831555
1446874
1455014
1323344
2030253
1143637
1636844
1254891
1665466
1871829
2009121
1774003
2113005
1412301
2038065
1574804
1154769
1631531
1568127
1242703
2023185
1250876
1206205
1807036
1718816
1496539
1847428
1735646
1757316
1297769
1231714
1743819
1181774
1918881
2018709
1155242
1962909
1292478
1053844
1437546
1517868
1359919
1568435
1991589
1631982
1820907
1387276
1020723
2002677
1373570
1676829
1084974
2119185
1442122
1815407
1795508
2023257
1457533
1698279
1018314
1495747
1190002
1388596
1030205
1586750
1132065
1730872
1585122
2055249
1467840
1397209
2094741
1884825
1236774
1686564
1976625
1306591
1737340
2046273
1512951
1571669
1897929
2039325
1146860
2043249
1164933
1579963
1656017
1409518
1075547
2083569
1394426
2042133
1042998
1799468
1179706
1909821
1129590
1122451
1286340
2120337
1844777
2004141
2105745
1095985
1777644
1266364
2031105
1638538
2129013
1967193
1174580
2039073
1827144
1773288
2112309
1685299
2009817
2000157
1502292
1968429
1508012
1438217
1660681
1232605
1402236
1799589
2026881
2089701
1624315
1987845
1159829
1428339
1132516
1097294
1011681
1119206
1184711
1682208
1628264
1612479
2015637
1817277
1669701
1719058
1648207
1198175
1378773
1142581
1538669
1606264
1889325
1095633
1787588
1025970
1384097
1781934
1287473
1543630
1186405
1411531
1838056
1974705
1699599
1452099
1456961
1827122
1918269
1140865
1711853
1214059
1514832
2011173
1082389
1704648
1277419
1446401
1455817
1242813
1864929
1427844
1390939
2066493
1173051
1892721
2045661
1526613
1625844
1492920
1221286
1932789
1872105
1055648
2085933
2132037
1115906
1624678
1658019
1185745
1332738
1207283
1524127
1133847
1549130
1638560
1502721
1924677
2110521
1593779
2013813
1277903
1375737
1734865
1755512
1700105
1258576
1832919
1997457
1918677
1138610
1710071
1047882
1934409
1049125
1485539
1650011
1151084
1671692
1505174
1798412
1502754
1632004
1943037
1671967
1348446
1585353
1034803
2091033
1843831
2064369
1916145
1385395
1581250
1027323
2084445
1790756
1830939
1134881
1642443
1994865
1727044
2014317
2097597
1795288
1188352
1367762
1649087
2128293
1903881
2051169
1892673
1989585
1138940
1736108
1355794
2089905
1618254
1784926
1192653
1615911
1395405
1369159
1555433
2056629
2003181
2058057
1141305
2011833
1419814
1306789
1031140
1599752
1145661
1224399
1657304
1936185
1639759
1381600
2017209
1843721
1653410
1116654
1018666
1324411
1737164
1879773
1827276
1724415
1606946
1676334
1339228
1308890
1714856
1825967
1413203
1630783
1241218
1231076
2119533
1307075
1581877
1528065
1389531
1504382
1792362
1903737
1344959
1412928
2099937
1197977
1335433
1243517
2053293
1334641
1841411
2027589
1865445
1590721
1095699
1321364
2058189
1085062
1489983
1126048
1641684
1554190
1052513
1760517
1729849
1139050
1386946
1416569
1359666
1744622
1612314
1546083
1233287
1857669
1455344
1568270
1379895
2055609
1894629
1119580
1724888
1181510
1252328
2078349
1034946
2032149
1136487
1785751
1576278
1549922
1397517
1832655
1954353
1482349
1289992
1038906
1097272
1445202
1822139
1726681
1161930
1122220
1990533
1152041
1246773
1689776
1536898
1221143
1576696
2122557
1282490
1932333
2057229
1983885
1546490
1324950
1702327
1309748
1875333
1974537
1698840
1176263
1167364
2000901
1438580
1995933
1738264
1732841
1907025
2014761
1958709
1777105
1138577
1108327
2051361
1955445
1979865
1036816
1463572
2129169
1620069
1881093
1906725
1225862
1231450
2115057
1700237
2034909
1778579
1516856
2115945
1390257
1155528
1127478
1261557
1168453
1553563
1936401
1419770
1460756
1595913
1837517
2132961
1216545
1490951
1211925
1241636
1232979
1029006
1101551
1654598
1074997
1375099
1778865
1940313
1444597
1319934
1947705
1466223
1173810
1750749
1440120
2103513
1290531
1796311
1923465
1015806
1642652
1560647
1733314
1359622
1346983
1970733
1248511
1401895
2034561
1990473
1203807
1859814
1616945
1021240
1667589
2106573
1417636
1147652
1058321
1077835
1891269
1572208
1720521
2103477
1748208
1171016
1936353
1289057
2056269
1898625
1747724
1104730
1977369
1290289
1694858
1066549
1918521
1478554
1265572
1691503
1690458
1352802
1329790
1222914
1958073
1819664
1051776
2043777
1260160
1822700
1944261
1718992
1040336
1354859
2034681
1131966
1093488
2058861
2128521
1695298
2029509
1618991
2071245
1190013
1197504
1605835
1958841
1977069
1876917
1209285
1583736
1512225
1151447
1763212
1829344
1860023
1831434
1809940
1380478
1360370
1754687
1510630
1493085
2026221
1072511
1053932
1100440
1820390
1739782
1227149
1247092
1489235
1444564
2004981
2085885
1733479
1991805
1589489
1454134
1429186
1729662
1775323
1021130
1303126
1153845
2123265
1046309
2049945
1715868
1114124
1624942
2064237
1019216
1386308
2075061
2086809
1200562
1907781
1173183
1535391
1071301
1560471
1750243
1759791
1803428
1428713
1194798
1016378
2055225
1874793
1473670
1735954
2024181
2099493
1279839
1497254
1848671
1747537
1173656
1998585
1987593
1839398
1855392
1187109
1779712
1985733
1834965
1061302
1172215
1405129
1680624
2116161
1662870
1035320
1882533
1323212
1462846
1395152
1545863
1276484
1093147
1923201
1435621
1137488
1733534
1410541
1136652
1069530
1293622
1559074
1517109
1237423
1274262
1895193
1149192
1591964
1040380
1876521
2096049
1871877
1291048
1153086
1404546
1850739
1102255
1791911
1582471
1930569
2026605
1238193
1051798
2006061
2007093
2053725
1491743
1886217
1835515
2112009
1202113
1670042
1112320
1602337
2015469
1038103
1285185
1598223
2129649
1404491
1750936
1885437
1908465
1298440
1967037
1727242
1964745
1044395
1554047
1049642
1295624
1412543
2001129
1983549
1250007
1194138
1040160
1333926
1309341
1045539
1130514
1845228
2052849
2092917
1559349
1056066
1444894
2110653
1818366
1596639
1790107
1761243
1901133
1128204
1846229
1078671
1634864
1942149
1695463
1810479
1957785
1065306
1684078
1517340
2123541
2066121
1850750
1271765
1988313
1407428
1319714
2130765
1184700
1403655
1137378
1221957
2011641
1091255
2123085
1527779
1263999
1779030
1608596
1746536
1823635
1232616
1772958
1807927
1222540
1618584
1862601
1443299
1710775
1571702
1607804
1836813
1367487
1320825
1379081
2099613
1624986
1477465
1247895
1702910
1028852
2120745
2000529
1497496
1619651
1845316
1487321
1463297
1823415
1160962
1630948
2093721
1125894
1428262
1417394
2086749
1635986
1479852
1757327
1860921
1802460
1305249
1255298
1360062
1134353
1721148
1844909
1339745
1932033
1426425
1648889
1652277
1435907
1347544
1317349
2025801
2007789
1292170
1936437
1974429
2037885
1550901
2061705
1284305
1301410
1172479
2131365
1519661
1067594
1853940
1721720
2075061
1728133
1540847
1564970
1475034
1277474
1546237
1956369
1532124
1354584
1882053
2097093
1398463
1832622
1793891
1104059
1897497
1169619
1033879
1245607
1995777
1716033
1156023
1387441
1740629
1641992
2010129
1015641
1924425
1385769
2069601
1519848
1047343
1557523
1765632
1455630
1315853
1745843
1472845
1762277
2099457
1869069
1332452
1551165
1639099
1357136
1463902
1858340
1188803
1752509
2062113
1128061
1091464
1196888
1154648
1413170
1430726
1441506
1536040
1256123
1635854
1431826
1479555
2099217
2106849
1528538
1742356
1437425
1855678
1194820
1125696
1801723
1694099
1611049
1591843
2062185
1787566
1454530
1445895
1381644
1663123
1103773
1782814
1372316
1480545
1906101
1150479
2109909
1030117
1756579
1505647
1846119
1526074
1447897
1519551
1020767
1889949
1589313
2111097
1533455
1269180
1298176
2113149
1381182
1512995
1190761
1743445
1220692
1640694
1434257
1663706
2124237
1748505
1681438
1409177
1731972
1864017
1631289
1623468
1292291
2064249
2076537
1388101
1629661
1653520
1913757
1292962
1519793
1615977
1144616
1442694
1328492
2073477
1381721
1593757
2107509
1082741
1515866
2059053
1469919
1234574
2102037
1346026
1925529
1570228
1669525
2098713
1911489
1200122
1515965
2064201
1713118
1740420
1932657
1391390
1675476
1484692
1454959
1538548
2043057
1175636
1161171
1423763
1497353
1734194
1658910
1459381
1868013
2017005
1411993
1245068
1328646
1649010
1697443
1013309
1798874
1871229
1821930
1049664
2050425
1977285
1578720
1503920
1833117
1641211
2104101
1383514
1524380
1766358
1072203
1829828
2025573
1214125
1825560
1752047
1789161
2054661
2060769
1665213
1227754
1872621
1837033
1542882
1813570
1531563
1853753
1017379
1269147
1975557
1512786
1645160
1445708
2122497
2128377
1959345
1911189
1849518
1999977
1506791
1630992
1863069
1368257
2015217
2036349
1569634
1654213
1124134
1660274
1765027
1776137
1519375
1581140
2114625
2090673
1835295
1294524
1121241
1541320
1288419
2115933
1195282
2055501
1115081
2036481
1119041
1452825
2055765
2098257
1452682
2121873
1880157
1889817
2026869
1625932
1357268
1957713
1573924
1953345
1355508
1545302
1909581
1542497
1123881
1172765
1616428
1942161
1016796
1789271
2130585
2106249
1603074
1224861
1172215
2055813
1228898
1369665
1102849
1373075
1153020
1692482
1089627
1805837
1889505
1643642
1363461
1064316
1123507
1761936
1649527
1772144
1298957
2101257
1667655
1588136
1733116
1646194
1195007
1646931
1773618
1626141
1326996
2050953
1084853
1152811
1195887
1890681
1882233
1644687
1280422
1656149
2098305
2128521
1972569
1440813
1307570
1133550
1623776
2029593
1294623
1980045
2005809
1194457
1717650
1699951
1332650
2087337
2078409
1183006
2111025
1978149
1573275
1860297
1415623
1586255
1634006
1063040
1182764
1491149
1401653
1580920
1548888
1660296
1320330
1863537
1688489
1904601
1960773
1717496
1118106
1283546
1685134
1742037
2129157
1771880
1380115
1859473
1702173
1553585
1993137
1862385
1400322
1461328
1118579
1980825
1428669
1168497
1025178
1752575
1985361
1255694
1559085
1180839
1329559
1794848
1818597
1797169
1123342
1660296
2098473
1783551
1566796
2044929
1425006
1616164
1889469
1195590
1826495
1777776
1853280
1730718
1918209
1841565
1087372
1632818
1201563
2053893
1476310
1147498
1545159
1889865
1245508
1053074
1622753
1229602
1539472
1104345
2029185
1078319
1914621
1139083
1764213
1309803
1364528
2039805
2122065
1113805
1896489
1944009
1206337
1144000
2018697
1827881
1289079
1223519
1516218
1249578
1349887
1045715
2121597
1412664
1399563
1520882
2083137
2118009
1539065
1588895
1802207
1700644
1441528
1060862
1658448
1705935
1305062
1691723
1705121
1220967
1541529
1959297
1223827
1322288
1133902
1926945
1082675
1677324
1519661
1713316
1295030
1372690
1258895
1377596
2022357
1456466
2088681
1108756
1877385
1330461
1601160
1037872
1248830
1827914
2050005
1324873
1045231
1066252
1061753
1989225
1184744
1044175
1290597
1049268
1562451
1832710
1770857
1991085
1449580
1807223
1624227
1433641
1217513
1180542
1719102
2114073
1041084
1707860
2100321
1682307
1300211
1222100
2054697
1217128
1084490
1812206
1226104
2051253
1224817
1731818
1342440
1923729
1443585
1380148
1192862
1852950
2066397
1044736
1073545
1862757
1065020
1691107
1670053
1378828
1069002
1730575
1613260
1744556
1330769
1178727
1509134
1370248
1913397
1538702
1630629
2011557
1140546
1331506
1881141
1117556
1458127
1384768
1518077
1211507
1584484
1169102
1922313
1453485
2111769
1873605
2047053
1542893
1060037
2118621
1312421
1105181
1158740
2012229
2010285
1527658
1228942
1356300
2093001
1039544
1258004
1747229
1396450
1646469
1350195
1753224
1466058
1588268
1207404
1889649
2117289
1066054
1955601
1064745
1189155
1096469
2015289
2057097
1757470
2127165
1106622
1379015
1739661
1793330
1520937
1537866
1378311
2042757
1251844
1160566
1566059
1708674
1696233
1264428
1563826
1876161
1640738
1646117
1306657
1080882
1380324
2039493
1555785
1961685
2001153
1944681
1113332
1197163
1400388
1312410
1163690
1835581
1942833
1072973
1817310
1688291
1844271
1516207
1312157
1348611
1068595
1834030
2132325
1682582
1298990
1655555
1102706
2063697
1358599
1959297
1255221
1090210
1173810
2057553
1503799
1798885
1938849
1895673
1912989
1708333
1606968
1247928
1175680
1334179
1285064
1598894
1311849
1827573
1299254
1165978
1177968
1651914
1099329
1998405
1419902
1479720
1339371
1163536
1846251
1865829
1495021
2068737
1640628
1685772
1964877
1309913
1898157
2090241
1423730
1145683
1216193
1837110
1330989
1896681
2002689
1991385
1326512
1432552
1672286
1353143
1296174
1837440
1350646
1769867
1269983
1537140
1209417
1273998
1265132
1642190
1389971
1565300
1402423
1684727
1812074
2079249
2060049
1802735
2089401
1703581
1745612
1697586
1905813
1810908
1253417
1731620
1186009
1547667
1273987
1840432
1708762
1363131
1096557
1218547
1240283
1154087
1702305
1192576
2036169
1421409
1152987
1577796
1379631
1934037
2111385
1180465
1759659
1206513
1790041
1161633
1774014
1311002
1408385
1842214
1532828
1693439
2073177
1349117
1937757
2087601
1133539
1616109
2104413
1458182
1238853
1541397
1330197
1636052
1048949
1828387
1310342
1752971
2047785
1437865
1784299
1974309
1581635
1353451
1836725
1825362
1955445
1866753
1019029
1121384
1321826
1814318
1465321
2118597
1481007
1617154
1520783
1406471
1780548
2048037
1790096
2101701
1944921
1124585
1612039
1483603
1697938
1330813
1664465
1933185
1038719
1623424
1415535
1206480
1770131
1528406
1012066
1398144
2039025
1531222
1759670
1104994
1272084
1404755
1254836
2127069
1391093
1982721
1952925
1476079
1408165
1922685
1994013
1182885
1571482
1354364
1166165
1794694
1436281
1146794
1297593
1108690
1461933
1765170
1694099
1831456
1359017
1173315
2014365
1881069
1658844
1219097
1268047
2083701
1875729
1388299
1079705
1150578
1582768
1024375
1603107
2056665
1103982
1061016
1343188
1512401
1292973
1577796
1527295
1812910
1629265
1201574
1033318
1734964
1856635
1376045
1657150
1502435
1985949
1932777
1368785
1738847
1580810
1466883
1312938
2049909
1653762
1204390
1943409
1716154
1192719
1638054
1840212
1320946
1699665
1115543
1671450
1471877
1434004
1747548
1256519
1922217
2111601
2104485
1382436
1266991
1464903
2101113
1748615
2033577
1687840
1396527
1700765
2024421
1887225
1424280
1948185
1662551
1769427
2019369
1632686
1013595
1493294
1198571
1988481
1202685
1698631
1064393
1210891
1415161
1669525
1577686
1219119
1436127
2015385
2020293
1697905
1895973
1816551
1614954
1616010
1736955
1949145
1767381
1387529
2075073
1671362
1424390
1403600
1698312
1542585
1716011
1422245
2055153
1905885
1336940
1788369
2115705
1803032
2037093
1908237
1980189
1934625
1174041
1895001
1541573
1450163
2129253
1363329
1691591
1486716
1461504
1747625
1123023
1912545
2011137
1423620
1957029
1268982
1931013
2107029
1314753
1538900
2126925
1978545
1288309
1599389
2030577
1552067
2041629
1945653
1623754
1284327
1850849
1386858
1608871
1680624
1317954
1376518
1123331
1178485
1245310
1984929
1656534
1320880
2017449
1766369
1430418
1745568
1091321
1104840
1241075
1535919
1707519
1547491
2058141
1381435
1674167
1917405
1918689
1958973
1778293
1690766
1517197
2072265
1593658
1992693
1663420
1036376
1911501
1762365
1772859
1707365
1822084
1303555
1917657
2091849
2134137
1058651
1896969
1570998
1362625
1664025
1491897
1781230
1432970
1176428
1977129
2100525
1038114
1218800
1708289
1165109
1318735
1624678
2095569
1190475
1390620
1434158
1181202
1967109
1099648
1934709
1991817
1857691
1764345
1896705
1620399
2027781
2111529
2070453
1844920
1124354
1524182
1769526
1432233
1133484
1382876
1357620
1756700
1057793
1246938
1541012
1653817
1192939
1392512
1979469
2091081
1665334
1619959
1708773
2030181
1488641
1590721
1774410
1190211
1836934
1728771
1165978
1624920
1894173
2047389
1362339
1463979
1765896
1633874
1373999
1777369
1303181
1631762
1443915
1276858
1454013
1810754
1896513
1679117
1124387
2009025
1171984
1697201
1735712
2063721
1808488
1367949
1694187
2039625
1657788
2019213
1764070
1040171
1441165
1129447
1600445
1719751
1997961
1054350
1141349
1979769
1456356
1340724
1754610
2061981
1867485
1777094
1939041
1798797
1616120
1836142
1181620
1229558
1700941
1790756
1599015
1149324
1312377
1323828
1184557
1620179
1683308
1885041
1327117
2119605
1401873
1453210
1788336
1898301
1832534
1858439
1885533
1872909
1258994
1992861
2069913
1871661
1621917
1387760
1954713
1440384
1384757
1447028
1513501
1944537
1299265
2010921
1374659
1181961
1201024
1978077
1536634
1587806
1864893
1725713
1781890
1546182
1792670
1316172
1892397
1860405
1948245
1639286
1646964
2071761
1464969
2091801
1377706
2100201
1412983
2067753
1688467
1062919
1231340
1889073
1122242
1218382
1011989
2087337
1885533
1605109
1241889
1546226
1566829
1053426
1222661
1188946
1996917
1681658
1333915
1714163
1672429
1510179
1454739
1033967
1810853
1849628
1587355
1109471
1846757
1801525
1809566
1274251
1930773
1556632
1963605
1274086
1431078
1991385
1286549
1524270
1077296
1139963
1988829
1066285
1053525
1687642
1385318
2096745
1628561
1395790
1791702
1439405
2061465
1829740
1785839
1447908
1121175
1640540
1244727
1730938
1201882
1846196
1335488
2000841
1602887
1695804
1502875
1257322
1470436
1209494
2062017
1748582
1320660
1230515
1641431
1835856
1369434
2125953
1344519
1788435
1105126
1643455
1501709
1349469
1424896
2104245
2053545
1654631
1146398
1960773
1201343
1693483
1648251
1494350
1051424
1848869
1225961
1419187
1465233
1209318
2049189
2076837
1172578
1929477
1080816
1167595
1377145
1245156
1575024
1273349
1498310
1336665
1705187
1133242
1533147
1880421
1446599
1539505
1721907
1142724
1235707
1505713
1420716
1919061
1220835
1267948
1420441
1904349
1763707
1560394
1924305
1305788
1123903
1585177
1145408
1273844
2044833
1495912
1570481
1916097
1410431
2098533
1635007
2091705
1739903
2074425
1457126
2018277
1417955
1962381
1555235
1119580
1160742
1558667
1142383
1351493
1017060
1031349
1937469
1356938
1741795
1266001
1832204
1608090
1967193
1070432
1506769
2022645
1687092
1177308
1275824
1907997
1943085
1693659
1970709
1556676
1553343
2073465
1903953
1613381
1315215
1140854
1160357
1161105
1285119
1950513
1262228
1574859
1985025
2087769
1428537
1521872
1528956
1017203
1901193
1169663
1790690
1781285
1416151
1582097
1628253
1408869
1923873
1266749
1992501
1408473
2036229
1779690
1504921
2035077
1414204
1306261
1869477
1219284
1490643
1133396
1096865
1936953
1777314
1603074
1628583
1442331
1192697
1808521
1166319
1532971
1057353
1891137
1442221
1563914
1181015
1613799
2045733
1188814
1623171
1251052
1272986
1441924
2007681
1265517
1037058
1400069
1034726
1104741
1181983
1260358
1571856
2040417
1189848
1027290
1443189
2074893
1291092
1154395
1547920
2128293
1418802
1286153
1873725
1904469
1700853
2059701
1782341
1110923
1451153
1785278
1989645
1614030
1294392
1224740
1335158
1193478
1671714
1515778
1636140
1532894
1829993
1042184
1741036
1286120
1458776
1994541
1435478
1728056
1518539
1012374
1106435
2073333
1081883
1773717
1759164
1777710
1945809
1132747
1859110
2040441
1714801
1966749
1028797
1838331
1895745
1722875
1828288
1495725
1401796
1949241
1756645
1238688
1880241
1866897
1779910
1363054
1655566
2093685
1401532
2008845
1780284
1890561
2114637
1948065
1024672
1445862
1189265
2102097
1653905
1048157
1811238
1472691
1834217
1764510
1105852
1877517
1506648
1671538
1413676
1456048
1395911
1770043
1686168
1063227
1426007
1104752
1948905
1069794
1791724
1147872
1294623
1397825
1197141
1607562
1361294
1909821
1684254
1955013
1931301
1642960
2074209
1022461
1012693
1737054
1905861
1906029
1853401
1892925
1107546
1882593
1831005
1922373
1335763
1686850
1549878
2112837
1184788
1779877
1666830
1748252
1915281
1969641
1788611
1162843
1635348
1019227
1579941
1439713
1336313
1153658
1610059
1437447
1846361
1133198
1019656
1670603
1802680
1716616
1872153
1836769
1051875
1641420
2052141
1505295
1118634
1172864
1673815
1224652
1156782
1917741
2002593
1893909
1394690
1950585
1027708
1126928
1900557
1804319
1424434
1782462
1287891
2107017
1079518
1210231
1270412
1021966
1964361
1159334
1542024
1294953
1377167
1580447
1993329
1491974
1343375
1907541
2014341
1890945
1779382
1999233
1884825
1776434
1562539
1739848
1982313
1473340
1616989
1201772
1260149
1199121
1487398
1136498
1593922
1191982
1208185
1213377
1058464
1876737
1427305
1728265
1940169
1909737
2031705
1593592
1523775
1981605
2048145
1637570
1827848
1564519
1336577
2116413
1264989
1731796
1625272
1774113
1891377
1414655
1311442
1215599
1237313
1711237
1377134
1796729
1258213
1579787
1222364
1393051
1980417
1543960
1550626
1868925
1180047
1763234
1712359
1928625
1609883
1502798
1133759
2111829
2009841
1377574
1575926
1867773
1053349
1485220
1914645
1224454
1610697
1910181
1412609
1023319
1605956
1178738
2124177
1853511
1617836
1491897
1597750
1168101
1654400
1044813
1304105
2080353
1249952
1661011
1559261
1072533
1714900
1894953
1815044
2047737
1137939
1620135
1950465
1125718
1869585
2012865
1535567
1957005
1788688
1370424
1870917
1055417
1991385
2132565
2104881
1821468
1345234
1439768
1071367
1504052
1326721
1206612
1346378
2043933
1684507
1800293
2048805
1836230
1670757
1850651
1698950
1478543
1256871
1484461
1353583
1746173
1463858
2047317
1567753
2113845
1769152
1303456
1723909
1685904
1128138
2112573
1515921
1569920
1976013
1941285
1079210
2025909
1465343
1720829
1796069
1181620
1851597
1992957
1682879
1043933
1046760
1209483
2080665
1124706
1959777
1761408
1984005
1530276
1347687
1268234
1428240
1218030
1898745
1267145
1042932
1873725
1866981
1825230
1289541
1690700
1707728
2070921
1569865
1972161
1296834
1136454
1287869
1074238
1923309
1271116
1427294
1802031
1494570
1655027
1651540
1346378
1977093
1215489
1937541
1770164
1310320
1381567
1459139
1999845
1124816
1818256
1457280
1825637
1701854
1383008
1188847
1628451
1563331
1242758
1912485
2107017
1855084
1433652
1263020
1588268
1174371
1854721
1171137
1752619
1501577
1139391
2030325
1748384
1037949
1879413
1935213
1488289
1066758
1755248
1888137
1768261
1688654
1398364
1547843
1080508
1772177
1175867
1439790
1399662
1856063
1345333
1554509
1966665
1527097
1077648
2071305
1251591
1524567
1225950
1165010
1125256
1262712
1536425
1318636
1235399
1586365
1032064
1318955
1190596
1404458
1256409
1454321
1941585
1134232
1574342
1570514
1173293
1782110
1875357
1857042
1299485
1051963
1916985
2073585
1927581
1671406
1275362
1514447
1401180
1141789
1270577
1984497
1958841
1693560
1202982
1976769
1296977
1617110
1634160
1140315
2072253
1439009
1649538
1432981
1209582
1842709
1380247
1419517
1460602
1163756
1127159
2012601
1088879
1872333
1588664
1988109
2078673
1537591
2120481
1376342
1431584
1173656
1213641
1986321
1355684
1267882
1155869
1640782
1659405
1444322
1387298
1734392
1958421
1596870
1597937
1208174
1883577
1671956
1368103
1317558
1122407
1455520
1505163
1425182
1810457
1268542
1863237
1312432
1987209
1323102
1094467
1426931
1142977
1179046
1117182
2048517
1108657
1202179
1701161
1110362
2091741
1372789
1864569
1241691
2112825
1232990
1232594
1525634
1913181
1898145
1908381
1937973
1403402
1937133
1652343
1794628
1559118
1740013
1204632
1194402
1205116
1888737
1983513
1312289
1112881
1213982
1406614
1907745
1856525
1308549
1289519
2099865
2090877
1908249
1287836
1662914
1348006
1697520
1294392
2009757
1106501
1770120
1095930
1751453
1164768
1585298
1777479
1581404
1698697
1169696
1227974
2022165
2040705
1399013
1671318
1934949
1510927
1200694
1950945
1300497
1443563
2087229
1976313
1878897
1598850
1999341
1804891
1802273
1305711
1727374
1386770
1606011
1357598
2127513
1986201
1649219
1352758
1954845
1050940
1974621
1891773
1702437
1129557
1810644
1256134
1182533
1163107
1174877
1432442
1376210
1277628
1742235
1728738
2034621
1605428
1151007
1833678
2064009
2126217
1602579
2042769
1263273
1111253
1320308
1450416
1037652
1621961
1014211
1413863
1722281
2042001
1657249
1143483
1256596
1074117
1655401
1875129
2076873
1904913
1825945
1318504
1828783
1916697
1270599
1894605
1582735
2126613
2108085
1392930
1543025
2082045
1041282
1653718
1577488
1432893
1854105
1028830
1787577
1900221
1473340
1130393
1842280
1480875
1669888
1363494
1980153
2088465
1489774
1111495
2104521
1288353
1099494
1903317
1581305
1545456
1540231
1487497
2025501
1189122
1580326
1663860
1635491
1822414
1728364
1046606
1494680
1807454
1163976
2011305
1377222
1765797
1390268
1865433
1637361
1472218
1686410
1750903
1111605
2109129
1822678
1674607
1157728
1945461
1413302
1142108
1838166
1748417
1374758
1720675
1470337
2015577
1770197
2005605
1233518
1352560
1181257
1519562
1628968
1369973
1893765
1551682
1073864
1718530
2049225
1378773
1396692
1123265
1382942
1824163
1038620
1344783
1739221
1449503
1483493
2001213
1600126
1094621
1162392
1430759
1025761
1483196
1157244
2062617
1474154
1782660
1629441
1534313
1841884
1495142
1012121
1471613
1652981
1063887
2002737
1731785
2120169
1708322
1688599
2124861
1016950
1111099
1269653
1254814
2078301
1920909
1378476
1066406
1959249
1426766
1421618
1652860
1645611
1447831
1667886
1399354
1805826
1131614
1288023
1913325
1175647
1018798
1551825
2046321
2070081
1022967
1564343
1383833
1158773
1163514
1050060
1548954
1201992
1475925
1744138
1429208
1653234
2038257
1919613
1635645
1054504
2049405
1732170
2070573
1370061
1373328
1177627
1954605
1808895
2121177
1909617
1048674
1122847
1673848
1641959
1951641
1300497
1919025
1479742
1547271
1451989
1185734
1982373
1323619
1319736
1448667
1162106
1668084
1378828
1473021
1884813
1385857
2047629
1901829
1040952
1441187
1696596
1980801
1936473
1566631
1247037
2104785
1375110
1988805
1813075
1564244
2029401
1061192
1541859
1280235
1619563
1912449
1162645
2049129
1547645
1198758
1802306
1411663
1799369
1531871
1593438
1802328
1427877
1800810
1088956
1329790
1240580
1140975
1883313
1832523
1999605
2065581
1900593
1908369
1102783
1884489
2074689
2128173
1106226
1940277
2080137
1754478
1082356
1865901
1269675
1031437
1144539
1510454
2084001
1189166
1060620
1968861
1087471
2117121
1989285
1812129
2023557
1510531
1500532
2128533
1799028
1439064
1571845
1413753
1048135
1102002
1356135
2061777
1132120
1852620
1064437
2032113
2124945
2016861
1679106
1531596
1063205
1771803
1405041
1667710
1233518
1739056
2012181
1066978
1656534
1352197
1059091
1035870
1186119
1571097
1371535
1195788
1215390
2076729
1679084
1101859
2044257
1967937
1746217
2046753
1037718
2045649
1721038
1421420
1335422
1642982
1232572
1691591
1218173
2039025
1535336
1062160
1145683
1853192
1762552
1420925
1768107
1794672
1075140
1182269
1163338
1971225
1968813
1758966
1407824
1970061
1691052
1584726
1671703
1306855
1869441
1488388
1191685
1770516
2083449
1803065
1349304
1338183
1386935
1602854
2101425
1277111
1939569
1357389
1710665
1046474
2014173
1548437
2052045
1093796
1197570
1818300
1818597
1726659
1032592
1481458
1143824
1144605
1330065
1253758
1975905
2081685
1532322
1851652
1818190
1202168
1918245
1726648
1257454
1356553
1743698
1072038
1313873
1828123
1374945
1824163
1834976
1828783
1012572
1535633
1616703
1173634
2057553
2099241
1778601
1405030
1032427
1935993
1689380
1411905
2029545
1353418
1602964
1079870
1563727
1404865
1928217
1839167
1369412
1507264
1087856
1373328
1142603
1233133
2020413
1599708
1438723
1267486
2131425
2120673
2077353
1394536
1150941
1724613
2113173
1037069
1496880
1019414
1125883
1056033
1590303
1753389
1935009
1567654
1236191
1198373
1437689
1901721
2050641
1195403
1995765
1356839
1362372
1104598
1721819
1892613
1842445
1527889
1765929
1260314
1164438
1371810
1421376
1512731
1780636
1373493
1909905
1855029
1478422
1408000
1655665
1883313
1488894
1111781
1864953
1030777
1396802
1564453
2114961
2031357
1811293
1045616
1210759
1226060
1981641
1141327
1906401
1449657
1506153
1496308
1483350
1653047
1981881
1716121
1466465
1952337
1558579
1013518
1670438
1048762
1022362
1466080
1208966
2108997
1167738
1038719
1962957
1598949
1515943
1601303
1098196
1428350
1295503
1741256
2005461
1425017
2011677
1644566
1841026
1549966
1874013
2118345
1088428
1325027
2012193
1092201
1507506
1635964
1501621
1713503
1052788
1012572
2017881
1034264
1809995
1764796
2066829
1788347
1792461
2011725
1140601
1250194
1492623
1908837
2131761
1137301
1600434
1286164
1065713
1690843
1705033
1872033
1219724
2013069
1967565
2058381
1396626
1901469
1157706
1941033
1778931
1335114
1447413
1192268
1057034
1897149
1847043
1365111
1921965
1769284
1726131
2012445
1763278
2072517
1955613
1785366
1434070
1726615
1301399
2059365
1498893
1788765
1665345
1284404
1264626
1896069
1812426
1464100
1277793
2005365
1516603
1556148
1989957
1314027
1068947
1097426
1316700
1587025
1223134
1042932
1612941
1114355
1841235
1909737
2076525
1360029
1092894
1230911
1838815
1690876
1705946
1701843
2010729
1992009
1401279
1067484
2014713
1148851
1145265
1438547
2021925
1734315
1512665
1073699
1678457
2034513
1493019
1545544
1392611
1627032
1496209
1225796
1792604
1590083
1718068
1484076
1175218
1453177
2032749
1141283
1150259
1280422
1656435
1569051
2040513
1922661
1321364
1963005
1699533
1776214
1188869
1415502
1156738
1214818
1849551
1027796
1552947
1871397
2031177
1961025
1405800
1303060
1023264
2128425
1102387
2100237
1726681
1985409
1509453
1481150
1638219
1519210
1347929
1581646
1564805
1810820
1016708
1372184
1447732
2111121
1018424
2104545
1713712
1926729
1488729
1688962
1264714
1064118
1720983
1254836
1288947
1460679
1962705
1448546
1320660
1237874
1131856
1591392
1736746
1044758
1929309
1483812
1648867
1757745
1725141
1778194
1636074
1509860
1697179
1580040
1328569
1533906
1301575
1690799
1572736
1391159
1636437
1248830
1141899
1256123
1819532
1766831
1635601
1518693
1165450
1057848
1097129
1984017
1082807
1644984
1614690
1381226
1309979
1677181
1960245
1844810
1528615
1439482
1527405
1081509
2086893
1021680
1436457
2063097
1759835
1645699
1041348
1914621
1654114
1315402
1253197
1439394
1313147
1732764
2052933
1263801
1418131
1873509
1190068
2123193
1615086
1082092
1284701
1314115
1055780
1254836
1343089
1607573
1836307
1597101
1691283
1875081
1735217
1019469
1314170
1216930
1554872
1322926
1608783
1810996
1196943
1771858
1682505
1178639
1478466
1322277
1299694
1783133
2065677
1697608
1954113
1665554
1663013
1820170
1813284
1445202
1421365
1876437
1593713
1125355
1253307
1472658
1670097
1567544
1102673
2089821
1236554
1116247
1721126
1193192
1528098
1481810
1782847
1095281
1685981
1572868
1281478
1662210
1738649
1482514
1521817
1710709
1376925
1039632
1040402
1778832
1171258
1743489
1363318
1712909
1421805
1179706
1570998
1205391
1926969
1438195
2040909
1633269
1555070
2108721
1053294
1518913
1931685
1937877
1399827
1499135
1882869
1452198
1881009
1861965
1834316
1772892
1522103
1930221
1545368
1163459
2125701
1626075
1582515
1297604
1855931
1097173
1951905
1619299
2075589
1746426
1573165
2085369
1518110
1658833
1060664
1058596
1096359
1820027
1059982
1817233
1855062
1977465
1932885
1663739
1432431
1571042
1144902
1672077
1141382
1742422
1394338
1497452
1776368
1176725
1779316
1589709
1763267
1852576
1355728
1078880
1277650
2053989
1879941
1216787
1262305
1977585
1310661
1386242
1276880
2090757
1354958
1846504
1396901
1544389
1843237
1334773
1726461
1226280
1548184
1373438
1030656
1542376
1411443
1828255
1190123
1669723
2070165
1159741
1198175
1300706
1756502
2103657
1676576
1748384
2015433
2025825
1286494
1977645
1790503
1183171
2047269
1724140
1690601
1464881
1753862
1102937
2015049
1844733
1838573
2047089
1891617
1179453
1821039
1539637
1401994
1237544
1934097
1105236
2076753
1806431
2006517
1094247
1841235
2106525
1903809
1995801
1580744
1657667
2045985
1542453
2031981
1324026
2050785
1276594
1016510
1818454
1537140
1106171
1044164
1983081
1592580
1242329
2123313
2009649
1362515
1773321
1882449
1064503
1919997
1510971
1709367
1053305
1014805
1970229
1626383
1636525
1882173
1927905
1309440
1085183
1625129
2106117
1475606
1167276
1226698
2028837
1495989
1145617
1977501
1104796
1874721
1591447
1324389
1571372
1910409
1642938
1567984
1286483
1318911
1243572
1289387
1658393
1752949
1838023
1059212
1700589
1135299
1661660
1935477
1543960
1950369
1693538
1396087
1698246
1207085
1507209
1724382
1861965
1453628
1139897
1617484
1540847
1371942
1057045
1811194
1819070
1751816
1284514
1906521
1920717
1943037
1394492
1493074
1705649
1257663
1425193
1678578
1218283
1872777
1353451
1145848
2116689
1803747
1128897
1849551
1239843
2117529
1906905
1900989
2016657
1590369
1472427
1351504
1256321
2059689
1610741
1951401
1450603
1767194
1159466
1146343
1657326
2125461
1444949
1795673
1049994
1652145
1948617
1489664
1504778
1924221
1463627
1359534
1552386
1678457
1146354
1620179
1935657
1532938
1192147
1931613
1119646
1537074
1346213
1569645
1717309
1847802
2098785
1021460
1765082
1254517
1850409
1190189
1487068
1315622
1636602
1720730
1168090
1951413
1948857
2133021
1567874
1619068
1719652
1060620
2121549
1734381
1213905
1310958
1931913
1939005
1575937
1112001
1220098
1972005
1672858
1865985
1874625
1793374
1731895
1218690
1266870
1443882
2005197
1805584
1065383
1771594
1957977
1278915
1811381
1444102
1868217
1146728
1823437
1629892
1462439
1425556
1976541
1763223
2130609
1083126
1112848
1331715
2004513
1879005
1966101
1834151
1574694
1543102
1392204
1147355
1365386
2080029
1310419
2086017
1944633
1494174
1988505
1272579
1742697
1321034
1451395
1104950
1290157
2053377
1998273
1123584
1614602
1403490
1729794
1093257
1072599
1346059
1401642
1524853
1105621
1326468
1302213
1800249
1207206
2069661
1156298
1352802
1698400
1736614
1783870
1557182
1065405
1428405
1955625
1171951
1071103
1679491
1442155
1618518
1011450
1921365
1308846
1624623
1814461
1602194
1624722
1069376
1447347
1694242
2056989
1427712
1365430
1750991
1988421
1460349
1657403
1105841
2043045
1297868
1235718
1308582
1937409
2070297
2057145
1359545
1426832
1597398
1143989
1737703
1064943
1827826
2092389
1467400
1065911
1861569
1118304
1239920
2122017
1246245
1481898
1267453
1450801
2080677
1413522
1062127
1505625
2113449
1863909
1517890
1622027
1319461
1310903
1119459
1607694
2130633
1721060
1200936
1683297
1738627
1026058
1412422
1948497
2048409
1282457
1190651
1986897
1613018
1190068
2076657
1684188
1124585
1054614
1604823
1730487
1607056
1557985
1900545
1350690
1677885
1851201
2006469
1956345
1246003
1803241
1396263
1040897
1715527
2065833
1331110
1101034
1613029
1565124
1996677
1575332
1355717
1533015
1191179
1762794
1810325
1155330
1693373
1533422
2050689
1315413
1166517
1253208
1014266
1709158
1271061
1732060
1720015
1777809
1503238
1701777
1205996
1508177
1315655
1675179
1691041
2033037
1900413
1142823
1374637
1685926
1996545
1138291
