1637398
1473424
1614846
1909239
1786752
1252405
1352652
2039976
1734731
1646664
1864516
1921974
1882104
2029338
1885770
1686977
1511564
1273396
1576684
1453680
1514228
1250486
1531480
1514171
1607036
1728607
1459058
1548042
1695755
1671012
1802702
1615068
2125062
1875790
1926045
1754152
1536987
1514041
1285130
2018064
1621223
1495720
1827540
1892937
1969332
1594770
1514155
1740108
1497624
1489715
1568372
1283789
1254597
1742786
1525685
1614916
1862118
1559138
1281338
1251415
1530009
1995348
1387308
1710624
1344085
1920057
1853454
1549081
1400293
1424123
1666406
1357626
1752498
1522258
1688354
1563745
1658446
2044164
1841113
1458088
1337261
1545820
1332658
1464390
1440696
1684854
1572610
1676481
1755834
1671140
1861194
1722224
1513402
1475551
1566492
1543658
1631350
1754912
1779516
1905800
1495864
1793194
1957641
1480882
1493337
1363211
1530942
2048668
1737866
1823502
1796885
1350240
1961545
1771506
1446914
1457775
1473882
1922838
1349532
1912176
1583801
1514050
1629149
1637689
1991913
1376581
1679076
1589149
1868582
1241970
1486660
1268182
1965576
1705666
1381402
1746569
1644997
1660690
1787162
1317543
1574106
1254729
1941462
1463854
1776837
1699176
1623653
1756128
1677110
1712186
1499246
1644448
1537450
1445911
1277200
1793478
1858164
1387793
1673762
1399144
1474890
1660546
1928712
1788375
1489942
1613612
1536157
1544984
1898116
1838692
1821948
1304539
1585016
1464479
1513784
1232887
1751282
1899966
1503859
1700629
1910120
1423633
1343948
1289236
1667597
2050316
1530376
1778264
1659384
1664238
1599126
1306192
1747141
1933764
1582426
1376484
1734921
1311222
1819020
1862655
1766700
1348995
1526072
1574082
1467168
1277324
1241477
1718822
1969557
1906960
1762660
1680688
1329800
1706556
1605054
1713242
1660754
1594704
1902693
1712036
1510109
1937048
1596331
2061008
1339107
1282224
1639856
1322547
1451138
1593320
1599483
1915227
1549934
1630614
1788474
1418319
1530072
1674372
1454953
1527484
2050611
1624511
1496526
2039454
1398501
1461428
1529347
1705687
1558547
1722380
1600123
1567391
1549226
1568667
1685060
1583448
1669798
1588402
1856425
1353720
1146382
1836480
1379640
1190193
1149342
1722134
1445723
1548589
1308850
1844814
1687960
1459642
1885785
1593062
1473676
1595185
1772865
1262033
2111810
1365104
1441597
1610452
1225598
1345120
1240637
1833699
1714614
1798270
1552874
1688460
1839015
1678956
1624700
1497250
1759628
1560720
1457304
1772632
1731102
1164888
1560779
1663209
1979502
1629718
1240819
1552417
1390766
1558502
1605002
1546190
1971591
1723038
1837412
1874138
1709961
1810056
1866540
1456832
1755615
1570529
1662228
1563181
1337234
1689266
1565611
1456631
1994124
1440900
1452406
1504921
1803118
1796400
1479921
1424499
1197839
1848224
1778256
1675331
1673602
1471280
1471390
1555166
1249745
1954288
1368356
1907010
1823934
1428553
1638388
1769922
1469195
1771362
1323352
1574659
1788516
1216094
1185145
1589008
1665692
2004437
1737906
1765900
1534513
1541869
1603083
1582062
1682688
1154798
1552544
1426289
1362712
1641754
1534089
1388434
1438020
1242599
1501238
1210222
1616192
1553094
1205836
1635911
1579176
1546326
1488613
1784099
1777950
1990168
1939804
1583652
1270846
1442228
1637324
1470056
1610313
1668646
1942552
1417921
1852576
1143326
1476442
1580826
1778628
1462970
1397556
1504618
1846740
1234692
1668120
1318577
1452545
1541960
1384382
1891179
1894294
1871562
1442854
1815588
1203636
1654634
1507391
1489153
1398325
1625666
1692812
1500455
1373571
1483962
1423673
1596586
1901946
1374782
2075920
1368637
1246451
1465768
1933986
1853688
2114884
1504411
1415091
1860018
1269906
1632580
1592384
1828590
1463594
1392952
1587998
1351110
1716958
1418380
1554340
1920768
1254270
1808910
1259311
1689538
1408179
1596532
1701696
1553616
1475600
1565270
1299914
1631844
1934552
1563760
1593400
1307800
2011806
1785286
1920672
2040885
1517011
1537416
1170086
1686314
1822286
1275127
1383774
1516330
2032971
1805553
1590741
1630150
1331843
1515633
1905459
1625946
1768221
1486034
1747206
1867818
1607506
1720152
1392904
1984928
1738738
1582464
1545569
1727100
1752693
1676872
1642214
1338123
1875668
1584520
1663160
1357515
2128483
1568408
1694070
1911585
1285170
1467659
1657845
1950724
1692990
1953652
1392196
1721910
1711188
1221236
1409959
1807360
2000956
1493842
1476458
1416994
1836185
1787304
1672428
1648026
1401665
1694957
1604180
1984779
1623862
1855737
1574971
1876014
1681771
1563967
1459615
1957712
1347054
1986828
1852980
1336525
1624256
1893362
1741654
1732318
2009304
1749168
1696984
1264201
1406860
1993209
1555104
1521573
1709215
1557738
1725436
1740876
1469042
1364669
1403831
1756382
1821030
1729414
1466884
1852234
1491506
1572490
1545358
1565744
1724565
1592328
1984215
1590702
1586463
1462354
1549724
1407378
1604449
1773804
1757878
1839381
1524667
1487037
1506710
1370244
1381374
1692331
1517888
1718140
1743802
1682070
1792242
1568271
1415962
1575841
1783755
1709118
1693074
1459850
1746100
1403963
1371903
1950800
1634164
1899132
1585440
1711825
1605071
1944006
1213822
1697220
1788771
1467260
1591700
1766596
1397102
1181342
1899368
1825946
1472615
1672842
1615962
1784182
1526314
1423914
1925739
1666037
1603707
1304890
1567468
1309426
1729359
1609151
1383390
1774080
1451864
1610766
1994889
1732664
1879641
1510968
1612676
1762220
1974147
1797596
1691502
1802772
1284105
1565198
1496192
1635272
1721614
1900509
1466466
1688178
1526506
1606928
1440895
1619390
1857732
1764846
1594162
1635272
1640741
1423807
1780824
1447287
1412972
1294330
1624079
1301697
1415982
1543358
1683238
1803987
1845582
1555020
1360516
1746910
1637586
1590704
1310520
2023452
1452685
1503598
1446842
1847828
1884570
1930012
1770634
1576252
1547957
1784723
1527084
1330331
1588232
1793212
1592699
1288589
1899792
1312809
1589044
1646050
1396025
1528624
1350425
1420397
1778556
1424785
1384088
1432634
1777516
1932243
1488066
1547488
1894348
1145069
1867558
1510514
1918182
1523675
1358107
1875249
1422040
1322542
2043579
1700469
1271979
1420852
1492814
1209132
1612840
1167551
1583820
1526196
1495904
1727933
1663460
1410224
1519667
1521249
1265545
1720580
1929516
2098108
1488129
1494946
1508159
1808732
1210951
1671161
1283915
1960048
1524686
1504592
1947523
1316154
1633100
1293608
1946072
1785480
1720910
1678317
1400041
1418567
1759408
1336528
1629006
1805763
1880729
1654740
1464702
1306728
2099930
1837375
1689172
1491097
1612662
1738656
1688760
1562552
1328213
1875774
1468430
1267182
1966657
1719016
2006668
1138989
1882380
1270332
1584060
1386247
1634303
1403860
1749363
1473318
1725792
1482160
1276103
1113836
1505064
1626236
1266683
1703930
1549336
1767792
1285031
1815327
1635740
1508826
2015268
1508580
1409308
1334577
1731291
1658539
1262352
1342246
1507670
1518663
1466784
1670284
1631572
1643348
1825536
1678387
1400904
1952289
1502704
1453991
1780546
1711474
1998735
1470137
1926945
1482574
1600428
1460134
1577060
1480110
1813035
1617988
2004464
1494428
1435382
1780936
1307454
1662450
1589520
1554657
1525543
1699723
1713994
1489916
1426781
1517259
1606059
1827848
1315892
1778439
1655936
1649782
1822495
1652172
1971063
1301333
1979708
1740345
1735098
1682260
1387835
1498162
1713275
1945230
1609679
1759620
1656916
1566704
1574565
1487986
1260423
1573329
1571986
1481275
1462529
2040060
1385624
1595234
1864820
1332349
1278162
1570962
1573005
1581207
1668251
1551558
1228016
1769800
1248619
1412444
1551024
1504376
1796033
1132122
1490373
1255134
1516075
1597152
1401555
1898608
1994052
1225139
1536858
1628806
1703374
1974189
1682920
2078828
1890711
1232725
1950684
1615570
1910403
1586498
1748422
1406259
1485637
1253260
1837128
1977204
1588107
1944720
1804083
1345417
1533230
2063394
1479576
1551848
1550399
1990713
1507168
1553305
1723320
1721682
1690956
1632303
1232492
1785534
1528958
1565260
1779580
1439700
1537163
1900110
1439506
1945893
1931943
1841312
1407218
1743805
1930188
1713584
1723983
1415456
1578997
1638028
1842066
1638476
1309809
1387629
1574899
1378988
1935909
1579046
1358805
1589332
1875271
1475213
1962072
1347918
1558840
1374214
1728376
2013801
1255942
1810599
1646627
1812749
1436811
1561121
1940866
1447291
1845288
1228271
1778736
1463445
1988268
1655004
1985692
1901966
1382664
1368442
1630440
1859835
1521557
1568122
1855797
1561818
1946100
1973268
1793809
2110776
1474120
1353026
1347549
1470527
1513905
1668943
1502408
1585789
1602038
1273228
1361906
1498154
1454570
1493369
1676914
1464512
2053428
1758832
1267952
1422038
1548166
1505621
1622761
1667892
1819248
1602053
1237220
1752083
1597270
1391001
1469478
1768190
1623018
2008216
1267333
1319017
1225972
1816464
1996352
1622044
1695660
1196220
1234655
1316583
1803544
1475200
1647817
1988835
1727806
1265251
1834210
1734658
1416850
1586107
1156592
1406820
1230530
1562054
1789182
1721294
1860642
1691576
1879080
1389634
1201775
1455880
1540690
1717292
1872894
1457164
1388245
1651432
1763862
1661862
1794870
1828950
2056996
1475890
1458801
1513962
1721405
1805697
1511656
1724871
1354370
1556486
2023848
1704706
1264007
1801833
1922908
1827402
1141420
1399660
1648500
1479283
1652070
1639366
1531122
1354625
1483422
1537841
1640066
1490775
1291223
1848076
1206036
1344117
1582504
1321871
1961405
1634036
1500346
1862344
1546992
1741974
1378925
1385479
1582155
1358350
1333143
1406604
1616308
1602018
1790464
1514758
1788234
1333141
1934928
1701762
1626042
1638237
1809912
1573494
1587055
1915622
1931236
1654362
1707786
1859824
1330139
1541288
1468119
1668526
1421289
1314424
1626503
1302352
1633538
1797682
1466952
1524727
1907114
1468911
1509676
1416866
1575502
1138674
1501061
1725160
1663090
1578678
1704478
1242885
1565350
1940220
1270647
1729390
1382687
1818842
2003184
1571757
1620784
1250024
1758358
1427819
1717506
1648290
1236818
1514580
1187992
2069020
1471186
1343972
1246463
1566745
1636538
1729538
1444988
1731080
1794192
1496393
1714779
1450656
1598510
1465128
1456902
1947280
1918880
1639064
1740089
1906738
1586193
1728947
1674851
1674024
2102860
1590184
1649694
1598778
1749646
1327693
1766936
1387621
1543074
1308760
1846792
1490812
1579014
1816215
1538967
1588371
1411821
1294943
1680277
1455287
1487818
1284898
1370766
1627488
1554394
1176725
1521218
1855076
1888936
1414181
1891833
1525690
1385944
1740756
1467697
1708166
1630646
1229184
1667630
1554588
1890978
1314574
1347287
1462802
1883678
1669161
1636450
1513429
1934132
1567551
1444045
1680760
1586948
1553638
1600245
1963184
1570599
1517985
1563088
1731528
1637286
1866768
1835336
1896016
1544966
1646167
2005677
1860678
1714110
1934817
1272945
1441336
1450228
1828652
1623047
1633353
1793288
1388521
1749138
1837881
1393709
1533734
1692950
1576189
1993167
1871919
1539098
1534184
1909178
1666108
1253198
1945200
1251172
1527946
1545745
1738013
1385412
1396266
1656795
1815788
1515979
1869564
1424354
2017338
1713622
2008728
1799296
1272227
1888674
1858401
1485492
1674850
1913079
1777478
1591843
1747322
1286510
1568782
1537852
2001840
1543462
1563106
1681319
1927239
1749137
1390000
1747334
1281877
1551939
1797411
1270453
2010900
1770615
1363445
1426076
1589450
1744364
1396264
1579927
1760626
1802982
1543990
1670944
1482502
1773532
1857666
1173037
1673755
1891374
1560818
1899627
1263594
1554159
1864827
2012516
1787169
1976256
1157843
1774449
1523678
1917024
1680552
1380680
2091216
1653245
1805574
1733478
1692922
1835954
1588376
1646027
1836128
2001789
1225654
1373442
1245118
1903986
1566890
1601335
1730058
1441768
1192618
1566649
2077232
1347399
1845274
1212944
1828730
1680824
1404591
1589447
1783342
1889048
1546242
1698971
1866848
1556226
1549256
1673904
1978305
1774401
1597947
1603988
1563332
1573255
1327337
1753558
1524347
1484299
1722383
1674428
1579955
1736394
1318018
1528526
1539373
1228620
2058680
1192949
1781428
1359186
2024325
1788072
1752478
2039392
1863508
1923099
1679358
1809254
1574911
1690909
1358571
1731486
1389460
1630054
1801440
1882344
1583046
1733998
1399091
1538584
1547242
1482400
1344046
1481507
1958325
1817222
1641588
1524646
1570430
1483358
1652540
1627694
1537960
1506821
1547062
1632530
1546921
1490938
1713555
1192394
1681138
1402732
1295220
1230230
1753326
1838031
1384100
1709368
1601006
1560198
1953006
1852662
1394732
1542140
1539613
1769138
2064954
1648176
2047989
1494852
1261789
1675250
1485303
1435798
1664601
1682254
1843726
2074524
1956644
1405284
1807134
1530782
1781797
1316220
1209107
1561498
1595967
1442273
1934781
1873446
1685242
1433433
1399643
1215353
1980324
1388404
2033451
1656008
1595644
1437291
1721062
1830862
1473154
1714569
1780620
1746332
1959548
1945767
1509756
1294778
1716084
1657102
1671389
1330615
1436390
1650570
1887368
1263294
1926711
1707324
1477104
1579018
1888640
1727151
1874664
2026076
1340651
1170466
1124521
1855552
1972461
1229252
1509739
1228214
1568429
1782717
1303256
1586024
1429402
1573978
1158264
1578857
1482207
1475696
1698079
1948758
1458789
1700092
1582524
1620705
1489064
2040501
1926284
2019847
2040784
1713790
1656134
1657670
1676714
1419782
1675910
1371651
1963660
1422286
1976403
1306581
1718582
1746175
1239546
1561504
1497504
1611337
1549673
1750935
2008679
1578659
1748422
1793913
1436205
1716012
1807368
1734044
1240030
1765542
1765525
1731410
2078920
1618379
1880046
1598109
1537681
1400975
1686904
1840502
1944333
1626154
1513478
1267100
1917831
1297268
1698275
1836999
1463910
1592683
2026605
1299153
1453645
1961211
1578232
1283261
1747914
1539002
1203763
1386882
1760062
1888005
1638048
1500772
1918761
1802998
1358335
1623064
1816975
1395063
1942082
1683914
1581622
1759692
1285509
1592241
1419308
1849048
1398488
1753304
1673194
1626574
1985688
1589020
1549274
1686210
1470285
1271150
1634479
1859916
1414692
1392144
1844103
1834878
1362066
1708936
2059024
1405936
1653748
1596703
1381744
1959816
1658652
1532280
1630320
1600742
1263834
1605906
1772241
1590062
1498388
1348312
1673090
1866468
1765320
1650811
1474879
1594674
1371966
1984356
1496168
2051936
1529340
1311855
1538673
1512986
1645900
1746876
1362245
1875162
1555613
1159853
1769220
1463438
1729095
1943894
1810618
1761519
1329497
1788736
1804254
1642397
1209455
1599300
1990748
1581018
1280736
1715966
1555308
1599018
1300598
1739292
1670132
1140744
1502885
1189936
1579700
1739856
1342153
1768000
1585062
1353642
1843125
1302601
1215825
1645812
1668760
1888988
1434934
1305849
1533634
1216257
1676650
1720852
1888496
1977678
1583760
1735028
1725376
1799568
1251692
1776480
1305352
1833956
1593979
2028952
1920582
1931691
1467760
1450833
1637393
1918002
1639694
1444966
1641110
1411106
1763082
1955130
1294238
1395274
1525388
1960827
1509258
1363431
1469541
1714808
1858704
1285409
1643443
1741242
1563579
1628273
1313955
1739226
1794582
1551290
1846514
1787823
1339348
1488480
1433333
1190218
1351883
2111272
1350170
1268954
1627972
1252412
1675893
1633508
1605621
1447184
2015805
1775536
1298454
1649371
1704179
1125852
1499017
1220814
1775530
1618075
1775658
1918932
1855588
1557464
1766436
1602984
1655618
1365556
1487812
1833704
1880896
1439022
1709229
1443690
1964787
1436156
1802784
1597120
1548074
1563581
1561682
1793910
1848908
2117127
1603400
1767709
1686749
1585450
1285669
1785036
1566441
2079128
1603092
1563880
1977204
1427078
1799490
1721458
1544841
1301837
1502146
1953177
1421626
1906023
1614958
1658748
1443707
1277561
1238646
1854288
1632481
1411697
1606192
1829220
1700183
1359525
1632212
1625562
1379833
1770947
1757278
1545560
1433844
1849062
1732556
1167139
1372795
1138304
1656786
1755650
1534253
1803086
1884722
1342222
1182201
1565358
1700742
1913476
2120832
1612870
1406680
1298841
1788191
1513943
1314754
1820400
1437718
1147231
2066184
1635660
1582848
1686120
1722276
1634843
1588918
1866834
1569304
1429079
1849164
1669818
1675572
1699274
1746944
1514421
1776873
1665822
1650724
1982868
1518028
1630406
2069768
2067600
1575752
1810642
2009056
1703681
1522892
1328114
1826607
1722124
1511959
1741859
1670920
1873568
1592424
1528472
1270353
1242866
1195100
1599065
1806272
1710044
1697030
1668076
1373210
1465577
1579170
1824590
1601578
1303095
1786978
1446424
1699934
1975275
1725876
1646198
1758285
1606722
1637658
1466470
1821999
1263390
1348585
1556504
2043132
1408433
1408126
1644129
1542773
1903410
1204498
1238998
1383720
1581840
1712494
1701870
1538132
1646442
1376487
1665884
1408690
1357478
1828347
1316868
1459830
1992681
1669885
1580948
1226164
1708835
1345976
1792066
1738664
1173005
1632366
1788026
1769076
1628800
1519592
1501615
1849140
1658230
1358444
1574002
1365831
1633634
1495171
1691466
1881849
1557538
1415976
1814020
1466570
2025063
1655800
1602046
1555128
1944944
2016504
1351588
1498309
1389113
1615608
1723560
1616448
1848068
1816218
1968675
1434920
2033872
1346754
1837508
1240762
1255008
1757868
1684005
1524034
1874464
1758444
1565687
1789494
1492225
1429010
1390323
1965198
1826133
1386107
1497626
1672366
1268293
1424424
1179472
1826140
1471803
1774994
1408206
1131223
1647312
1474648
1698201
1780167
1406946
1213223
1676042
1702712
1196543
1606550
1384369
1671204
1746408
1551131
1536591
1815462
1391913
1775524
1965006
1372409
1548191
1162263
1572224
1696996
1970382
1825732
1402392
2070240
1751099
1739572
1863806
1881372
1440971
1497579
1487588
1786221
1918582
1972878
1913350
1642880
1817120
1818768
1291544
1647024
1353812
1636332
1339985
1381724
1481038
1461012
1687080
1733977
2079187
1410334
1216757
1655584
2017758
1592248
1158782
1265807
1582334
1535963
1728474
1624735
1664618
1986732
1801198
1680180
1820868
1345494
1514700
1670398
1755906
1445652
1463597
1801230
1801512
1969023
1659844
1993338
1856331
1941075
1509924
1829454
1705468
1591906
1663756
1383730
1680980
1920956
1781700
1504727
1895640
1292732
1233261
1470034
2007945
1965594
1468128
2016903
1560392
1925874
1781274
1452614
1684482
1282620
1643591
1630382
1542013
1416819
1583936
1482424
1611012
1693574
1335180
1401839
1236396
1478082
1329730
1220279
1748745
1380057
1650872
1527700
1550482
1776705
1928181
1645948
1874216
1835271
1590880
1784892
1623247
1206017
1593260
1755200
1464764
1484467
1657020
1682860
1501608
1425320
1581416
1693646
1773694
1651226
1649962
1781539
1685010
1402111
1968020
1813395
1661455
1676160
1207610
1446034
1550683
1799895
1652393
1731924
1586385
1605592
1890588
1611430
1798960
1630683
1447428
1392046
2045937
1653432
2004891
1393415
1397614
1557339
1792306
1575718
1312017
1688060
1630052
1785532
1326411
1428932
1548523
1628025
1470321
1855432
2087480
1267318
1811835
1293163
1470043
1695498
1464002
1608720
1524729
1505326
1729773
1308461
1576819
1523264
1573805
1849216
1520888
1752420
1497679
1458180
1560662
1735545
1594792
1702596
1939088
1619667
1583289
1473090
1688550
1479010
1781528
1662113
1761508
1931419
1676845
1424226
1825206
1658069
1789238
1474776
1416022
1179303
1552922
1530288
1664240
1468162
1861448
1579516
1564814
1612016
1705636
1811180
1813754
1857519
1600458
1843989
1376826
1790790
1717600
1710392
1255212
1833992
1384130
1376819
1730854
1594257
1126299
1795208
1994883
1515892
1325399
1341586
1562509
1786736
1277057
1236654
1868812
1224856
1608066
1907364
1352532
1770966
1611618
1840692
1437336
1339551
1674661
1202477
1367701
1368390
1777209
1218896
1831730
1459365
1176424
1640048
1570154
1263047
1335830
1596716
1874688
1760391
1523640
1550043
1888052
1712092
1708399
1738716
1851459
1923972
1498303
1975158
1505160
1593426
2101308
1681954
1804427
1444078
1859007
1635502
1196638
1663662
1398772
1557008
1298082
1734470
1379061
1445337
1670410
1375574
1442258
1833330
1617585
1245794
1181017
1421657
1399378
1876346
2017657
1592070
1882908
1693179
1781324
1582961
1389604
1703422
1392507
1672810
1559894
1445033
1889916
1684872
1555456
1709356
1745106
1384744
1517286
1530308
1658670
1759532
1631790
1590228
1497190
1805102
1649523
1727470
1145857
1618462
1643058
1679241
1860952
1468191
1593662
1864062
2012544
1628680
1851339
1571234
1499338
1510186
1226549
1564488
1632484
1644398
1738132
1922596
1530754
1960828
1545457
1727587
1403695
1442652
1285789
1571054
1642990
1652674
1765830
1716364
1516328
1667808
1908075
1625264
1218780
1857252
1303047
1277837
1601654
1716238
1596048
1784560
1212278
1527442
1953780
1833399
1543992
1262409
1314258
1853180
1544566
1582516
1968974
1575092
1748618
1488524
1951762
1274797
1634704
1781945
1514509
1665782
1173717
1454718
1806600
1464553
1650770
1349169
2083225
1336135
1670092
1557401
1348536
1431522
1420537
2115516
1468540
1925378
1500418
1584712
1645256
1527125
1812606
1805433
1660390
1296764
1614808
1635966
1511630
1299948
1593492
1324330
1530416
1750164
1864360
1596356
1220895
1508903
1475404
1861367
2067560
1766328
1971576
1747582
1941489
1757555
1871928
1648300
1281244
1383526
1891142
1693409
1659386
1955044
1903776
1713940
1757956
1491074
1421625
1732552
1652602
1436982
1770414
1425315
1790495
1488280
1297540
1939443
1700463
1232173
2036540
1807795
1732638
1573624
2053908
1251717
1425998
1472080
1335429
1529317
1330711
1381598
1919325
1504292
1291686
1290798
1656885
1905570
1548918
1591419
1457417
1198154
1702258
1430949
1405844
1323722
1502405
1263645
1613768
1772493
1717701
1591698
1861728
1152711
1446338
1611437
1582384
1533418
1195879
1562130
1806776
1283638
1606208
1437899
1943031
1605288
1961480
1598942
1416107
1550860
1143622
1555399
1748914
1606429
1408437
1685478
1649547
1413684
1972798
1453921
1440170
1679604
1355969
1501101
1451855
1609754
1690663
1661542
1701206
1279286
1454085
1442252
1601143
1347121
1761182
1718685
1554814
1536329
1305424
1470580
1311350
1503846
1186485
1354586
1748772
1428211
1673818
1713538
1798372
1793955
1463502
1776250
1693674
1958304
1719436
1992666
1336984
1889004
1708971
1197737
1560024
1151896
1596706
1344247
1822056
1659181
1955178
1235378
1689869
1618632
1500958
1794466
1784036
1640963
1407483
1574335
1594748
1613568
1384671
1788956
1722776
1630124
1723964
1838668
1219847
1868130
1634149
1370153
1502422
2034603
1601930
1573842
1730316
1562255
1269113
1880460
1574042
1504632
1846761
1876410
1754036
1811390
1816376
1935810
1485574
1210932
2023780
1193646
1255553
1641158
1618011
1584542
1563665
1698302
1247229
1660985
1510486
1590828
1485337
1528284
1864644
1992189
1596177
1654224
1881453
2011064
1632317
1519033
1774898
1499008
1590475
1270805
1528505
1464523
1609528
1663528
1938231
1703670
1224732
1611654
1508028
1589850
1788493
2050671
1849488
1892793
1718562
2087288
1501512
1427601
1507639
1460991
1788124
1878193
1792978
1440653
1802898
1678957
1985493
1816956
1641842
1480955
1668662
1686157
1686143
1921104
1315192
1684904
1625214
1762752
1814279
1401190
2099424
1341726
1712042
1342093
1513783
1560175
1366100
1627200
1550848
1974687
1430350
1508117
1425790
1592866
1685144
1715856
1237462
1796805
1817691
1646160
1817941
1313732
1516020
1828376
1408124
1889362
1851243
1515552
1664616
2025591
1739036
1269246
1402232
1799895
1655877
1507587
1609168
1320997
1798263
1646616
2007900
1816887
1510426
1619528
1361484
1648834
1918674
1609540
1244251
1812922
1818081
1563774
1294521
1402036
1769910
1712956
1730955
1713920
1499922
1608308
2014854
1502809
1605516
1413090
1264488
1346641
1592988
1267264
2006092
1653653
1638936
1532475
1641928
1753899
1999632
1617792
1350626
1215717
1844364
1695324
1479985
1624197
1353604
1429639
1817241
1492261
1659221
1731048
1592470
1583758
1350890
1451577
1584384
1700444
1597756
1423064
1636974
1610176
1652692
1403725
1454511
1685243
2055752
1174004
1529574
1456456
1534099
1798859
1551903
1259251
1414017
1490408
1203101
1464640
1801107
1765772
1560549
1550766
1370329
1389154
1509898
1682264
1808022
1673875
1484762
1187121
1807158
1588999
1979600
1471974
1987728
1706689
1882137
1403647
1829370
1208398
1664587
1930527
1660253
1282461
1648128
1416459
1235318
1610232
1604266
1457354
1505847
1687327
1357985
1634112
1733902
1287265
1173695
1443375
1578360
1622511
1933434
1258628
1525020
1878368
1484940
1579575
1761416
1603968
1676952
1722332
1538622
1391933
1461708
1572212
1404948
1636060
1892634
1765170
1915612
1599497
1425523
1550691
1758998
1571973
1842471
1531977
1866952
1163261
1662386
1752404
1609842
1351013
1344424
1479512
1300149
1870515
1761151
1982332
1240347
1324144
1440018
1365338
1642468
1781636
1734867
1235117
1303179
1363058
1850408
1512488
1435002
1159490
1708288
1697606
1910572
1608584
1347755
1596664
1768240
1447038
1238488
1949631
1725148
1754554
1565602
1559416
1640953
1673989
1511490
1874480
1283311
1747972
1852428
1211357
1295882
1315977
1772792
1407846
1681379
1613490
1511302
1336214
1833670
1663242
1321880
1420765
1859427
1825434
1735228
1278787
1550746
1564194
1724724
1975266
1481408
1617180
1823746
1751918
1449214
1957146
1585369
1411254
2080484
1592533
1706530
1202135
1441277
1451946
1599137
1499067
1223420
1626164
1201741
1341409
1736424
1896302
1470732
1652238
1421795
1756564
1896450
1671000
1515534
1794004
1448607
1639156
1693812
1266494
1730422
1745498
1668725
1572910
1740500
1703692
1407550
1609625
2009457
1645798
1621134
1285374
1790339
1463085
1787541
1468656
1722266
1536909
1550949
1481446
1548163
1310613
1632911
1480928
1484751
1735068
1362856
1717572
1657900
1180179
1393388
1524158
1984629
1695407
1658248
1784728
1305048
1643093
1367103
1390504
1137462
1492914
2085044
1868109
1275882
1296929
1447202
2010108
1571714
1219004
1832145
1691692
1549506
1437712
1436198
1700676
1669620
1543360
1327472
1522797
1330602
1679932
1220735
1575728
1484212
1512854
2085640
1455085
1499951
1656845
1665539
1614818
1757502
1391311
1833954
1588584
1768194
1429635
1246556
1301509
1998668
1858266
1711976
1728467
1824655
1743975
1556223
1587941
1841470
1907958
1384411
1527893
1401456
1430738
1943812
1519822
2083460
1969708
1538920
2027700
1403816
1847184
1865103
1831482
1337660
1664729
1258772
1466704
1687538
1532212
1305874
1419180
1387816
1482375
1391931
1987131
1571384
1440034
1547944
1554839
1714930
1834332
1697817
1214245
2032362
1860508
1892312
1793355
1715193
1476795
1846686
1435817
1755250
1329300
1473560
1226673
1456662
1636642
1578042
1536974
1217959
2005740
1480446
1212648
1956435
1447712
1655574
1577662
1552267
1554904
1685578
1623964
1816221
1821632
1633226
1300931
1523842
1548480
1499879
1445584
1287170
1459640
1517572
1472232
1376682
1329426
1200002
1319326
1962070
1892494
1751965
1616462
1729014
1728663
1171960
2000517
1298920
1533148
1708028
1916772
1927180
1339235
1593179
1437694
1309128
1457788
1493462
1387582
2051828
1139330
1221613
1401097
1819300
1550190
1887116
1488924
1809394
1399730
1422904
1182899
1708616
1325280
1387451
1750444
1914702
1646570
2112798
1587118
1129485
1304044
1284871
1614310
1906419
1812750
1298050
1501818
1910720
1473792
1347897
1544422
2074120
1807920
1872084
1842934
1800831
1954551
1794742
1879716
1626659
1346983
1876140
2056384
1568746
1643831
1246292
1519833
1584851
1410579
1945076
1392524
1915364
1522036
1802475
1989669
1605454
1487744
1707209
1509449
1790446
1924986
1413199
1917231
1426964
1809460
1837041
1772344
1344161
1923510
1765251
1671188
1413315
1161147
1816700
1473610
1863140
1410094
1681033
1947846
2066535
1428047
1582687
1678038
1969953
1395918
1739398
1706878
1584032
1401569
1624328
1632827
1663703
1533216
1678252
1700769
1500716
1603234
1476696
1342577
1380302
1801654
1695142
1236411
1815108
1659043
1506565
1452322
1632406
1655212
1890324
1686592
2002974
1747700
1981884
1993350
1496569
1916934
1823574
1234386
1385074
1610125
1534556
1798674
1939224
1411228
1586539
1959534
1393318
1528891
1854304
1588383
1605916
1430162
1749036
1573518
1279131
1517306
1260250
1635877
1262044
1888372
2084001
1971899
1711722
1717515
1537964
1320447
1371518
1892146
1465929
1795586
1516368
1815003
1614788
1598536
1271814
1599578
1304502
1651670
1384476
1506966
1989312
1324940
1536792
1494585
1778367
1849870
1748888
1848648
1328401
1809600
1456702
1799514
1420840
1815192
1363132
1756158
1569219
1491032
1112901
1814592
1893444
1639477
1633780
1445784
1788744
1656305
1503525
2086880
1729094
1383126
2116471
1424064
1776708
1843412
1684568
1491694
1406270
1594092
1860426
1585165
1964368
1480128
1987734
1424115
1644146
1314822
1585978
1478719
1719590
1228175
1767958
1571589
1501822
1677343
2020611
1376411
1704027
1359399
1877296
1815666
1281902
1562269
1157800
1814087
1819590
1545473
1661500
1745064
1199545
2076908
1415896
1695454
1576022
1886404
1399024
1429486
1726204
1468170
1539444
1173754
1907520
1668899
1390880
1392414
1451681
1556369
1816884
1194773
1641223
1516779
1678458
1981812
1420712
2056554
1930024
1425128
1681495
1588322
1929600
1734015
1561304
1558288
1765398
1574285
1479099
1543838
1851164
1339993
1667288
1569518
1438400
1653826
2087530
1829920
1708386
1724283
1528057
1808313
1942287
1645526
1963920
1431776
1269163
1602644
1782828
1501790
1927522
1620891
1839777
1499766
1616674
1923428
1917906
1909876
1513287
1509620
1698440
1803495
1602769
1557900
1565986
1175532
1934337
1749664
1678712
1436392
1731913
1787580
1559134
1252478
1287489
1397221
1540241
1668346
1361307
1288674
1655094
1970435
1657628
1703653
1561771
1287840
1347892
1735735
1686317
1534047
1831989
1664040
1978281
1569008
1316891
1591342
1699256
1439693
1947198
1486566
1932183
1789533
1663008
1635010
1256698
1596522
1912884
1619366
1503202
1483288
1381844
1707418
1589847
1865252
2085372
1490550
1412542
1711604
1703962
1257452
1643669
1949442
2021286
1164972
1529473
1629798
1992924
1637888
1889436
1405957
1564736
1769784
1917645
1623888
1589980
1971495
1548733
1155096
1487779
1260059
1448354
1665796
1528989
1276526
1281539
1557308
1423562
1625414
1602454
1702702
1534330
1309095
1542501
1736226
1433121
1337005
1787382
1439865
1387143
1744564
1714494
1682271
1720796
1575048
1517770
1611326
1416820
1527033
1692262
1433233
1876134
1769316
1501972
1572023
1439998
2067414
1663488
1704880
1549486
1473706
1752021
1518419
2034594
1806660
1152491
1393635
1793964
1975551
1633222
1395080
1507831
1557637
1577332
1481155
1331321
1985024
1736199
1401243
1264665
1219559
1152893
1207510
1700734
1409925
1372887
1246573
1443647
1475202
1574782
1395588
1718055
1707734
1370946
1755920
1349982
1858898
1592194
1725938
1565766
1661576
1263794
1709011
1505584
1700770
1738728
1662147
1455480
1940644
1536866
2061088
1728412
1443702
1940403
1766266
1540308
1443035
1343334
1582018
1761664
1583739
1478463
1535767
1523996
1326985
1611636
1554522
1910192
1735734
1741906
1655046
1634764
1515897
1502319
2105196
1707626
1669494
1759769
1773146
1281987
1563220
1435865
1692222
1324119
1384966
1290093
1763382
1702722
1705028
1901392
1887681
1238687
1600978
1441786
1774398
1667068
1983276
1980783
1626331
1890600
1575516
1430326
1537454
1919655
1222450
1545080
1588500
1662360
1696620
1530023
1399101
1548820
1474252
1574812
1459464
1690254
1238200
1590826
1593270
2010528
1615222
1726826
1535792
1682502
1547082
1272918
1460635
1278772
1280442
1500906
1253674
1694895
1255614
1341157
1468718
1386440
1371535
1256679
1675682
1996662
1779198
1683027
1313326
1580382
1943664
2006792
1677651
1328439
1269088
1447652
1460580
1369860
1567807
1347486
1270788
1631764
1722104
1282794
1537258
1389625
1703442
1627236
1735922
1419651
1433371
1864808
1832622
1228508
1610807
1954014
1529503
1683612
1807791
1238854
1939947
1593712
1452265
1927152
1886820
1258755
1999752
1697624
1281430
1613058
1420364
1557556
1407149
1530458
1647400
1748044
1382777
1475294
1588160
1375714
1414573
1369737
1410348
1938848
1540628
1331748
1714588
1253078
1700748
1910163
1577218
1322238
2001884
1786819
1825419
1482254
1593768
1400718
1758222
1759341
1920753
1503448
1434361
1386986
1610453
1844493
1478816
1553840
1975737
1790866
1418292
1305609
1791218
1284427
1545198
1576873
1438486
1338131
1410717
1482542
1931342
1405372
1468239
1663858
1747973
1368457
1958040
1509635
1562468
1380504
1620980
1784334
1832625
1370542
1646640
1652655
1944768
1269696
1349127
1950378
1495214
1567338
1375308
1593823
1623758
1451003
1430590
1456362
1331105
1416156
1715628
1446828
1124123
1773370
1259197
1666356
1962369
1893519
1482989
1743938
1473000
1455459
1571409
1367621
1905788
1806732
1850994
1743214
1650520
1523976
1649680
1644415
1825986
1141785
1865510
1560645
1719516
1429884
1607897
1471568
1532367
1590328
1771810
1210134
1738288
1522061
1143877
1277213
1873191
1848538
1314473
1363869
1926366
1613001
2020998
1686646
1873698
1675564
1261259
1623860
1780498
1460274
1831472
1258563
1384293
2011035
1332361
1354732
1465210
1620062
1605070
1738153
1664518
1708908
1506193
1524617
1294378
1864629
1351518
1446405
2111538
1989772
1546162
1194146
1683087
2070768
1435413
1544397
1844372
1832600
1642940
1331751
1404421
1617820
1221841
1594414
1834400
1403757
1597530
1639742
1668826
2013820
1598808
1574811
1736984
1580604
1494410
1337129
1643090
1502490
1557097
1566105
1531537
1698088
1516684
1463222
1551456
1849305
1522381
1445830
1327795
1690494
1293461
1552634
1629808
1983438
1931584
1692728
1611934
1537026
1636856
1103665
1778951
1630022
1793904
1341428
1298369
1640492
1998204
1119518
1613909
1550562
1997012
1415241
1631056
1466775
1803036
1489800
1926588
1664052
1511841
1816876
1681456
1880576
1794408
1658789
1426402
1921281
1314947
1680384
1765139
1689880
1751008
1294000
1622114
1423849
1642212
1725288
1576570
1507554
1932780
1509586
1493014
1702582
1507473
1311971
1158152
1339621
1739407
1701494
1650057
1323356
1930668
1905054
1718380
1551510
1576987
1416792
1568051
1196627
1605046
2011056
1986867
1781758
1493140
1564638
1486078
1649154
1642986
1464214
1779650
1439822
1434617
1470675
1790090
1742499
1696328
1828202
1337396
1696299
1530896
1600426
1695826
1957044
1419805
1597654
1650864
1337158
1297639
1664120
1634266
1483296
1561115
1599542
1618795
1274020
1452898
1692078
1396071
1603998
1917522
1637925
1616130
1571929
1371452
1938789
1758092
1932231
1338783
1797202
1356077
1703460
1626081
1517499
1461530
1565454
1606777
1570036
1360940
1278215
1590142
1714962
1519047
1853733
1785456
1483752
1786038
1385831
1911852
1453606
1564846
1341173
1632980
1641400
1745950
1657015
1644275
1572600
1628924
1922301
1889178
1735730
1545665
1392678
1626624
1693272
1582182
1522939
1869198
1622346
1592925
1739898
1567923
1707202
1612380
1473799
1858137
1734524
1389672
1878201
1689374
1893600
1428716
1478500
1282624
1523726
1820280
1451828
1341325
1492224
1264801
1632771
1695776
1755714
1760392
1841349
2030790
1489623
1463376
1772928
2042004
1629153
1580894
1591816
1872522
1572250
1762122
1873842
1371988
2102743
1418809
1523713
1642552
1869470
1759800
1698751
1593850
1488158
1941252
1618840
1791777
1713482
1522768
1579120
1745994
1424144
1592713
1540163
1492229
1453175
1812453
1547538
1342980
1682119
1338214
1598039
1783542
1809316
1656304
1661946
1563318
1926132
1447770
1507538
1771662
1808823
1534768
1675650
1800046
1436564
1266529
1605142
1974546
1998116
1837167
1596758
1795606
1935459
1742773
1957197
1393398
1529276
1274307
1659082
1287637
2031832
1613455
1839736
1686426
1667748
1533334
1551575
1265940
1717360
1525893
1578182
1873984
2070656
1433972
1524077
1573381
1832181
1554072
1667746
1770088
1869040
1482539
1959438
1376637
1272747
1621576
1547401
1656413
1631937
1708430
1764981
1591112
1736308
2044248
1752262
1204877
2042844
1788640
1719595
1707656
1799748
1715772
1748118
1737372
2006076
1235593
1559937
1929579
1380959
1479829
1550210
1559676
1601887
1415301
1564933
1906867
1686320
1719984
1837848
1554460
1434169
1264986
1463881
1935948
1799496
1627868
1795107
1941834
1311405
1745158
1601828
1529913
1279035
1564268
1993980
1602516
1653005
1728220
1565893
1849323
1726004
1707002
1782546
1816016
1985124
1410067
1922841
1499474
1597648
1417435
1395918
1600012
1572189
1593005
1650430
1545630
1557119
1539260
1544710
1563138
1309154
1637318
1855202
1500290
1592714
1699278
1549508
1616768
1568361
2010548
1248602
1901661
1922520
1507260
1756026
1521080
1769761
1647084
1698550
1597888
1644348
1429156
1185485
1500378
1276893
1583073
1143830
1620578
1705665
1823426
1181092
1375451
1703560
1804048
1899480
1296376
1408058
1516228
1495668
1786472
1743975
1920495
1774401
2060298
1715356
1599796
1569721
1873092
1917000
1480446
1781633
1653862
1460708
1767885
1495197
1642352
1848702
1750548
1673048
1676600
1653434
1943780
1492542
1706301
1861656
1630293
1361545
2078148
1577382
1603814
1792010
1726818
1869056
1750760
1589686
1776113
2101848
1780128
2131608
1914724
1831311
1956033
1800570
1745128
1669248
1736666
1458936
2058087
1843312
1425078
1421600
1573776
1950198
1470761
2077783
1827170
1578234
1426539
1792923
1856691
2050564
1882932
1620890
1764148
1514612
1779578
1695228
1537005
1682940
1820982
1853925
1407262
1586603
1737584
1996828
1899968
1393890
1807352
1258333
1423867
1724082
1749688
1773572
1803091
1574121
1327068
1654883
1991340
1795741
1511832
1660800
1894410
1661660
1871786
1701478
1586392
1595070
1331331
1478291
1325098
1407641
1523854
1651158
1746862
1710524
1954074
1434974
1893970
1436075
1931841
1994460
1509370
1642220
1497445
1306657
1603346
1360892
1835448
1601279
1400904
1610554
1289692
1387450
1532244
1542236
1513160
1607163
1203870
1865280
1250008
1442791
1585420
1470926
1458526
1646466
1764710
1643012
2065179
1642828
1562858
1534602
1729320
1710226
1779612
1763732
1666104
1412019
1523090
1381817
1702316
1481507
1651068
1272893
1566416
1293225
1574706
1944072
1630766
1764150
1674043
1567090
1746222
1590914
1557021
1661360
1676485
1467970
1807380
1240831
1601509
1643553
1581520
1636152
1914208
1397861
1704779
1492349
1288438
1814175
1770290
1659476
1364296
1799106
1745274
1684635
1453796
1778158
1274586
1510004
1734302
1405189
1552764
1903352
1654484
1558327
1975032
1674910
1860801
1530524
1397339
1932951
1400046
1350204
1682804
1605210
1714574
1626322
1708908
1657990
1840473
1645202
1847220
1943388
1549558
1928112
1396861
1375579
1836591
1824620
1958268
1479218
1883981
1697654
1171222
1679216
1627220
1326275
1831809
1514630
1846678
1948806
1195006
1791474
1517348
1795278
1388124
1623093
1655046
1754504
2012214
1771137
1762968
1878795
1418090
1935876
1493870
1832907
1828338
1383305
1559540
1715176
1691247
1504957
1391248
1881894
1838622
1246302
1730872
1326382
1819100
1652380
1152067
1275688
1486668
1962778
1527262
1967691
1590954
1638186
1426451
1201381
1388292
1732984
1886834
2050428
1594699
1754858
1686249
1326106
1857424
2087232
1343695
1835726
1753726
1760240
1633892
1281475
1735584
1537228
1662899
1748451
1727456
2061384
1926669
1801276
1356117
1786246
1622562
1153337
1491340
1710446
1498486
1474895
1582128
1505182
1707401
1783188
2101920
2052732
1417140
1604358
1876638
1663558
1544114
1558148
1375219
1565472
1601523
1624466
1925646
1648740
1358678
1480454
1740528
1664904
1192805
1610478
1557875
1961085
1870644
1489831
1884692
1347891
1654252
1818675
1937091
1839897
1707888
1617698
1755682
1626660
2026860
1796538
1538480
1669537
1702262
2031618
1675178
1563393
1660170
1242385
1493509
1453730
1447783
1544418
1607926
1969404
1768645
1458903
1341831
1609705
1961574
1865462
1391511
1797420
1636015
1927773
1183271
1743381
1433433
1423571
1344019
1690206
1642822
1926843
1726666
1822326
1505730
1324678
1570758
1326513
1540781
1709766
1272964
1821321
1682938
1706976
1410661
1266210
1847078
1813218
1345029
1206540
1978344
1809059
1528233
1572455
1264510
1820739
1569628
1643912
1325394
1804737
1288693
1261947
1810929
1717350
1695586
1411531
1321944
1564250
1897261
1965231
1910406
1674347
1306400
1773614
1370805
1464444
1990767
1742106
1607028
1632810
1194300
1845360
1757362
1746308
1591880
1855930
1289011
1313201
1296800
1825276
1374450
1834856
1888532
2016084
1365445
1724690
1975988
1261109
1319179
1406729
1614293
1155193
1948104
1595051
1958832
1662918
1369150
1921233
1481188
1546497
1486731
1666026
1561259
1394906
1426227
1577028
2028381
1570512
1515847
1953082
1545970
1514663
1720242
1533014
1947531
1904552
1772133
1699701
1440464
1926778
1615753
1358081
1732503
1354191
1398128
1826372
1790902
1782917
1498848
1163477
1946562
1853700
1521016
1707264
1346411
1536040
1759378
1719922
1679720
1810479
1724764
1413572
1165181
1984023
1337287
1623498
1186848
1346083
1644480
1497120
1523925
1499933
1851348
2126662
1250227
1531572
1577925
1667745
1366150
1535243
1790062
1501858
1362186
1707818
1878912
1594076
1474490
1954964
1494413
1549655
1443383
1948926
1415341
1798555
1873407
1468468
1281267
1514485
1769153
1672091
1644356
1584846
1707296
1518373
1803816
1624019
1749676
1914408
1951935
1679475
1847636
1554876
1751417
1806600
1489267
1737610
1530281
1307320
1484860
1892082
1658142
1577362
1410936
1910481
1994558
1498714
1321855
1191162
1561678
1641002
1853529
1740564
1213258
1630042
2003409
1671644
1709786
1839492
1856280
1659696
1958990
1864737
1883708
2013147
1495855
1706994
1923663
1897284
1504908
1688813
1125844
1459292
1407080
1468710
1744668
1485386
1324150
1933080
1582799
1293728
1724784
1601458
1339382
1515960
1723468
1477187
1569762
1659233
1621020
1287739
1500948
1434792
1920279
1444434
1294519
1422217
1240291
1422872
1696575
1842716
1246197
1394260
1763360
1869795
1486638
1490985
1448709
1281649
1445755
2127639
1660556
1596190
1469074
1946860
1584832
1660893
1638759
1680636
1900736
1458816
1428226
1645520
1600266
1608987
1594274
1441777
1331493
1138461
1554474
1583291
1260550
1293379
1690668
1611426
1314747
1752304
1276909
1562610
1658114
1556602
1653963
1765716
1639064
1282286
1439952
1356950
1966752
1604184
1822138
1667644
1432212
1493412
1432081
1468148
1640266
1453932
1575101
1642990
1584033
1512076
1394378
1448818
1986852
1505141
1441720
1833909
1817175
1892853
1466988
1355407
1500822
1422041
1992436
2021796
1921212
1549192
1616173
1711562
1482773
1624847
1675379
1145029
1731718
1502617
1707806
1539197
2096944
1683416
1867652
1657067
1479716
1666391
1759653
1656588
1442534
1385747
1157082
1468289
1571160
1718787
1816608
1407364
1510532
1820502
1617265
1213287
1403986
1870068
1860789
1521600
2029725
1543292
1684744
1505139
1755570
1760996
1143282
1565436
1865248
1658203
1847235
1737634
1692818
1590935
1759188
1497016
1482134
1862025
1580393
1970226
1922146
1310846
1664742
1487253
1264343
1793246
1796917
1660572
1649013
1484409
1467322
1739658
1549137
1632040
1695073
1269410
1645205
1620470
1350235
1961538
1645695
1872468
1610910
1288596
1388563
1563425
1431852
1538784
1598346
1200591
1810634
1256888
1358174
1789455
1818018
1678676
1791660
1713650
1643057
1815963
1750590
1558470
1597254
1737912
1439301
1646966
1692822
1474416
1957890
1654204
1290272
1559282
1648032
1573060
2088384
1460902
1807586
1294351
1948764
2022736
2111724
1745648
1737868
1506418
1532576
1545662
1593772
1576468
1329567
1291313
1533770
1551703
1738445
1827658
1800240
1869684
1732160
1930014
1507494
1999704
1754285
1638620
1724474
1375188
1691501
1599270
1747740
1739910
1479891
1486437
1597570
1664484
1210595
1332744
1641134
1432551
1420044
1821195
1535014
1420408
1319702
1671704
1651068
1584434
1659976
1567355
1836220
1955352
1920699
1946628
1269168
1952685
1345262
1709288
1530564
1337205
1874640
1318455
1637068
1431803
1786911
1642758
1915821
1387760
1259643
1538004
1257994
1445707
1855200
1548042
1505076
1426386
1432572
1296499
1592411
1730555
1665620
1906143
1751088
1884342
1517017
2044300
1441906
1672220
1937476
1529936
1775259
1629352
1589354
1473630
1172972
1577688
1514880
1800474
1392042
1360950
1674869
1779854
1753866
1578968
1473664
1466700
1304322
1443883
1612574
1863984
1731339
1607846
1524342
1940292
1568490
1526223
1622607
1577334
1715564
1978069
1782515
1942887
1514352
1498519
1600446
1949144
1375275
1496863
1656743
1478976
1591330
1293797
1485786
1621534
1169507
1494323
1421755
1513092
1794700
1412811
1311347
1587000
1443396
1643896
1619345
1498599
1267388
1901612
1719984
1655216
1260413
1566012
1656900
1146685
1344423
1472344
1328276
1408556
1903920
1542426
1818124
1638706
1833026
1785408
1818920
1710492
1616897
1332717
1985604
1297867
1834803
1649710
1702346
1895658
1996428
1614033
1411545
1868312
1280965
1130012
1559515
1683776
1554204
1726223
1647624
1275339
1504678
2100168
1951503
1181829
1335906
1473761
1746834
1610315
1602378
1616114
1562718
1713923
1457506
1471914
1206989
1576732
1838658
1583572
1633487
1503200
1747068
1815204
1687006
1483562
1919703
1906016
1330839
1647113
1935447
1720572
1301546
1149814
1774414
1958724
1606491
1518597
1574552
1619086
1595705
1675792
1328620
1628307
1726125
1652920
1428490
1809152
1780902
1556035
1551644
1737502
1788525
1787390
1709181
1931538
1523604
2019354
1462768
1412405
1636317
1749972
1594076
1825445
1508349
1579638
1690953
1792444
1949876
1767504
1327795
1662672
1908186
1789022
1177893
1491484
1960872
1439314
1693344
2065576
1661475
2009868
1840502
1909209
1882344
1701358
1547347
1422910
1888258
1685910
1746376
1497003
1744214
1710169
1677352
1728374
1373265
1886211
2028093
1539562
1621706
1565492
1552121
1943535
1541870
1872172
1499142
1406339
1524795
1292714
1618349
1892430
1125574
1381387
2067999
1790316
1517886
1982304
1713084
1486286
1489553
1738468
1533984
1781271
1525015
1456624
1752052
1484803
1507748
1705204
1478766
1626518
1663799
1734952
1920700
1516199
1494488
1667725
1744952
1732574
1795594
1554503
1628844
1826778
1683830
1751902
1305462
1428603
1532896
1521346
1682312
1647628
1227378
1728286
1795936
1378277
1508151
1651678
1358656
1804983
1752777
1621426
1798058
1609618
1848306
1527826
1729152
1601751
1649610
1980561
1303331
1599510
1841890
1797994
1899804
1309269
1677232
1712180
1713180
1454648
1379224
1624982
1303166
1978836
1408114
1721795
1643438
1327496
1849140
1391002
1607891
1723330
1891038
1998546
1603301
1433304
1743750
1780356
1347921
1636145
1976352
1919790
1636500
1583552
1657086
1719152
1969857
1688444
1549094
1773740
1771974
1609648
1693438
1387102
1935108
1729548
1527215
1993659
1533427
1509558
1805706
1683200
1797368
1436171
1606683
1935627
1451696
1908610
1617420
1323498
1826551
1746966
1481176
1720932
1203000
1441638
1918953
1547508
1309141
1417870
1392359
1781538
1481600
1402596
1405998
1390548
1560851
1293963
1499358
1996050
1812556
1541184
1623752
1793208
1682056
1602210
1649891
1637423
1741736
1635946
1604623
1639363
1240673
1990074
1497218
1614322
1679454
1273933
1774636
1510252
1272504
1992477
1433011
1407257
1314632
1578483
1518529
1390362
1762506
1385462
1747668
1728804
1531706
1463243
1618720
1582645
1991704
1666477
1606104
1675190
1363377
1648875
1874772
1754511
1870767
1720669
2054688
1793806
1588504
1946595
1682922
1673282
1664407
1506343
1519540
1586190
1545609
1557410
1562066
1747778
2094790
1404323
1620108
1490740
1825902
1949348
1576614
1629944
1525955
1735130
1593622
1941199
1914828
1610386
1490154
1769668
1374672
1312906
1928348
1476531
1627289
1731252
1670858
1850540
1666038
1290038
1800944
1923524
1196450
1811127
2063560
1408061
1727156
1696364
1650978
1765232
1890867
1527154
1394044
1740128
1777386
1551628
1284454
1748425
1431812
1798777
1517714
1584170
1899432
1837096
1405020
1533369
1771686
1675318
1556395
1581580
1619626
1277768
1912635
1396309
1839294
1370059
1580380
1897072
1337529
1455791
1752372
1473232
2085324
1700178
1574278
1804136
1440621
1410576
1533350
1166349
1458705
1401870
1683162
1849954
1583328
1370031
1719166
1738402
1669702
2005352
1717798
1303995
1447425
1850552
1519036
1670814
1495670
1531464
1591904
1328880
1491086
1841666
1545843
1852608
1575412
1435889
1357153
1795515
1549034
1589426
1354861
1763220
1605726
1582530
1718631
1984108
1570737
1720293
1602188
1545372
1536869
1154624
1808842
1653596
2032152
1822139
1947885
1424344
1671504
1272904
1610248
1615806
1333395
1485454
1462843
1642017
1443607
1483030
1654666
1877404
1661474
1811301
1699920
1377156
1371130
1411321
1701892
1373114
1362256
1375677
2108916
1654316
1541249
2008755
1768694
1522574
1878550
1447533
1546596
1349538
1733900
1691350
1705262
1535132
1220176
1536760
1857884
1527971
1183754
1803108
1613608
1472939
1705873
1660516
1299006
1628686
1312813
1160704
1543926
2018568
1591644
1341049
1800732
1372009
1328192
1385226
1805676
1635682
1834020
1646948
1609276
1761786
1454510
1829038
1840353
1836192
1518242
2032888
1325347
1702256
1668794
1781050
1719183
1514529
1589652
1481926
1528860
1850301
1311383
1145635
1414961
1656182
1459815
1609624
1675716
1790823
1614481
1878522
1278576
1491342
1309399
1908384
1442780
2001392
1387996
1450034
1775769
1294097
1485945
1816215
1789158
1817604
1600946
1879989
1327150
1632676
1460733
1874067
1253159
2111681
1454226
1776912
1361154
1637692
1586580
1603747
1650414
2014257
1683995
1532966
2009775
1508748
1572752
1744743
1542949
1624672
1601324
1623336
1829158
1597732
1557330
1606788
1781950
1495790
1744380
1747230
1519333
1709706
1236481
1746444
1391175
2019399
1312961
1361206
1846653
1623058
1771992
1633615
1689123
1682774
1714242
1728192
1987152
1382895
1975746
1544247
1257190
1607477
1509533
1666562
1450610
1273761
1649590
1171515
1350765
1816419
1893858
1682938
1361540
1212103
1829420
1377069
1589247
1448428
1625448
1584658
1451264
1549714
1674114
1649235
1638144
1665040
1372676
1297322
1228875
1279317
1424192
1348563
1412146
1791434
1624548
1567618
1691853
1420447
1423172
1775382
1595664
1425812
1383801
1552124
1436072
2004237
1761495
1959291
1231082
1861179
1199820
1710820
1757679
1570191
1583526
1403380
1496171
1471562
1596164
1630893
1799373
1802278
1494912
1534771
1663308
1495490
1895967
1480555
1561035
1411399
1716140
1727318
1312529
1864648
1471524
1654690
1722502
1717576
1725966
1496820
1270620
1590860
1794069
1666040
1476280
1500019
1685434
1459743
1751805
1342875
1482596
1450343
1481204
1471527
1843953
1576898
1871730
1927062
1311148
1592539
1673895
1459726
2039142
1397199
1823208
1743580
1764586
1377683
1298139
1261530
1563753
1987212
2105280
1551812
1487570
1503039
1657892
1519980
1587917
1784427
1392678
1549820
1819770
1748801
1778334
1783648
1439596
1516302
1754664
1527678
1549109
2006612
1460339
1939272
1528967
1582760
1349638
1564741
1946523
1484224
1697828
1755354
1656699
1520997
1645904
1868670
1165808
1511808
1476130
1593810
1717725
1753993
1939572
1918065
1943685
1455875
2052228
1950093
1570448
1311272
1662274
1516324
1463431
1764495
1456425
1489480
1556674
1385728
1628728
1770044
1734680
1487886
1289499
2110339
1125324
1698986
1912830
1692186
1544299
1534167
1802878
1522272
1603100
1740428
1571899
1551895
1385073
1703075
1750999
1463462
1451970
1310705
1452070
1994805
1968252
1249106
2068108
1559626
1694457
1485931
1470302
1559591
1843118
1490609
1468725
1365000
1547861
1748322
1570194
1755752
2001345
1643390
1897668
1870494
1647054
1517896
1801662
2019256
1555746
1372168
1320631
2128779
1640772
1337961
1262494
1195157
2002005
1512319
1794338
1420278
1295722
1400724
1602506
1733728
1918946
1750132
1709418
1441654
1723101
1226514
1859060
1924623
1660934
1565431
1566068
1669058
1788060
1749486
1886004
2108765
1793374
1612722
1294427
1864040
1847735
1939552
1667654
1699602
1750333
1429529
1791364
1881332
1685898
1761425
1653443
1354046
1423682
1832600
1462563
1857540
1828038
1704404
1585051
1543667
1793178
1676872
1678056
1584704
1895037
1178140
1923303
1836927
2042661
1782368
1261642
1614350
1725870
1767008
1709703
1790691
1573363
1803822
1528612
1375855
1579230
1222160
1792113
1524844
1636050
1437250
1688569
1561796
1960224
1246461
1322847
1841805
1267031
1644876
1400846
1835430
1385074
1737204
2053824
1891736
1561098
1657592
1983576
1359104
1466485
1734975
1627342
1813522
2053320
1956460
1594413
1717376
1392992
1666821
1906209
1486558
1778487
1655545
1586067
1812393
1621601
1188980
1713960
1830960
1444212
1886664
1557271
1573590
1657814
1633324
1662468
1112161
1619737
1469406
1844163
1502744
1997910
1582111
1465355
1453948
1515838
1775841
1603374
1789368
1186780
1275203
1416421
1401894
1770993
1605584
2070536
1632470
1350304
1342713
1905992
1512563
1728264
1617427
1795136
1674909
1789488
1541561
1241729
1792809
1434281
1852500
1355525
1503966
1499042
1469947
1451639
1809328
1553571
1434044
1540414
1540362
1541382
1600251
1454822
1772104
1824976
1609876
1515465
1454866
1519241
1191609
2046261
1436885
1360812
1684962
1565511
1758582
1354037
2009577
1981878
1732810
1339688
1836075
1832618
1288368
1775022
1724700
1650170
1715888
1813824
1248442
1129499
1311195
1546583
1404659
1463286
1668534
1753516
1727002
1653316
1449191
1669205
1693102
1500909
1981797
1475858
1308788
1635842
1699730
1523626
1700344
1697096
1687685
2066516
1831406
1352264
1453978
1571234
1538618
1655470
1812894
1614238
1665936
1944270
1773360
2049304
1577938
1555850
1432751
1698784
1470849
1905772
1341629
1607598
1675298
1883972
1439540
1715337
1188083
1808934
1304456
1362441
1355393
1640634
1650904
1717258
1806936
1650520
1626026
1420864
1410944
1825095
1446804
1880290
1358536
1850522
1693156
1232894
1882695
2060616
1353736
1627924
1224041
1944176
1699221
1206281
1477419
1946744
1713912
1668224
1423043
1727911
1912029
1648420
1666333
1665538
1637382
1328516
1700730
1365578
1577120
1717944
1417122
1599010
1713892
1541768
1408511
1608848
1549300
1510908
1587892
1235455
1948737
1841842
1693270
1465441
1122502
1818280
1669934
1782597
1714956
2031690
1220510
1871268
1386618
1749290
1741745
1241933
1458719
1163653
1821654
1565512
1920354
1390052
1845360
1894116
1304516
1533733
1683960
1722550
1423110
1462135
1416048
1709466
1505147
1956931
1584830
1707601
1565451
1373958
1493083
1272719
2049364
1718886
1488834
1564858
1390756
2055793
1350389
1517997
1447992
1796276
1652530
2008218
2012421
1677405
1964072
1808021
1767812
1936053
1406232
1577994
1773789
1649530
1601120
1898988
1547072
1705340
1349587
1841834
1614290
1335182
1696928
1228582
1602885
1825833
1194717
1907088
1726326
1606854
1678138
1772778
1291361
1676008
1274614
1770340
1899018
1248605
1567874
1496426
1346171
1390248
1566403
1741832
1670104
2066172
1358052
1426734
1373422
1612798
1264002
1795510
1838666
1545312
1316674
1464618
1719066
1190270
1238979
1787938
1983981
1185558
1616436
1533006
1860442
1545339
1689465
1358776
1586208
1324289
1739670
1780938
1256197
1763644
1897220
1103875
1286809
2011758
1544744
1608779
1311767
1585343
1664022
1573124
1628307
1566814
2000752
1780712
1203362
1373040
1727072
1343475
1669485
1299154
1543910
1564581
1430499
1400681
1755600
1327067
1828338
1589642
1817552
1661228
1804280
1830654
1244066
1563486
1160497
1998508
1905420
1564967
1459730
1893957
1362421
1353321
1304709
1736147
1921791
1649578
1587420
1233289
1711380
1813360
1443094
1716654
1485929
1668660
1879221
1483702
1702017
1598396
1258688
1775387
1505314
1537495
1787686
1794062
1737933
1694034
1679786
1887642
1654105
1403535
1592263
1793972
1664514
1677032
1638433
1360096
1527720
2011664
1468222
1826862
1766889
1669226
1702578
1271764
1826952
1471429
1593974
1632814
1408007
1842141
1728717
1453642
1445051
1828040
1948488
1252439
1894992
1470183
1865828
1777184
1391547
1958648
1267277
1267439
1439471
1729492
1893349
1882222
1735760
1744444
1694120
2015394
1993197
1465644
1205607
1439134
1579800
1819833
1764616
1887144
1526298
1224421
1676569
1813128
1408026
1650784
1726602
1576851
1660656
1883334
1785572
1521248
1337271
1275368
1858336
1640768
1732880
1518434
1371007
1626968
1983586
1714163
1647044
1548232
1898443
1480664
1599018
1618150
1694279
1612034
1447381
1765372
1344584
1536567
1467339
1650031
1233351
1511647
1357483
1434251
1732202
1828173
1726346
1470838
1877871
1789629
1551298
1355193
1597078
1809978
1644516
1694028
1537872
1442972
1286499
1495016
1344020
1764586
1676124
1856130
1555977
1520147
1826809
1746564
1945812
1564681
1399525
1837992
1401866
1482813
1528149
1311017
1101850
1185971
1923585
1302453
1507365
1637738
1278553
1509458
1318407
1633482
1842336
1637664
1307958
1201728
1583503
1253562
1190177
1427970
1682844
1476095
1707896
1959078
1533838
1649370
1734428
1403899
1988578
1921893
1410426
1710806
1912758
1908012
1506442
1191286
1697838
1714670
1572713
1455336
1899885
1802284
1682844
1309301
1369234
1632234
1869846
1608116
1852768
1315952
1479042
1538076
1955748
1433795
1662610
1272995
1829193
1743986
1863999
1352820
1961925
1590838
1819260
1682046
1365861
1697775
1664057
1811667
1512317
1655694
1383496
1647286
1236304
1399344
1577773
1401576
1287958
1941412
1555844
1348948
1466062
1829516
1347856
1976199
1861956
1625046
1738098
1897938
1660312
1555030
1603169
1261571
1471135
1874240
1761246
1682438
1991082
1440380
1374668
1985718
1722093
1612504
1651894
2012424
1626584
1459180
1369581
1434787
1783719
1732386
1600647
1461129
1881168
1310223
1470660
1290123
1548972
1672723
1903761
1566838
1679880
1524563
1493899
1590830
1719814
1591318
1646539
1666630
1266245
1805982
1892823
1379777
1845956
1186933
1832448
1585337
1501825
1950099
1287124
1307738
1500264
1974988
1492407
1810011
1420082
1757598
1620585
1401340
1190657
1779420
1488422
1696618
1961658
1355926
1508704
1914519
1606363
1307024
2037003
1421541
1665596
1329752
1798135
1483366
1379337
2106108
1836644
1321816
1446750
1540577
1203864
1413550
1794042
1744552
2040972
1663578
1645228
1979288
2003124
1884340
1950576
1738124
1846113
1507503
1916563
1665261
1373902
2015718
1572849
1779818
1359157
1638669
1769906
1235923
1576130
1368268
1530572
1535449
1479706
2021448
1352627
1355810
1279585
1327854
1940859
1534175
1694354
1617420
1995072
1762454
1488592
1801332
1960764
1266925
1732303
1360613
1405931
1724860
1273733
1683362
1618422
1708917
1557056
1539483
1483778
1453686
1756530
1597746
1334595
1887144
1728950
1511192
1496454
1504654
1915062
2004180
1442223
1687938
1361050
1566255
1343952
1582260
1590458
1942475
1858104
1683374
1813350
1321539
1733858
1745022
2104743
1441142
1585430
1573925
1653771
1929999
1667425
1436590
1840818
1547232
1573941
1769148
1587827
1914432
1590192
1701975
1581736
1482308
1495712
1557666
1508098
1633808
1322680
1630764
1855080
1635439
1460565
1696958
1526004
2052366
1245570
1370520
1794780
1479257
1306093
1560778
1489023
1415423
1329695
1583010
1412109
1134584
1565761
1497595
1820370
1865200
1221886
1326229
1598517
1335176
1554293
1770627
1779924
1904112
1719790
1548224
1609008
1462891
1799724
1832476
1566690
1524922
1963272
1306292
1530028
1423656
2040510
1292785
1793878
1536972
1309711
1733773
1542113
1292428
1354605
1552394
1783310
1200974
1677864
1380552
1719399
1243494
1612358
1841406
1129658
1527728
1265819
1571412
1499878
1572088
1201736
1689614
1516896
1760258
1643024
1516662
1646490
1409015
1958680
1488426
1681694
1749089
1525371
1359873
1302868
2031893
1497484
2018428
1356022
1724166
1823907
1616728
1875048
1478969
1396595
1569084
2033396
1770318
1705602
1410343
2034057
1737354
1506510
1954146
1871216
1668905
1436945
1300547
1663562
1332676
1601162
1813106
1803876
1923402
1908510
2040617
1571646
1760542
1729843
1620220
1710978
1770195
1872270
1818900
1907163
2039172
1657711
1294457
1647074
1408674
1469392
1366285
1589698
1738714
1301127
1781106
1696178
1430719
1587861
1555795
1554458
1467607
1613391
1485899
1369113
1397535
1600892
1448342
1459947
1796338
1392480
1612512
1213469
1805934
1632878
1584960
1745007
1397819
1359153
1204608
1409035
2001273
1685043
1545693
1697814
1278309
1650679
1663852
1780338
1863663
1404108
1574665
1769360
1941402
1674107
1473431
1436088
1753353
1497871
1253930
1378992
1336474
1635548
1717221
1656104
1721892
1860958
1884321
1897428
1222660
1474130
1835370
1606787
1362133
1559372
1430097
1592072
1702548
1427083
1406843
1389854
2056350
1518950
1782776
1720827
1419840
1241023
1773366
1967007
1704377
1727828
1411563
1934936
1832488
1163509
1841955
1954060
1609980
1577974
1831437
1439005
1275679
1810624
1537676
1621556
1406225
1425603
2062680
1604629
1506463
1271584
1387870
1642108
1201348
1608266
1702029
1978395
1894966
1515165
1225350
1870689
1221944
1811300
1762080
1630852
1600032
1461153
1798116
1519426
1767836
1514724
1724590
1414167
1574808
1560385
1567742
2120190
1762482
1748890
1660235
1656539
1745200
1598031
1931112
1173451
1633719
1504003
1961016
1615503
1834766
1895422
1786674
1273991
1339963
1290718
1614531
1315410
1941736
1559571
1742948
1913712
1428933
1392523
1347874
1801826
1518424
1513111
1552737
1554830
1868241
1395046
1535343
1241656
1404804
1595591
1660030
1829038
1722660
1179490
1345877
1285418
1457834
1571125
1857270
1624865
1653854
1784109
1549458
1931770
1768191
1556773
1235385
1550173
1286141
1816872
1200451
2023590
1290547
1570377
1986302
1360094
1667369
1580850
1402643
1738731
1582964
1457008
1519514
1747256
1394262
1604148
1104900
1524174
1524635
1317338
1540292
1547316
1482691
1287242
1830144
1685858
1431365
1708599
1605043
1618286
1932114
1854150
1238835
1501658
1472985
2107740
1842778
1975982
1330697
2001276
1715444
1739320
1709648
1781090
1770425
1888528
1900276
1987275
1498140
1334878
1449982
1397234
1352152
2011458
1689158
1318116
1397703
1734566
1883716
1779164
1675990
1609045
1604302
1464905
1766276
1305695
1529982
1570737
1842951
1434175
1878810
1441704
1798590
1849635
1982440
1822900
1637288
1858426
1990632
1508144
1350642
1951719
1679692
1354721
1332966
1906340
1383169
1489918
1455424
1235438
1803630
1456491
1915068
1845171
1853052
1952460
1685663
2043787
1300121
1466571
1909851
1415935
1467324
1772916
1550286
1717844
1701806
1653568
1830628
1706962
1634066
1519248
1786893
1282574
1715390
1552942
1482076
1389398
1889538
1769962
1579545
1301445
1779162
1885434
1761357
2016957
1688195
1293775
1894767
1833528
1379089
1893152
1554186
1286214
1401501
1378196
1794873
1472373
1470911
1713380
1791346
1690578
1618214
1390461
1801330
1625160
1924472
1423062
1702986
1159746
1625825
1621105
1581504
1745414
1733926
1179450
1939818
1309511
2009168
1285697
1780712
1476191
1953390
1903213
1768380
1754706
2058000
1674832
1610426
1461850
1740186
1459459
1457811
1717860
1611926
1544613
1881171
1382671
1863716
1897344
1231308
1537852
1744395
1941708
1826145
1564570
1545156
1724574
1596462
1828008
1446927
1687092
1385888
2058417
1565358
1651469
1339593
1769547
2058308
1748332
1540138
1641450
2006348
1484613
1779804
2071408
1982493
1877548
1452412
1655494
1715190
1678234
1853193
1540380
1692788
1605136
1784974
1820994
1628912
1671789
1608324
1274296
1608734
1695579
1855354
2013678
1198057
1413341
1839885
1277006
1780300
1798797
1606343
1592428
1376990
2001384
1529034
1829568
1869372
1758894
1681436
1711468
1901274
1603868
1867888
1227282
1422349
1533932
1315642
1498382
1942816
1752924
1592696
1917897
1685036
1382228
1435110
1316858
1329255
1428790
1559440
1914201
1887586
1883829
1406822
1679060
1631323
1795711
1690339
1932394
1396399
1756904
1835416
1795868
1600540
1644477
2108880
1559717
1412625
2111432
1695990
1692832
1446479
2086996
1354890
1796930
1721866
1592032
1532700
1364827
1430850
1623661
1695522
1560904
1539881
1437249
1535338
1823150
1756928
1537662
1809020
1464008
1826370
1421606
1369611
1851972
1226501
1429393
1504778
1809402
1336619
2009768
1580137
1861866
1830948
1426254
1634856
1578589
1707040
1608140
1621578
1222189
1442344
1502290
1390624
1663458
1476656
2045796
2007757
1205750
1332969
1328522
1664840
1783938
1855188
1183419
1312427
1630000
1714360
1662586
1614114
1947222
1615048
1919733
1901847
1596052
1372171
1669258
1577359
1628752
1347301
1707614
1466344
1355579
1973538
1868706
1112548
1735935
1773926
1532280
1367672
1708355
1770208
1723730
1921124
1881036
1325005
1881912
1480669
1314045
1438975
1952754
1866196
1806060
1458404
1814550
1461886
2123561
1221011
1926300
1952646
1954494
1238606
1817016
1257717
1496117
1569885
2113501
1833552
1954432
1633776
1649531
1753956
1205035
1696426
1751872
1793290
1621774
1598394
1686570
1706686
1539897
1638071
1806164
1763359
1656732
1415919
1949346
1675862
2061588
1361707
1322016
1569630
1453008
1220285
1948041
1786904
1565258
1738173
1515939
1601558
1899200
1987422
1667394
1483138
1748800
1437931
1139013
1950204
1739649
1550046
2002365
1613887
1547618
1333802
1372229
1612684
1272587
1637281
1712772
2085104
1893012
1814094
1550630
1547002
1699964
1592420
1651121
1509708
1701515
1724641
1693176
1743840
1516384
1853910
1637888
1564988
1394630
1934457
1684104
1937943
1386927
1554756
1870768
1642136
1477447
1680000
1592154
1497033
1553499
1706168
1610550
1343528
1463109
1400101
1550888
2028654
1606258
1821390
1413586
1813606
1499152
1571561
1645672
1677098
1795274
1861617
1674398
1990602
1702177
1772272
2001556
1574516
1342127
1720837
1285224
1608069
1655588
1464878
1820348
1817886
1832552
1787088
1658152
1818042
1815940
1725934
1564095
1789444
1333951
1806396
1336064
1781910
1435715
1391446
1970100
1568373
1596820
1812088
1971432
1211379
1652756
1666050
1470409
1994755
1916661
1829790
1596352
1209512
1555580
1345645
1908468
1583810
1951020
1821312
1729892
1726328
1847510
1340133
1785860
1489582
1575317
1149931
1663462
1265448
1445715
1614944
1749168
1537618
1740657
1946346
1525088
1180164
1619047
1695456
1339502
1554266
1413969
1771950
1752344
2034891
1484226
1776014
1592312
1592416
1931220
1717598
1627658
1728594
1937712
1316215
1556481
1968042
1645404
2021373
1737438
1668143
1746894
1598545
1424323
1649814
1519528
1977330
1546968
1619318
1684546
1840749
1744990
1791378
1674750
1650017
1364592
1378550
1504961
1169419
1915992
1377000
1317037
1538946
1878789
1549625
1888498
1764425
1892448
1661600
1656116
1528542
1200354
1740236
1434192
1569097
1467684
1357209
1514378
1596382
1963368
1806669
1379408
1328378
1576458
1974691
1833888
2047896
1599610
1789668
1794252
1665226
1605681
1316473
1546826
1427673
1776435
1823172
1685984
1304737
1651212
1935152
1697390
1631107
1571142
1454463
1755265
1808756
1503518
1966320
1330551
1463646
1868620
1357884
1892304
1723309
1752870
1470588
1764994
1208345
1819644
1788536
2020809
1266675
1538029
1628792
1748128
1691247
1894884
1800296
1212141
1906982
1725348
1750281
1352045
1893915
1688401
1641842
1580579
1391853
1198441
1314102
1611064
1426603
1349142
1671530
1389624
1599416
1409644
1944495
1351156
1338667
1794805
1521012
1589637
1538162
1354218
1618946
1492294
1448177
1559106
1384286
1808048
1661752
1953032
1342962
1590233
1239504
1857015
1725217
1593194
1708610
1965225
1674130
1438711
1926038
1796931
1700704
1686536
1478852
1909957
1839165
1491491
1550142
1628926
1612131
1691676
1575665
1898814
1943004
1343936
1873710
1527280
1615142
1967787
1588760
1668776
1784316
2028925
1407506
1847601
1474776
1661403
1460525
1699433
1569692
1264146
1262612
1451113
1661174
1669652
2082408
1352791
1591976
1695336
1439404
1261128
1375845
2062352
1466098
1168973
1632712
1882178
1259169
1552962
1719286
1596772
1691122
1354187
1744530
1919868
1495741
1504140
1522856
1546772
1534183
1331564
1510038
1160170
1531794
1773112
1375447
1834563
1495046
1677960
1655790
1189670
1571436
1686469
1802668
1834668
1997552
1827486
2041461
1382474
2042142
1740954
1181895
1595340
1369463
1722244
1624998
1396258
1605776
1595856
1434278
1445030
1576609
1600302
1744220
1492947
2036262
1536531
1606699
1724442
1394331
1460446
1405532
1672012
1321301
1672207
1525062
1852161
1838727
1453612
1538610
1865052
2052442
1687893
1880936
1661806
1684356
1661573
1223343
1711316
1479563
1744218
1940248
2063344
1636526
1707616
1608388
1782925
1903539
1875700
1646668
1786394
2083296
1853912
1668056
1594422
1440690
1296885
1634369
1810422
1831678
1680988
1380910
1781060
1620346
1624216
1411637
1429115
1473318
1771316
1448635
1564621
1667742
1514770
1681262
1398677
1559670
1130898
1577522
1786812
1617058
1749698
1463857
1552362
1633734
1770680
1811972
1530508
1714929
1592480
1497542
1686854
1232093
1628208
1762805
1700650
1461614
1403381
1952324
1644990
1396749
1338756
1743034
1951464
1394842
1831004
1537523
1518010
1417821
1342953
1538724
1565220
1971816
1963968
1994920
1699914
1582726
1382229
1929471
1771148
1877631
2110564
1879252
1452187
1585308
1637516
1772880
1542150
1374088
1393769
1769290
1983076
1690340
1861428
2015886
1604898
1685292
1625822
1660675
1870468
1381447
1673774
1418984
1302674
1633722
1743649
1650226
1634220
1535774
1615417
1416913
1880964
1445267
1732023
1724354
1414471
1395089
1753242
1684972
1389069
1369753
1208003
1723338
1317102
1368969
1367247
1416855
1325010
1748572
1748326
1914785
1509896
1469597
1158288
1500438
1854973
1339398
1412156
1672136
1543866
1712920
1298660
1775749
1293024
1788142
1457278
1584374
1562104
1483224
1510170
1581278
1355848
1717336
1774047
1582096
1916841
1741035
1772146
1696008
1627876
1437560
1692244
1220077
1188198
1983384
1774240
1927281
1727793
1391092
2048184
1585547
1838134
1342224
1745034
1933731
1279184
1494260
1392513
1586385
1842874
1482021
1617750
1467247
1661919
1415344
1593186
1560546
1471362
1751916
1449589
1808544
1636372
1282714
1322270
1765157
1378762
1818846
1210700
1480926
1821812
1283930
1754040
1870146
1880850
1515111
1434783
1338231
1604703
1806480
1537014
1762815
1696743
1205863
1631812
1978632
1998531
1566100
1811830
1849992
1895204
1942516
1622999
1887218
1545316
1517753
1632510
1878344
1670774
1391489
1579846
1528808
1615586
1357105
1899543
1593529
1431120
1922964
1706908
1135422
1954194
1368438
1569654
1868847
1638718
1562662
1392195
1349698
1685418
1560594
1331446
1673154
1681134
2031516
1476706
1438606
1592704
1601268
1262312
1907211
1328445
1651184
1414257
1943556
1426931
1646896
1691246
1400479
1668174
1428178
1414035
1443419
1186996
1279601
1727706
1637396
1461588
1592008
1742622
1833117
1692656
1760090
1857296
1330523
1755430
1740819
1621496
1615655
1312973
1668452
1571463
1632434
1826490
1457969
1747894
1578619
1536894
2105088
1836100
1584570
1526074
1906704
1597216
1695763
1311453
1660906
1639945
1309225
1832488
1443046
1571377
1848334
1404039
1906428
1493046
1921677
1817922
1606786
1719874
1491681
2049051
2053136
1300062
1906806
1654132
1106531
1875858
1580494
1870498
1737199
1730837
1636157
1927396
1631390
1314040
1993116
1141459
1846123
1796349
1312939
1540769
1236418
1927630
1195151
1871478
1216760
1734454
1604272
1537357
1219150
1495753
1830956
1571044
1627248
1587752
1437772
1831920
1451263
1487866
1944336
1713752
1868250
1751327
1667732
1751874
1328144
1512809
1791110
1417748
1567889
1690638
1685818
1874046
1467949
1353039
1784820
1951015
1221824
1416944
1436991
1842914
1345383
1909924
1564028
1942767
1561552
1783412
1510334
1104044
1580280
1550176
1709112
1213813
1486426
1728504
1384031
1846466
1828348
1524584
1413901
1785268
1706842
1437699
1362207
1626655
1887808
1407132
1328043
1396801
1719519
1671545
1638359
1702740
1917576
1278492
1900104
1766386
1466396
1824981
1735036
1837275
1525939
1719326
1628602
2073560
1725482
1868251
1606494
1483958
1370001
1605243
1527876
1599969
1943703
1512928
1684868
1756098
1887612
1367864
1454780
1748294
1848690
1480866
1505354
1569450
1538478
1954953
1891151
1897416
1422704
1605856
1591892
1949020
1910768
1571630
1984196
1687844
1976586
1574835
1806636
1290540
1869080
1325051
1866891
1622180
1266512
1590442
1329441
1577544
1431287
1602953
1446544
1307520
1511276
1252688
2022369
1641143
1384337
1881471
1354668
1548880
1588958
1504532
1360050
1398040
1569971
1554472
1543642
1438533
1638434
1556324
1900164
1891920
1520694
1496638
1733773
1254892
1607054
1948584
1368073
2040639
1587627
1690662
1456646
1534662
1763132
1689090
1884276
1915358
1494383
1215276
1695445
1701050
1871304
1747544
1569218
1850626
1588070
1620056
1334920
1392512
1873332
1762782
1780135
1900089
1438246
1517219
1539867
1581943
1621248
1484784
1928955
1405483
1507628
1788876
1275193
1795464
1725288
1563292
1521611
1677296
1759490
1735900
1843556
1703406
1644711
1980441
1605114
1884816
1491481
1526692
1492282
1902171
1594354
1346540
1720364
1774978
1507875
1453877
1510057
1491349
1627459
1568988
1519504
1538264
1254179
1822686
1453683
1609260
1444418
1363117
1257108
1516371
1846702
1539693
1680544
1308995
1400276
1349835
1665938
1821192
1687740
1781124
1689759
1421126
1607946
1866414
1139098
1561876
2087976
1489708
1560946
1536428
1747234
1685750
1166842
1283109
1678320
1360386
1787168
1283176
1871294
1504487
1608755
1495483
1863912
1551742
1223313
1970082
1678068
1911280
1709314
1722246
1476164
1558100
2036520
1701586
1661166
1934910
1544314
1904296
1437027
1651398
1350278
1571054
1636368
1816638
1351442
1318186
1769997
1967760
1507881
1977498
1310687
1203658
1950044
1469595
2064947
1957532
1516606
1443454
1715790
1484581
1507829
2050908
1945464
1899066
1277325
1852338
1595300
1473034
1580760
1280992
1725890
1682242
1742468
1370478
1584019
1993116
1746936
1401141
1703439
1833924
1576339
1927224
1254997
2041972
1229105
1260974
1544450
1464813
1433304
1701550
1810374
1254312
1848838
1370153
1702288
1736806
1797456
1807958
1889856
1440829
1542398
1519610
1979934
1528022
1339677
1706045
1817808
1341706
1582365
1980534
1945725
1473723
1327479
1497164
1888683
1169211
1448970
1919013
1681054
1668542
1736426
1584596
1701912
1626700
1752628
1790088
1156066
1140046
1703252
1623367
1768478
1606270
1386149
1775484
1763864
1401033
1811076
2089276
1416458
1596858
1789268
1386006
1384743
1449113
1802677
1382860
1582017
1308160
1857872
1279267
1442577
1686138
1622024
1934859
1458283
1858644
1648534
2020520
1759772
1336829
1331087
1237063
1370460
1409168
1608681
1484368
1498053
1207563
1665766
1723464
2120541
1682823
1680837
1593931
2042295
1668564
1776810
1178302
1333568
1349987
1779619
2046617
1579744
1607988
1629426
1565210
1781322
1790361
1373557
1667348
1315897
2006148
1395498
1648638
1835280
1244261
1689354
1906342
1511022
1476641
1581870
1635226
1655180
2012946
1148988
1735302
1264265
1732408
1540866
1785648
1615100
1817253
1650440
1534353
1934661
1267999
1397964
1855278
1431774
1578760
1718707
1633507
1700534
1836897
1598151
1634023
1373500
1532170
2043852
1577136
1384489
1425262
1686575
1761645
1581813
1836728
1329160
1506788
1988979
1774854
1429650
1357965
1641300
1365343
1732938
1720930
1480830
1539812
1538618
1845597
1447810
1558458
1371727
1451643
1434315
1729472
1697432
2005479
1345764
1388289
1730683
1343030
1437416
1889484
1706679
1946835
1472334
1922556
1892049
1364915
1692323
1724060
1823548
1499438
1480417
1915950
1401930
1323519
1344279
1756534
1563013
1525329
1320196
1440136
1521078
1414733
1638929
1661156
1644077
1806150
1325075
1373302
2069680
1375759
1660156
1692150
2057556
1664568
1875993
1782276
1403342
1578965
1886396
1994265
1731177
1580782
1577798
1966080
1403550
2044408
1534309
1976992
1629662
1851849
1472793
1679630
1625930
1444280
1319145
2088808
1610356
1405453
1571100
1327488
1341993
1699886
1579874
1734932
1769608
1655505
1478180
1628208
2019534
1483667
1518415
1554274
1419807
1597178
1416756
1369660
1507724
1543850
1419032
1421036
2124829
1709764
1415412
1725376
1961492
1679626
1467876
1844595
1861074
1659678
1525498
1815765
1642512
1906184
1453787
1519095
1604715
2039609
1884656
1662148
1807891
1765472
1850938
1804556
1488606
1272305
1635007
1721568
1899948
1780224
1621156
1422120
1895067
1883667
1538864
1435076
1933652
1453358
1616037
1517011
1228619
1568038
1421231
1833116
1854364
1696456
1635855
1619686
1334407
1343033
1715736
1248818
1843524
1205650
1406088
1847019
1457207
1316450
1863825
1681392
1491606
1789404
1326680
1336053
1622512
1737834
1562692
1649396
1422237
1581298
1809136
1228925
1472726
1884039
1618223
1782304
1572767
1767118
1554515
1446383
1435526
1715934
1191975
1616846
1147699
1261548
1698665
1455042
1518780
1681718
1559011
1367652
1655644
1549027
1482198
1709026
1550316
1445340
1886852
1880190
1479521
1746248
1878372
1307988
1239181
1673820
1699970
2068275
1612182
1629161
1417020
1676252
1726154
1752450
1902351
1795544
1421393
1626572
1398646
1620190
1558459
1639386
1678794
1861359
1780649
1656070
1565248
2011915
1684414
1354237
1605988
1998996
1885578
1501792
1618683
1683706
1514344
1653360
1716448
1478816
1253964
1457516
1928079
1827096
1322527
1361904
1560078
1777084
1598025
1555528
1736874
1433763
1774207
1616953
1378927
1508176
1798850
1549905
1447184
1847690
1670098
1883868
1403885
1719859
1472200
1456471
1573932
1892326
1944861
1573462
1564912
1486046
1494758
1525819
1703130
2012293
1573205
1803705
1435282
2065098
1366456
1782546
1541426
1879956
1684066
1464910
1576937
1772114
1529612
1364461
1346305
1353306
1655562
1822678
1167865
1732520
2055288
1612352
1403323
1479516
1497717
1657601
1669240
1650945
1976091
1387138
1787228
1623470
1508152
1569354
1302779
1234736
1479539
1660720
1146472
1318285
1725903
1611232
1341310
1897174
1551419
1619890
1508816
1554020
1417170
1599782
1920981
1550134
1716142
1201422
2060244
1846568
1589227
1536978
1929782
1379599
1805542
1723557
1459064
1531544
1734676
1222970
2069020
1375301
1878638
1660908
1789757
1640205
1675122
1170590
1785591
1788510
1482695
1758475
1481900
1489755
1703641
1839519
2074632
1824654
1632459
1525941
1711380
1333062
1646482
1764188
1763491
1167088
1364776
1614062
1600096
1835274
1374178
1745410
1440952
1530600
1551996
1621134
1686814
1923525
1574285
1699782
1894296
1352769
1620740
1684724
1662346
1376639
1734181
1875645
1575403
1874850
1424487
1906419
1379335
1391993
1466501
1393940
1380718
1687039
1467758
1655370
1646869
1395335
1603004
1114983
1712922
1839378
1655414
1390417
1976949
1621736
2027076
1940260
1457891
1373265
1373403
1708208
1451996
1589618
1444662
1510162
1150491
1569238
1706472
2012696
1551852
1334170
1328362
1641534
1859712
1540991
1708616
1170833
1627783
1726749
1500945
1736488
1409467
1379680
1598312
2105525
1516264
1333745
1759952
1729194
1648474
1988428
1556360
1686555
2030676
1898595
1785203
1706546
1836158
1733699
1530102
1439642
1496016
1716800
1470612
1734113
1418382
1946084
1470236
1236915
2040147
1634370
1784892
1918516
1562190
1384207
2043593
1638178
1839225
1966602
1817196
1409716
1442002
1343733
1660438
1545026
1337591
1494159
1947639
1148854
1493201
1682284
1736714
1629125
1291026
1914087
1593058
1457066
1748971
1614839
1541346
1642346
1791260
1600759
1656037
1457918
1440242
1512584
1609723
1601726
1477775
1645864
1721322
1547421
1466220
1476614
1808103
1353566
1651695
1274959
1616868
1799064
1585823
1356632
1338038
1609408
1447028
1549507
1508620
1691500
1551862
1886882
1504830
1734190
1410291
1642539
1690774
1460591
1590290
1757058
1837176
1803873
1494110
1352169
1736118
1913328
1239758
2026606
1876018
1340828
1503821
1392954
1593016
1708276
1717612
1829466
2011172
1604471
1589465
1526151
1379551
1858380
1529854
1607318
1402371
1619377
1314916
2019941
1899226
1348226
1476462
1466976
1691561
1689311
1570420
1449914
1330642
2048476
1633394
1547664
1678973
1552693
1746674
1834915
1665862
1698824
1532736
1652445
1658212
1741979
1210099
1563159
2113503
1221688
1797393
1498172
1765168
1840431
1974282
1609566
1462636
1763722
1601118
1604654
1593347
1726024
1734082
1757116
1834038
1828504
1338724
1474611
1946343
1605032
1819677
1389845
1527294
1623430
1805340
1863942
1752048
1833705
1169868
1460277
1493913
1716242
1490002
1383131
1525593
1716696
1892442
1813598
1371147
1517604
1638910
1481825
1475874
1457268
1736197
1457646
1310661
1533575
1820316
1333651
1563052
1635984
1833408
1636966
1296760
1464813
1574052
1730049
1439542
1962849
1310220
1716494
1550749
1755765
1667672
1295188
1520245
1214307
1928124
1428861
1701024
1911225
1674442
1465205
1679208
1766673
1161294
1803324
1685588
1644104
1213437
1491673
1571802
1696749
1529936
1546993
1756968
1668900
1676942
1639658
1502243
1282544
1512435
1431050
1460561
1813551
1639285
1918956
1334759
1947680
1900800
1528493
1925330
1668094
1929792
1686612
1652124
1554937
1732977
1742928
1827540
1333293
1485124
1364670
1994727
1446580
1479892
1932105
1696082
1534619
2045367
1605811
1734616
1534266
1426457
1466806
1367618
1980993
1715806
1370816
1507736
1650874
1713505
1728406
1734993
1875700
1775073
1565477
1973499
1476867
1876604
1677084
1581670
1617158
2124719
1608753
1400443
1545698
1734786
1308445
1141546
1519585
1734199
1636589
1424675
1267813
1691245
1870095
1977963
1470041
1782946
1732176
1496013
1721680
1179984
1658753
1745882
1298197
1705746
1608258
1239095
1586740
1523306
1578242
1599460
1473566
1671610
1216172
1648576
1927184
1614537
1752094
1312285
1538290
1597481
2023647
1368008
1298318
1845819
1333215
1552038
1873560
1522356
1674097
1575044
1673517
1854252
1356298
1616618
1930566
1841639
1808502
1253278
1746564
1932363
1392879
1817294
1551734
1646916
1334504
2100892
1658462
1369998
1541288
1489485
1517043
1661002
2005050
1967340
1378243
1661826
1611756
1996191
1572530
1669624
1272536
1549802
1464005
1624892
1308672
1591282
1380423
1924504
1771930
1892326
1474768
1862433
1957404
1559620
1669150
1837580
1636640
1865016
1946658
1782918
1407815
1370852
1478836
1589160
2042877
1472578
1285845
1592810
1212862
1827046
1637110
1624452
1958061
1599978
1977292
1623151
1640452
1448507
1823241
1971738
1584279
1519340
1183041
1472127
1314509
1915892
1849023
1267535
1646638
1661206
1434737
1308847
1683818
1440123
1365580
1757662
1687086
1440736
1736600
1415908
1633092
1610594
1376983
1587118
1373389
1777332
1784158
1947924
1376113
1775220
1919964
1247447
1892808
1740964
1587918
1769347
1463890
1981665
1622777
1773740
1311392
1636787
1686680
1758993
1436204
1549120
1721248
1683168
1729128
1675795
1203560
1852328
1721234
1486627
2001068
1571676
1431660
1359138
1834743
1682472
