2134293
2134292
2134292
2134290
2134288
2134286
2134284
2134282
2134281
2134278
2134275
2134272
2134269
2134266
2134263
2134260
2134257
2134254
2134251
2134248
2134245
2134242
2134239
2134236
2134233
2134230
2134228
2134224
2134220
2134216
2134212
2134208
2134204
2134200
2134196
2134192
2134188
2134184
2134180
2134176
2134172
2134168
2134164
2134160
2134156
2134152
2134148
2134144
2134140
2134136
2134132
2134128
2134124
2134120
2134116
2134112
2134108
2134104
2134100
2134096
2134092
2134088
2134084
2134080
2134076
2134072
2134068
2134064
2134060
2134056
2134052
2134048
2134044
2134040
2134036
2134032
2134028
2134024
2134020
2134016
2134013
2134008
2134003
2133998
2133993
2133988
2133983
2133978
2133973
2133968
2133963
2133958
2133953
2133948
2133943
2133938
2133933
2133928
2133923
2133918
2133913
2133908
2133903
2133898
2133893
2133888
2133883
2133878
2133873
2133868
2133863
2133858
2133853
2133848
2133843
2133838
2133833
2133828
2133823
2133818
2133813
2133808
2133803
2133798
2133793
2133788
2133783
2133778
2133773
2133768
2133763
2133758
2133753
2133748
2133743
2133738
2133733
2133728
2133723
2133718
2133713
2133708
2133703
2133698
2133693
2133688
2133683
2133678
2133673
2133668
2133663
2133658
2133653
2133648
2133643
2133638
2133633
2133628
2133623
2133618
2133613
2133608
2133603
2133598
2133593
2133588
2133583
2133578
2133573
2133568
2133563
2133558
2133553
2133548
2133543
2133538
2133533
2133528
2133523
2133518
2133513
2133508
2133503
2133498
2133493
2133488
2133483
2133478
2133473
2133468
2133463
2133458
2133453
2133448
2133443
2133438
2133433
2133428
2133423
2133418
2133413
2133408
2133403
2133398
2133393
2133388
2133383
2133378
2133373
2133368
2133363
2133358
2133353
2133348
2133343
2133338
2133333
2133328
2133323
2133318
2133313
2133308
2133303
2133298
2133293
2133288
2133283
2133278
2133273
2133268
2133263
2133258
2133253
2133248
2133243
2133238
2133233
2133228
2133223
2133218
2133213
2133208
2133204
2133198
2133192
2133186
2133180
2133174
2133168
2133162
2133156
2133150
2133144
2133138
2133132
2133126
2133120
2133114
2133108
2133102
2133096
2133090
2133084
2133078
2133072
2133066
2133060
2133054
2133048
2133042
2133036
2133030
2133024
2133018
2133012
2133006
2133000
2132994
2132988
2132982
2132976
2132970
2132964
2132958
2132952
2132946
2132940
2132934
2132928
2132922
2132916
2132910
2132904
2132898
2132892
2132886
2132880
2132874
2132868
2132862
2132856
2132850
2132844
2132838
2132832
2132826
2132820
2132814
2132808
2132802
2132796
2132790
2132784
2132778
2132772
2132766
2132760
2132754
2132748
2132742
2132736
2132730
2132724
2132718
2132712
2132706
2132700
2132694
2132688
2132682
2132676
2132670
2132664
2132658
2132652
2132646
2132640
2132634
2132628
2132622
2132616
2132610
2132604
2132598
2132592
2132586
2132580
2132574
2132568
2132562
2132556
2132550
2132544
2132538
2132532
2132526
2132520
2132514
2132508
2132502
2132496
2132490
2132484
2132478
2132472
2132466
2132460
2132454
2132448
2132442
2132436
2132430
2132424
2132418
2132412
2132406
2132400
2132394
2132388
2132382
2132376
2132370
2132364
2132358
2132352
2132346
2132340
2132334
2132328
2132322
2132316
2132310
2132304
2132298
2132292
2132286
2132280
2132274
2132268
2132262
2132256
2132250
2132244
2132238
2132232
2132226
2132220
2132214
2132208
2132202
2132196
2132190
2132184
2132178
2132172
2132166
2132160
2132154
2132148
2132142
2132136
2132130
2132124
2132118
2132112
2132106
2132100
2132094
2132088
2132082
2132076
2132070
2132064
2132058
2132052
2132046
2132040
2132034
2132028
2132022
2132016
2132010
2132004
2131998
2131992
2131986
2131980
2131974
2131968
2131962
2131956
2131950
2131944
2131938
2131932
2131926
2131920
2131914
2131908
2131902
2131896
2131890
2131884
2131878
2131872
2131866
2131860
2131854
2131848
2131842
2131836
2131830
2131824
2131818
2131812
2131806
2131800
2131794
2131788
2131782
2131776
2131770
2131764
2131758
2131752
2131746
2131740
2131734
2131728
2131722
2131716
2131710
2131704
2131698
2131692
2131686
2131680
2131674
2131668
2131662
2131656
2131650
2131644
2131638
2131632
2131626
2131620
2131614
2131608
2131602
2131596
2131590
2131584
2131578
2131572
2131566
2131560
2131554
2131548
2131542
2131536
2131530
2131524
2131518
2131512
2131506
2131500
2131494
2131488
2131482
2131476
2131470
2131464
2131458
2131452
2131446
2131440
2131434
2131428
2131422
2131416
2131410
2131404
2131398
2131392
2131386
2131380
2131374
2131368
2131362
2131356
2131350
2131344
2131338
2131332
2131326
2131320
2131314
2131308
2131302
2131296
2131290
2131284
2131278
2131272
2131266
2131260
2131254
2131248
2131242
2131236
2131230
2131224
2131218
2131212
2131206
2131200
2131194
2131188
2131182
2131176
2131170
2131164
2131158
2131152
2131146
2131140
2131134
2131128
2131122
2131116
2131110
2131104
2131098
2131092
2131086
2131080
2131074
2131068
2131062
2131056
2131050
2131044
2131038
2131032
2131026
2131020
2131014
2131008
2131002
2130996
2130990
2130984
2130978
2130972
2130966
2130960
2130954
2130948
2130942
2130936
2130930
2130924
2130918
2130912
2130906
2130900
2130894
2130888
2130882
2130876
2130870
2130864
2130858
2130852
2130846
2130840
2130834
2130828
2130822
2130816
2130810
2130804
2130798
2130792
2130786
2130780
2130774
2130768
2130762
2130756
2130750
2130744
2130738
2130732
2130726
2130720
2130714
2130708
2130702
2130696
2130690
2130684
2130678
2130672
2130666
2130660
2130654
2130648
2130642
2130636
2130630
2130624
2130618
2130612
2130606
2130600
2130594
2130588
2130582
2130576
2130570
2130564
2130558
2130552
2130546
2130540
2130534
2130528
2130522
2130516
2130510
2130504
2130498
2130492
2130486
2130480
2130474
2130468
2130462
2130456
2130450
2130444
2130438
2130432
2130426
2130420
2130414
2130408
2130402
2130396
2130390
2130384
2130378
2130372
2130366
2130360
2130354
2130348
2130342
2130336
2130330
2130324
2130318
2130312
2130306
2130300
2130294
2130289
2130282
2130275
2130268
2130261
2130254
2130247
2130240
2130233
2130226
2130219
2130212
2130205
2130198
2130191
2130184
2130177
2130170
2130163
2130156
2130149
2130142
2130135
2130128
2130121
2130114
2130107
2130100
2130093
2130086
2130079
2130072
2130065
2130058
2130051
2130044
2130037
2130030
2130023
2130016
2130009
2130002
2129995
2129988
2129981
2129974
2129967
2129960
2129953
2129946
2129939
2129932
2129925
2129918
2129911
2129904
2129897
2129890
2129883
2129876
2129869
2129862
2129855
2129848
2129841
2129834
2129827
2129820
2129813
2129806
2129799
2129792
2129785
2129778
2129771
2129764
2129757
2129750
2129743
2129736
2129729
2129722
2129715
2129708
2129701
2129694
2129687
2129680
2129673
2129666
2129659
2129652
2129645
2129638
2129631
2129624
2129617
2129610
2129603
2129596
2129589
2129582
2129575
2129568
2129561
2129554
2129547
2129540
2129533
2129526
2129519
2129512
2129505
2129498
2129491
2129484
2129477
2129470
2129463
2129456
2129449
2129442
2129435
2129428
2129421
2129414
2129407
2129400
2129393
2129386
2129379
2129372
2129365
2129358
2129351
2129344
2129337
2129330
2129323
2129316
2129309
2129302
2129295
2129288
2129281
2129274
2129267
2129260
2129253
2129246
2129239
2129232
2129225
2129218
2129211
2129204
2129197
2129190
2129183
2129176
2129169
2129162
2129155
2129148
2129141
2129134
2129127
2129120
2129113
2129106
2129099
2129092
2129085
2129078
2129071
2129064
2129057
2129050
2129043
2129036
2129029
2129022
2129015
2129008
2129001
2128994
2128987
2128980
2128973
2128966
2128959
2128952
2128945
2128938
2128931
2128924
2128917
2128910
2128903
2128896
2128889
2128882
2128875
2128868
2128861
2128854
2128847
2128840
2128833
2128826
2128819
2128812
2128805
2128798
2128791
2128784
2128777
2128770
2128763
2128756
2128749
2128742
2128735
2128728
2128721
2128714
2128707
2128700
2128693
2128686
2128679
2128672
2128665
2128658
2128651
2128644
2128637
2128630
2128623
2128616
2128609
2128602
2128595
2128588
2128581
2128574
2128567
2128560
2128553
2128546
2128539
2128532
2128525
2128518
2128511
2128504
2128497
2128490
2128483
2128476
2128469
2128462
2128455
2128448
2128441
2128434
2128427
2128420
2128413
2128406
2128399
2128392
2128385
2128378
2128371
2128364
2128357
2128350
2128343
2128336
2128329
2128322
2128315
2128308
2128301
2128294
2128287
2128280
2128273
2128266
2128259
2128252
2128245
2128238
2128231
2128224
2128217
2128210
2128203
2128196
2128189
2128182
2128175
2128168
2128161
2128154
2128147
2128140
2128133
2128126
2128119
2128112
2128105
2128098
2128091
2128084
2128077
2128070
2128063
2128056
2128049
2128042
2128035
2128028
2128021
2128014
2128007
2128000
2127993
2127986
2127979
2127972
2127965
2127958
2127951
2127944
2127937
2127930
2127923
2127916
2127909
2127902
2127895
2127888
2127881
2127874
2127867
2127860
2127853
2127846
2127839
2127832
2127825
2127818
2127811
2127804
2127797
2127790
2127783
2127776
2127769
2127762
2127755
2127748
2127741
2127734
2127727
2127720
2127713
2127706
2127699
2127692
2127685
2127678
2127671
2127664
2127657
2127650
2127643
2127636
2127629
2127622
2127615
2127608
2127601
2127594
2127587
2127580
2127573
2127566
2127559
2127552
2127545
2127538
2127531
2127524
2127517
2127510
2127503
2127496
2127489
2127482
2127475
2127468
2127461
2127454
2127447
2127440
2127433
2127426
2127419
2127412
2127405
2127398
2127391
2127384
2127377
2127370
2127363
2127356
2127349
2127342
2127335
2127328
2127321
2127314
2127307
2127300
2127293
2127286
2127279
2127272
2127265
2127258
2127251
2127244
2127237
2127230
2127223
2127216
2127209
2127202
2127195
2127188
2127181
2127174
2127167
2127160
2127153
2127146
2127139
2127132
2127125
2127118
2127111
2127104
2127097
2127090
2127083
2127076
2127069
2127062
2127055
2127048
2127041
2127034
2127027
2127020
2127013
2127006
2126999
2126992
2126985
2126978
2126971
2126964
2126957
2126950
2126943
2126936
2126929
2126922
2126915
2126908
2126901
2126894
2126887
2126880
2126873
2126866
2126859
2126852
2126845
2126838
2126831
2126824
2126817
2126810
2126803
2126796
2126789
2126782
2126775
2126768
2126761
2126754
2126747
2126740
2126733
2126726
2126719
2126712
2126705
2126698
2126691
2126684
2126677
2126670
2126663
2126656
2126649
2126642
2126635
2126628
2126621
2126614
2126607
2126600
2126593
2126586
2126579
2126572
2126565
2126558
2126551
2126544
2126537
2126530
2126523
2126516
2126509
2126502
2126495
2126488
2126481
2126474
2126467
2126460
2126453
2126446
2126439
2126432
2126425
2126418
2126411
2126404
2126397
2126390
2126383
2126376
2126369
2126362
2126355
2126348
2126341
2126334
2126327
2126320
2126313
2126306
2126299
2126292
2126285
2126278
2126271
2126264
2126257
2126250
2126243
2126236
2126229
2126222
2126215
2126208
2126201
2126194
2126187
2126180
2126173
2126166
2126159
2126152
2126145
2126138
2126131
2126124
2126117
2126110
2126103
2126096
2126089
2126082
2126075
2126068
2126061
2126054
2126047
2126040
2126033
2126026
2126019
2126012
2126005
2125998
2125991
2125984
2125977
2125970
2125963
2125956
2125949
2125942
2125935
2125928
2125921
2125914
2125907
2125900
2125893
2125886
2125879
2125872
2125865
2125858
2125851
2125844
2125837
2125830
2125823
2125816
2125809
2125802
2125795
2125788
2125781
2125774
2125767
2125760
2125753
2125746
2125739
2125732
2125725
2125718
2125711
2125704
2125697
2125690
2125683
2125676
2125669
2125662
2125655
2125648
2125641
2125634
2125627
2125620
2125613
2125606
2125599
2125592
2125585
2125578
2125571
2125564
2125557
2125550
2125543
2125536
2125529
2125522
2125515
2125508
2125501
2125494
2125487
2125480
2125473
2125466
2125459
2125452
2125445
2125438
2125431
2125424
2125417
2125410
2125403
2125396
2125389
2125382
2125375
2125368
2125361
2125354
2125347
2125340
2125333
2125326
2125319
2125312
2125305
2125298
2125291
2125284
2125277
2125270
2125263
2125256
2125249
2125242
2125235
2125228
2125221
2125214
2125207
2125200
2125193
2125186
2125179
2125172
2125165
2125158
2125151
2125144
2125137
2125130
2125123
2125116
2125109
2125102
2125095
2125088
2125081
2125074
2125067
2125060
2125053
2125046
2125039
2125032
2125025
2125018
2125011
2125004
2124997
2124990
2124983
2124976
2124969
2124962
2124955
2124948
2124941
2124934
2124927
2124920
2124913
2124906
2124899
2124892
2124885
2124878
2124871
2124864
2124857
2124850
2124843
2124836
2124829
2124822
2124815
2124808
2124801
2124794
2124787
2124780
2124773
2124766
2124759
2124752
2124745
2124738
2124731
2124724
2124717
2124710
2124703
2124696
2124689
2124682
2124675
2124668
2124661
2124654
2124647
2124640
2124633
2124626
2124619
2124612
2124605
2124598
2124591
2124584
2124577
2124570
2124563
2124556
2124549
2124542
2124535
2124528
2124521
2124514
2124507
2124500
2124493
2124486
2124479
2124472
2124465
2124458
2124451
2124444
2124437
2124430
2124423
2124416
2124409
2124402
2124395
2124388
2124381
2124374
2124367
2124360
2124353
2124346
2124339
2124332
2124325
2124318
2124311
2124304
2124297
2124290
2124283
2124276
2124269
2124262
2124255
2124248
2124241
2124234
2124227
2124220
2124213
2124206
2124199
2124192
2124185
2124178
2124171
2124164
2124157
2124150
2124143
2124136
2124129
2124122
2124115
2124108
2124101
2124094
2124087
2124080
2124073
2124066
2124059
2124052
2124045
2124038
2124031
2124024
2124017
2124010
2124003
2123996
2123989
2123982
2123975
2123968
2123961
2123954
2123947
2123940
2123933
2123926
2123919
2123912
2123905
2123898
2123891
2123884
2123877
2123870
2123863
2123856
2123849
2123842
2123835
2123828
2123821
2123814
2123807
2123800
2123793
2123786
2123779
2123772
2123765
2123758
2123751
2123744
2123737
2123730
2123723
2123716
2123709
2123702
2123695
2123688
2123681
2123674
2123667
2123660
2123653
2123646
2123639
2123632
2123625
2123618
2123611
2123604
2123597
2123590
2123583
2123576
2123569
2123562
2123555
2123548
2123541
2123534
2123527
2123520
2123513
2123506
2123499
2123492
2123485
2123478
2123471
2123464
2123457
2123450
2123443
2123436
2123429
2123422
2123415
2123408
2123401
2123394
2123387
2123380
2123373
2123366
2123359
2123352
2123345
2123338
2123331
2123324
2123317
2123310
2123303
2123296
2123289
2123282
2123275
2123268
2123261
2123254
2123247
2123240
2123233
2123226
2123219
2123212
2123205
2123198
2123191
2123184
2123177
2123170
2123163
2123156
2123149
2123142
2123135
2123128
2123121
2123114
2123107
2123100
2123093
2123086
2123079
2123072
2123065
2123058
2123051
2123044
2123037
2123030
2123023
2123016
2123009
2123002
2122995
2122988
2122981
2122974
2122967
2122960
2122953
2122946
2122939
2122932
2122925
2122918
2122911
2122904
2122897
2122890
2122883
2122876
2122869
2122862
2122855
2122848
2122841
2122834
2122827
2122820
2122813
2122806
2122799
2122792
2122785
2122778
2122771
2122764
2122757
2122750
2122743
2122736
2122729
2122722
2122715
2122708
2122701
2122694
2122687
2122680
2122673
2122666
2122659
2122652
2122645
2122638
2122631
2122624
2122617
2122610
2122603
2122596
2122589
2122582
2122575
2122568
2122561
2122554
2122547
2122540
2122533
2122526
2122519
2122512
2122505
2122498
2122491
2122484
2122477
2122470
2122463
2122456
2122449
2122442
2122435
2122428
2122421
2122414
2122407
2122400
2122393
2122386
2122379
2122372
2122365
2122358
2122351
2122344
2122337
2122330
2122323
2122316
2122309
2122302
2122295
2122288
2122281
2122274
2122267
2122260
2122253
2122246
2122239
2122232
2122225
2122218
2122211
2122204
2122197
2122190
2122183
2122176
2122169
2122162
2122155
2122148
2122141
2122134
2122127
2122120
2122113
2122106
2122099
2122092
2122085
2122078
2122071
2122064
2122057
2122050
2122043
2122036
2122029
2122022
2122015
2122008
2122001
2121994
2121987
2121980
2121973
2121966
2121959
2121952
2121945
2121938
2121931
2121924
2121917
2121910
2121903
2121896
2121889
2121882
2121875
2121868
2121861
2121854
2121847
2121840
2121833
2121826
2121819
2121812
2121805
2121798
2121791
2121784
2121777
2121770
2121763
2121756
2121749
2121742
2121735
2121728
2121721
2121714
2121707
2121700
2121693
2121686
2121679
2121672
2121665
2121658
2121651
2121644
2121637
2121630
2121623
2121616
2121609
2121602
2121595
2121588
2121581
2121574
2121567
2121560
2121553
2121546
2121539
2121532
2121525
2121518
2121511
2121504
2121497
2121490
2121483
2121476
2121469
2121462
2121455
2121448
2121441
2121434
2121427
2121420
2121413
2121406
2121399
2121392
2121385
2121378
2121371
2121364
2121357
2121350
2121343
2121336
2121329
2121322
2121315
2121308
2121301
2121294
2121287
2121280
2121273
2121266
2121259
2121252
2121245
2121238
2121231
2121224
2121217
2121210
2121203
2121196
2121189
2121182
2121175
2121168
2121161
2121154
2121147
2121140
2121133
2121126
2121119
2121112
2121105
2121098
2121091
2121084
2121077
2121070
2121063
2121056
2121049
2121042
2121035
2121028
2121021
2121014
2121007
2121000
2120993
2120986
2120979
2120972
2120965
2120958
2120951
2120944
2120937
2120930
2120923
2120916
2120909
2120902
2120895
2120888
2120881
2120874
2120867
2120860
2120853
2120846
2120839
2120832
2120825
2120818
2120811
2120804
2120797
2120790
2120783
2120776
2120769
2120762
2120755
2120748
2120741
2120734
2120727
2120720
2120713
2120706
2120699
2120692
2120685
2120678
2120671
2120664
2120657
2120650
2120643
2120636
2120629
2120622
2120615
2120608
2120601
2120594
2120587
2120580
2120573
2120566
2120559
2120552
2120545
2120538
2120531
2120524
2120517
2120510
2120503
2120496
2120489
2120482
2120475
2120468
2120461
2120454
2120447
2120440
2120433
2120426
2120419
2120412
2120405
2120398
2120391
2120384
2120377
2120370
2120363
2120356
2120349
2120342
2120335
2120328
2120321
2120314
2120307
2120300
2120293
2120286
2120279
2120272
2120265
2120258
2120251
2120244
2120237
2120230
2120223
2120216
2120209
2120202
2120195
2120188
2120181
2120174
2120167
2120160
2120153
2120146
2120139
2120132
2120125
2120118
2120111
2120104
2120097
2120090
2120084
2120076
2120068
2120060
2120052
2120044
2120036
2120028
2120020
2120012
2120004
2119996
2119988
2119980
2119972
2119964
2119956
2119948
2119940
2119932
2119924
2119916
2119908
2119900
2119892
2119884
2119876
2119868
2119860
2119852
2119844
2119836
2119828
2119820
2119812
2119804
2119796
2119788
2119780
2119772
2119764
2119756
2119748
2119740
2119732
2119724
2119716
2119708
2119700
2119692
2119684
2119676
2119668
2119660
2119652
2119644
2119636
2119628
2119620
2119612
2119604
2119596
2119588
2119580
2119572
2119564
2119556
2119548
2119540
2119532
2119524
2119516
2119508
2119500
2119492
2119484
2119476
2119468
2119460
2119452
2119444
2119436
2119428
2119420
2119412
2119404
2119396
2119388
2119380
2119372
2119364
2119356
2119348
2119340
2119332
2119324
2119316
2119308
2119300
2119292
2119284
2119276
2119268
2119260
2119252
2119244
2119236
2119228
2119220
2119212
2119204
2119196
2119188
2119180
2119172
2119164
2119156
2119148
2119140
2119132
2119124
2119116
2119108
2119100
2119092
2119084
2119076
2119068
2119060
2119052
2119044
2119036
2119028
2119020
2119012
2119004
2118996
2118988
2118980
2118972
2118964
2118956
2118948
2118940
2118932
2118924
2118916
2118908
2118900
2118892
2118884
2118876
2118868
2118860
2118852
2118844
2118836
2118828
2118820
2118812
2118804
2118796
2118788
2118780
2118772
2118764
2118756
2118748
2118740
2118732
2118724
2118716
2118708
2118700
2118692
2118684
2118676
2118668
2118660
2118652
2118644
2118636
2118628
2118620
2118612
2118604
2118596
2118588
2118580
2118572
2118564
2118556
2118548
2118540
2118532
2118524
2118516
2118508
2118500
2118492
2118484
2118476
2118468
2118460
2118452
2118444
2118436
2118428
2118420
2118412
2118404
2118396
2118388
2118380
2118372
2118364
2118356
2118348
2118340
2118332
2118324
2118316
2118308
2118300
2118292
2118284
2118276
2118268
2118260
2118252
2118244
2118236
2118228
2118220
2118212
2118204
2118196
2118188
2118180
2118172
2118164
2118156
2118148
2118140
2118132
2118124
2118116
2118108
2118100
2118092
2118084
2118076
2118068
2118060
2118052
2118044
2118036
2118028
2118020
2118012
2118004
2117996
2117988
2117980
2117972
2117964
2117956
2117948
2117940
2117932
2117924
2117916
2117908
2117900
2117892
2117884
2117876
2117868
2117860
2117852
2117844
2117836
2117828
2117820
2117812
2117804
2117796
2117788
2117780
2117772
2117764
2117756
2117748
2117740
2117732
2117724
2117716
2117708
2117700
2117692
2117684
2117676
2117668
2117660
2117652
2117644
2117636
2117628
2117620
2117612
2117604
2117596
2117588
2117580
2117572
2117564
2117556
2117548
2117540
2117532
2117524
2117516
2117508
2117500
2117492
2117484
2117476
2117468
2117460
2117452
2117444
2117436
2117428
2117420
2117412
2117404
2117396
2117388
2117380
2117372
2117364
2117356
2117348
2117340
2117332
2117324
2117316
2117308
2117300
2117292
2117284
2117276
2117268
2117260
2117252
2117244
2117236
2117228
2117220
2117212
2117204
2117196
2117188
2117180
2117172
2117164
2117156
2117148
2117140
2117132
2117124
2117116
2117108
2117100
2117092
2117084
2117076
2117068
2117060
2117052
2117044
2117036
2117028
2117020
2117012
2117004
2116996
2116988
2116980
2116972
2116964
2116956
2116948
2116940
2116932
2116924
2116916
2116908
2116900
2116892
2116884
2116876
2116868
2116860
2116852
2116844
2116836
2116828
2116820
2116812
2116804
2116796
2116788
2116780
2116772
2116764
2116756
2116748
2116740
2116732
2116724
2116716
2116708
2116700
2116692
2116684
2116676
2116668
2116660
2116652
2116644
2116636
2116628
2116620
2116612
2116604
2116596
2116588
2116580
2116572
2116564
2116556
2116548
2116540
2116532
2116524
2116516
2116508
2116500
2116492
2116484
2116476
2116468
2116460
2116452
2116444
2116436
2116428
2116420
2116412
2116404
2116396
2116388
2116380
2116372
2116364
2116356
2116348
2116340
2116332
2116324
2116316
2116308
2116300
2116292
2116284
2116276
2116268
2116260
2116252
2116244
2116236
2116228
2116220
2116212
2116204
2116196
2116188
2116180
2116172
2116164
2116156
2116148
2116140
2116132
2116124
2116116
2116108
2116100
2116092
2116084
2116076
2116068
2116060
2116052
2116044
2116036
2116028
2116020
2116012
2116004
2115996
2115988
2115980
2115972
2115964
2115956
2115948
2115940
2115932
2115924
2115916
2115908
2115900
2115892
2115884
2115876
2115868
2115860
2115852
2115844
2115836
2115828
2115820
2115812
2115804
2115796
2115788
2115780
2115772
2115764
2115756
2115748
2115740
2115732
2115724
2115716
2115708
2115700
2115692
2115684
2115676
2115668
2115660
2115652
2115644
2115636
2115628
2115620
2115612
2115604
2115596
2115588
2115580
2115572
2115564
2115556
2115548
2115540
2115532
2115524
2115516
2115508
2115500
2115492
2115484
2115476
2115468
2115460
2115452
2115444
2115436
2115428
2115420
2115412
2115404
2115396
2115388
2115380
2115372
2115364
2115356
2115348
2115340
2115332
2115324
2115316
2115308
2115300
2115292
2115284
2115276
2115268
2115260
2115252
2115244
2115236
2115228
2115220
2115212
2115204
2115196
2115188
2115180
2115172
2115164
2115156
2115148
2115140
2115132
2115124
2115116
2115108
2115100
2115092
2115084
2115076
2115068
2115060
2115052
2115044
2115036
2115028
2115020
2115012
2115004
2114996
2114988
2114980
2114972
2114964
2114956
2114948
2114940
2114932
2114924
2114916
2114908
2114900
2114892
2114884
2114876
2114868
2114860
2114852
2114844
2114836
2114828
2114820
2114812
2114804
2114796
2114788
2114780
2114772
2114764
2114756
2114748
2114740
2114732
2114724
2114716
2114708
2114700
2114692
2114684
2114676
2114668
2114660
2114652
2114644
2114636
2114628
2114620
2114612
2114604
2114596
2114588
2114580
2114572
2114564
2114556
2114548
2114540
2114532
2114524
2114516
2114508
2114500
2114492
2114484
2114476
2114468
2114460
2114452
2114444
2114436
2114428
2114420
2114412
2114404
2114396
2114388
2114380
2114372
2114364
2114356
2114348
2114340
2114332
2114324
2114316
2114308
2114300
2114292
2114284
2114276
2114268
2114260
2114252
2114244
2114236
2114228
2114220
2114212
2114204
2114196
2114188
2114180
2114172
2114164
2114156
2114148
2114140
2114132
2114124
2114116
2114108
2114100
2114092
2114084
2114076
2114068
2114060
2114052
2114044
2114036
2114028
2114020
2114012
2114004
2113996
2113988
2113980
2113972
2113964
2113956
2113948
2113940
2113932
2113924
2113916
2113908
2113900
2113892
2113884
2113876
2113868
2113860
2113852
2113844
2113836
2113828
2113820
2113812
2113804
2113796
2113788
2113780
2113772
2113764
2113756
2113748
2113740
2113732
2113724
2113716
2113708
2113700
2113692
2113684
2113676
2113668
2113660
2113652
2113644
2113636
2113628
2113620
2113612
2113604
2113596
2113588
2113580
2113572
2113564
2113556
2113548
2113540
2113532
2113524
2113516
2113508
2113500
2113492
2113484
2113476
2113468
2113460
2113452
2113444
2113436
2113428
2113420
2113412
2113404
2113396
2113388
2113380
2113372
2113364
2113356
2113348
2113340
2113332
2113324
2113316
2113308
2113300
2113292
2113284
2113276
2113268
2113260
2113252
2113244
2113236
2113228
2113220
2113212
2113204
2113196
2113188
2113180
2113172
2113164
2113156
2113148
2113140
2113132
2113124
2113116
2113108
2113100
2113092
2113084
2113076
2113068
2113060
2113052
2113044
2113036
2113028
2113020
2113012
2113004
2112996
2112988
2112980
2112972
2112964
2112956
2112948
2112940
2112932
2112924
2112916
2112908
2112900
2112892
2112884
2112876
2112868
2112860
2112852
2112844
2112836
2112828
2112820
2112812
2112804
2112796
2112788
2112780
2112772
2112764
2112756
2112748
2112740
2112732
2112724
2112716
2112708
2112700
2112692
2112684
2112676
2112668
2112660
2112652
2112644
2112636
2112628
2112620
2112612
2112604
2112596
2112588
2112580
2112572
2112564
2112556
2112548
2112540
2112532
2112524
2112516
2112508
2112500
2112492
2112484
2112476
2112468
2112460
2112452
2112444
2112436
2112428
2112420
2112412
2112404
2112396
2112388
2112380
2112372
2112364
2112356
2112348
2112340
2112332
2112324
2112316
2112308
2112300
2112292
2112284
2112276
2112268
2112260
2112252
2112244
2112236
2112228
2112220
2112212
2112204
2112196
2112188
2112180
2112172
2112164
2112156
2112148
2112140
2112132
2112124
2112116
2112108
2112100
2112092
2112084
2112076
2112068
2112060
2112052
2112044
2112036
2112028
2112020
2112012
2112004
2111996
2111988
2111980
2111972
2111964
2111956
2111948
2111940
2111932
2111924
2111916
2111908
2111900
2111892
2111884
2111876
2111868
2111860
2111852
2111844
2111836
2111828
2111820
2111812
2111804
2111796
2111788
2111780
2111772
2111764
2111756
2111748
2111740
2111732
2111724
2111716
2111708
2111700
2111692
2111684
2111676
2111668
2111660
2111652
2111644
2111636
2111628
2111620
2111612
2111604
2111596
2111588
2111580
2111572
2111564
2111556
2111548
2111540
2111532
2111524
2111516
2111508
2111500
2111492
2111484
2111476
2111468
2111460
2111452
2111444
2111436
2111428
2111420
2111412
2111404
2111396
2111388
2111380
2111372
2111364
2111356
2111348
2111340
2111332
2111324
2111316
2111308
2111300
2111292
2111284
2111276
2111268
2111260
2111252
2111244
2111236
2111228
2111220
2111212
2111204
2111196
2111188
2111180
2111172
2111164
2111156
2111148
2111140
2111132
2111124
2111116
2111108
2111100
2111092
2111084
2111076
2111068
2111060
2111052
2111044
2111036
2111028
2111020
2111012
2111004
2110996
2110988
2110980
2110972
2110964
2110956
2110948
2110940
2110932
2110924
2110916
2110908
2110900
2110892
2110884
2110876
2110868
2110860
2110852
2110844
2110836
2110828
2110820
2110812
2110804
2110796
2110788
2110780
2110772
2110764
2110756
2110748
2110740
2110732
2110724
2110716
2110708
2110700
2110692
2110684
2110676
2110668
2110660
2110652
2110644
2110636
2110628
2110620
2110612
2110604
2110596
2110588
2110580
2110572
2110564
2110556
2110548
2110540
2110532
2110524
2110516
2110508
2110500
2110492
2110484
2110476
2110468
2110460
2110452
2110444
2110436
2110428
2110420
2110412
2110404
2110396
2110388
2110380
2110372
2110364
2110356
2110348
2110340
2110332
2110324
2110316
2110308
2110300
2110292
2110284
2110276
2110268
2110260
2110252
2110244
2110236
2110228
2110220
2110212
2110204
2110196
2110188
2110180
2110172
2110164
2110156
2110148
2110140
2110132
2110124
2110116
2110108
2110100
2110092
2110084
2110076
2110068
2110060
2110052
2110044
2110036
2110028
2110020
2110012
2110004
2109996
2109988
2109980
2109972
2109964
2109956
2109948
2109940
2109932
2109924
2109916
2109908
2109900
2109892
2109884
2109876
2109868
2109860
2109852
2109844
2109836
2109828
2109820
2109812
2109804
2109796
2109788
2109780
2109772
2109764
2109756
2109748
2109740
2109732
2109724
2109716
2109708
2109700
2109692
2109684
2109676
2109668
2109660
2109652
2109644
2109636
2109628
2109620
2109612
2109604
2109596
2109588
2109580
2109572
2109564
2109556
2109548
2109540
2109532
2109524
2109516
2109508
2109500
2109492
2109484
2109476
2109468
2109460
2109452
2109444
2109436
2109428
2109420
2109412
2109404
2109396
2109388
2109380
2109372
2109364
2109356
2109348
2109340
2109332
2109324
2109316
2109308
2109300
2109292
2109284
2109276
2109268
2109260
2109252
2109244
2109236
2109228
2109220
2109212
2109204
2109196
2109188
2109180
2109172
2109164
2109156
2109148
2109140
2109132
2109124
2109116
2109108
2109100
2109092
2109084
2109076
2109068
2109060
2109052
2109044
2109036
2109028
2109020
2109012
2109004
2108996
2108988
2108980
2108972
2108964
2108956
2108948
2108940
2108932
2108924
2108916
2108908
2108900
2108892
2108884
2108876
2108868
2108860
2108852
2108844
2108836
2108828
2108820
2108812
2108804
2108796
2108788
2108780
2108772
2108764
2108756
2108748
2108740
2108732
2108724
2108716
2108708
2108700
2108692
2108684
2108676
2108668
2108660
2108652
2108644
2108636
2108628
2108620
2108612
2108604
2108596
2108588
2108580
2108572
2108564
2108556
2108548
2108540
2108532
2108524
2108516
2108508
2108500
2108492
2108484
2108476
2108468
2108460
2108452
2108444
2108436
2108428
2108420
2108412
2108404
2108396
2108388
2108380
2108372
2108364
2108356
2108348
2108340
2108332
2108324
2108316
2108308
2108300
2108292
2108284
2108276
2108268
2108260
2108252
2108244
2108236
2108228
2108220
2108212
2108204
2108196
2108188
2108180
2108172
2108164
2108156
2108148
2108140
2108132
2108124
2108116
2108108
2108100
2108092
2108084
2108076
2108068
2108060
2108052
2108044
2108036
2108028
2108020
2108012
2108004
2107996
2107988
2107980
2107972
2107964
2107956
2107948
2107940
2107932
2107924
2107916
2107908
2107900
2107892
2107884
2107876
2107868
2107860
2107852
2107844
2107836
2107828
2107820
2107812
2107804
2107796
2107788
2107780
2107772
2107764
2107756
2107748
2107740
2107732
2107724
2107716
2107708
2107700
2107692
2107684
2107676
2107668
2107660
2107652
2107644
2107636
2107628
2107620
2107612
2107604
2107596
2107588
2107580
2107572
2107564
2107556
2107548
2107540
2107532
2107524
2107516
2107508
2107500
2107492
2107484
2107476
2107468
2107460
2107452
2107444
2107436
2107428
2107420
2107412
2107404
2107396
2107388
2107380
2107372
2107364
2107356
2107348
2107340
2107332
2107324
2107316
2107308
2107300
2107292
2107284
2107276
2107268
2107260
2107252
2107244
2107236
2107228
2107220
2107212
2107204
2107196
2107188
2107180
2107172
2107164
2107156
2107148
2107140
2107132
2107124
2107116
2107108
2107100
2107092
2107084
2107076
2107068
2107060
2107052
2107044
2107036
2107028
2107020
2107012
2107004
2106996
2106988
2106980
2106972
2106964
2106956
2106948
2106940
2106932
2106924
2106916
2106908
2106900
2106892
2106884
2106876
2106868
2106860
2106852
2106844
2106836
2106828
2106820
2106812
2106804
2106796
2106788
2106780
2106772
2106764
2106756
2106748
2106740
2106732
2106724
2106716
2106708
2106700
2106692
2106684
2106676
2106668
2106660
2106652
2106644
2106636
2106628
2106620
2106612
2106604
2106596
2106588
2106580
2106572
2106564
2106556
2106548
2106540
2106532
2106524
2106516
2106508
2106500
2106492
2106484
2106476
2106468
2106460
2106452
2106444
2106436
2106428
2106420
2106412
2106404
2106396
2106388
2106380
2106372
2106364
2106356
2106348
2106340
2106332
2106324
2106316
2106308
2106300
2106292
2106284
2106276
2106268
2106260
2106252
2106244
2106236
2106228
2106220
2106212
2106204
2106196
2106188
2106180
2106172
2106164
2106156
2106148
2106140
2106132
2106124
2106116
2106108
2106100
2106092
2106084
2106076
2106068
2106060
2106052
2106044
2106036
2106028
2106020
2106012
2106004
2105996
2105988
2105980
2105972
2105964
2105956
2105948
2105940
2105932
2105924
2105916
2105908
2105900
2105892
2105884
2105876
2105868
2105860
2105852
2105844
2105836
2105828
2105820
2105812
2105804
2105796
2105788
2105780
2105772
2105764
2105756
2105748
2105740
2105732
2105724
2105716
2105708
2105700
2105692
2105684
2105676
2105668
2105660
2105652
2105644
2105636
2105628
2105620
2105612
2105604
2105596
2105588
2105580
2105572
2105564
2105556
2105548
2105540
2105532
2105524
2105516
2105508
2105500
2105492
2105484
2105476
2105468
2105460
2105452
2105444
2105436
2105428
2105420
2105412
2105404
2105396
2105388
2105380
2105372
2105364
2105356
2105348
2105340
2105332
2105324
2105316
2105308
2105300
2105292
2105284
2105276
2105268
2105260
2105252
2105244
2105236
2105228
2105220
2105212
2105204
2105196
2105188
2105180
2105172
2105164
2105156
2105148
2105140
2105132
2105124
2105116
2105108
2105100
2105092
2105084
2105076
2105068
2105060
2105052
2105044
2105036
2105028
2105020
2105012
2105004
2104996
2104988
2104980
2104972
2104964
2104956
2104948
2104940
2104932
2104924
2104916
2104908
2104900
2104892
2104884
2104876
2104868
2104860
2104852
2104844
2104836
2104828
2104820
2104812
2104804
2104796
2104788
2104780
2104772
2104764
2104756
2104748
2104740
2104732
2104724
2104716
2104708
2104700
2104692
2104684
2104676
2104668
2104660
2104652
2104644
2104636
2104628
2104620
2104612
2104604
2104596
2104588
2104580
2104572
2104564
2104556
2104548
2104540
2104532
2104524
2104516
2104508
2104500
2104492
2104484
2104476
2104468
2104460
2104452
2104444
2104436
2104428
2104420
2104412
2104404
2104396
2104388
2104380
2104372
2104364
2104356
2104348
2104340
2104332
2104324
2104316
2104308
2104300
2104292
2104284
2104276
2104268
2104260
2104252
2104244
2104236
2104228
2104220
2104212
2104204
2104196
2104188
2104180
2104172
2104164
2104156
2104148
2104140
2104132
2104124
2104116
2104108
2104100
2104092
2104084
2104076
2104068
2104060
2104052
2104044
2104036
2104028
2104020
2104012
2104004
2103996
2103988
2103980
2103972
2103964
2103956
2103948
2103940
2103932
2103924
2103916
2103908
2103900
2103892
2103884
2103876
2103868
2103860
2103852
2103844
2103836
2103828
2103820
2103812
2103804
2103796
2103788
2103780
2103772
2103764
2103756
2103748
2103740
2103732
2103724
2103716
2103708
2103700
2103692
2103684
2103676
2103668
2103660
2103652
2103644
2103636
2103628
2103620
2103612
2103604
2103596
2103588
2103580
2103572
2103564
2103556
2103548
2103540
2103532
2103524
2103516
2103508
2103500
2103492
2103484
2103476
2103468
2103460
2103452
2103444
2103436
2103428
2103420
2103412
2103404
2103396
2103388
2103380
2103372
2103364
2103356
2103348
2103340
2103332
2103324
2103316
2103308
2103300
2103292
2103284
2103276
2103268
2103260
2103252
2103244
2103236
2103228
2103220
2103212
2103204
2103196
2103188
2103180
2103172
2103164
2103156
2103148
2103140
2103132
2103124
2103116
2103108
2103100
2103092
2103084
2103076
2103068
2103060
2103052
2103044
2103036
2103028
2103020
2103012
2103004
2102996
2102988
2102980
2102972
2102964
2102956
2102948
2102940
2102932
2102924
2102916
2102908
2102900
2102892
2102884
2102876
2102868
2102860
2102852
2102844
2102836
2102828
2102820
2102812
2102804
2102796
2102788
2102780
2102772
2102764
2102756
2102748
2102740
2102732
2102724
2102716
2102708
2102700
2102692
2102684
2102676
2102668
2102660
2102652
2102644
2102636
2102628
2102620
2102612
2102604
2102596
2102588
2102580
2102572
2102564
2102556
2102548
2102540
2102532
2102524
2102516
2102508
2102500
2102492
2102484
2102476
2102468
2102460
2102452
2102444
2102436
2102428
2102420
2102412
2102404
2102396
2102388
2102380
2102372
2102364
2102356
2102348
2102340
2102332
2102324
2102316
2102308
2102300
2102292
2102284
2102276
2102268
2102260
2102252
2102244
2102236
2102228
2102220
2102212
2102204
2102196
2102188
2102180
2102172
2102164
2102156
2102148
2102140
2102132
2102124
2102116
2102108
2102100
2102092
2102084
2102076
2102068
2102060
2102052
2102044
2102036
2102028
2102020
2102012
2102004
2101996
2101988
2101980
2101972
2101964
2101956
2101948
2101940
2101932
2101924
2101916
2101908
2101900
2101892
2101884
2101876
2101868
2101860
2101852
2101844
2101836
2101828
2101820
2101812
2101804
2101796
2101788
2101780
2101772
2101764
2101756
2101748
2101740
2101732
2101724
2101716
2101708
2101700
2101692
2101684
2101676
2101668
2101660
2101652
2101644
2101636
2101628
2101620
2101612
2101604
2101596
2101588
2101580
2101572
2101564
2101556
2101548
2101540
2101532
2101524
2101516
2101508
2101500
2101492
2101484
2101476
2101468
2101460
2101452
2101444
2101436
2101428
2101420
2101412
2101404
2101396
2101388
2101380
2101372
2101364
2101356
2101348
2101340
2101332
2101324
2101316
2101308
2101300
2101292
2101284
2101276
2101268
2101260
2101252
2101244
2101236
2101228
2101220
2101212
2101204
2101196
2101188
2101180
2101172
2101164
2101156
2101148
2101140
2101132
2101124
2101116
2101108
2101100
2101092
2101084
2101076
2101068
2101060
2101052
2101044
2101036
2101028
2101020
2101012
2101004
2100996
2100988
2100980
2100972
2100964
2100956
2100948
2100940
2100932
2100924
2100916
2100908
2100900
2100892
2100884
2100876
2100868
2100860
2100852
2100844
2100836
2100828
2100820
2100812
2100804
2100796
2100788
2100780
2100772
2100764
2100756
2100748
2100740
2100732
2100724
2100716
2100708
2100700
2100692
2100684
2100676
2100668
2100660
2100652
2100644
2100636
2100628
2100620
2100612
2100604
2100596
2100588
2100580
2100572
2100564
2100556
2100548
2100540
2100532
2100524
2100516
2100508
2100500
2100492
2100484
2100476
2100468
2100460
2100452
2100444
2100436
2100428
2100420
2100412
2100404
2100396
2100388
2100380
2100372
2100364
2100356
2100348
2100340
2100332
2100324
2100316
2100308
2100300
2100292
2100284
2100276
2100268
2100260
2100252
2100244
2100236
2100228
2100220
2100212
2100204
2100196
2100188
2100180
2100172
2100164
2100156
2100148
2100140
2100132
2100124
2100116
2100108
2100100
2100092
2100084
2100076
2100068
2100060
2100052
2100044
2100036
2100028
2100020
2100012
2100004
2099996
2099988
2099980
2099972
2099964
2099956
2099948
2099940
2099932
2099924
2099916
2099908
2099900
2099892
2099884
2099876
2099868
2099860
2099852
2099844
2099836
2099828
2099820
2099812
2099804
2099796
2099788
2099780
2099772
2099764
2099756
2099748
2099740
2099732
2099724
2099716
2099708
2099700
2099692
2099684
2099676
2099668
2099660
2099652
2099644
2099636
2099628
2099620
2099612
2099604
2099596
2099588
2099580
2099572
2099564
2099556
2099548
2099540
2099532
2099524
2099516
2099508
2099500
2099492
2099484
2099476
2099468
2099460
2099452
2099444
2099436
2099428
2099420
2099412
2099404
2099396
2099388
2099380
2099372
2099364
2099356
2099348
2099340
2099332
2099324
2099316
2099308
2099300
2099292
2099284
2099276
2099268
2099260
2099252
2099244
2099236
2099228
2099220
2099212
2099204
2099196
2099188
2099180
2099172
2099164
2099156
2099148
2099140
2099132
2099124
2099116
2099108
2099100
2099092
2099084
2099076
2099068
2099060
2099052
2099044
2099036
2099028
2099020
2099012
2099004
2098996
2098988
2098980
2098972
2098964
2098956
2098948
2098940
2098932
2098924
2098916
2098908
2098900
2098892
2098884
2098876
2098868
2098860
2098852
2098844
2098836
2098828
2098820
2098812
2098804
2098796
2098788
2098780
2098772
2098764
2098756
2098748
2098740
2098732
2098724
2098716
2098708
2098700
2098692
2098684
2098676
2098668
2098660
2098652
2098644
2098636
2098628
2098620
2098612
2098604
2098596
2098588
2098580
2098572
2098564
2098556
2098548
2098540
2098532
2098524
2098516
2098508
2098500
2098492
2098484
2098476
2098468
2098460
2098452
2098444
2098436
2098428
2098420
2098412
2098404
2098396
2098388
2098380
2098372
2098364
2098356
2098348
2098340
2098332
2098324
2098316
2098308
2098300
2098292
2098284
2098276
2098268
2098260
2098252
2098244
2098236
2098228
2098220
2098212
2098204
2098196
2098188
2098180
2098172
2098164
2098156
2098148
2098140
2098132
2098124
2098116
2098108
2098100
2098092
2098084
2098076
2098068
2098060
2098052
2098044
2098036
2098028
2098020
2098012
2098004
2097996
2097988
2097980
2097972
2097964
2097956
2097948
2097940
2097932
2097924
2097916
2097908
2097900
2097892
2097884
2097876
2097868
2097860
2097852
2097844
2097836
2097828
2097820
2097812
2097804
2097796
2097788
2097780
2097772
2097764
2097756
2097748
2097740
2097732
2097724
2097716
2097708
2097700
2097692
2097684
2097676
2097668
2097660
2097652
2097644
2097636
2097628
2097620
2097612
2097604
2097596
2097588
2097580
2097572
2097564
2097556
2097548
2097540
2097532
2097524
2097516
2097508
2097500
2097492
2097484
2097476
2097468
2097460
2097452
2097444
2097436
2097428
2097420
2097412
2097404
2097396
2097388
2097380
2097372
2097364
2097356
2097348
2097340
2097332
2097324
2097316
2097308
2097300
2097292
2097284
2097276
2097268
2097260
2097252
2097244
2097236
2097228
2097220
2097212
2097204
2097196
2097188
2097180
2097172
2097164
2097156
2097148
2097140
2097132
2097124
2097116
2097108
2097100
2097092
2097084
2097076
2097068
2097060
2097052
2097044
2097036
2097028
2097020
2097012
2097004
2096996
2096988
2096980
2096972
2096964
2096956
2096948
2096940
2096932
2096924
2096916
2096908
2096900
2096892
2096884
2096876
2096868
2096860
2096852
2096844
2096836
2096828
2096820
2096812
2096804
2096796
2096788
2096780
2096772
2096764
2096756
2096748
2096740
2096732
2096724
2096716
2096708
2096700
2096692
2096684
2096676
2096668
2096660
2096652
2096644
2096636
2096628
2096620
2096612
2096604
2096596
2096588
2096580
2096572
2096564
2096556
2096548
2096540
2096532
2096524
2096516
2096508
2096500
2096492
2096484
2096476
2096468
2096460
2096452
2096444
2096436
2096428
2096420
2096412
2096404
2096396
2096388
2096380
2096372
2096364
2096356
2096348
2096340
2096332
2096324
2096316
2096308
2096300
2096292
2096284
2096276
2096268
2096260
2096252
2096244
2096236
2096228
2096220
2096212
2096204
2096196
2096188
2096180
2096172
2096164
2096156
2096148
2096140
2096132
2096124
2096116
2096108
2096100
2096092
2096084
2096076
2096068
2096060
2096052
2096044
2096036
2096028
2096020
2096012
2096004
2095996
2095988
2095980
2095972
2095964
2095956
2095948
2095940
2095932
2095924
2095916
2095908
2095900
2095892
2095884
2095876
2095868
2095860
2095852
2095844
2095836
2095828
2095820
2095812
2095804
2095796
2095788
2095780
2095772
2095764
2095756
2095748
2095740
2095732
2095724
2095716
2095708
2095700
2095692
2095684
2095676
2095668
2095660
2095652
2095644
2095636
2095628
2095620
2095612
2095604
2095596
2095588
2095580
2095572
2095564
2095556
2095548
2095540
2095532
2095524
2095516
2095508
2095500
2095492
2095484
2095476
2095468
2095460
2095452
2095444
2095436
2095428
2095420
2095412
2095404
2095396
2095388
2095380
2095372
2095364
2095356
2095348
2095340
2095332
2095324
2095316
2095308
2095300
2095292
2095284
2095276
2095268
2095260
2095252
2095244
2095236
2095228
2095220
2095212
2095204
2095196
2095188
2095180
2095172
2095164
2095156
2095148
2095140
2095132
2095124
2095116
2095108
2095100
2095092
2095084
2095076
2095068
2095060
2095052
2095044
2095036
2095028
2095020
2095012
2095004
2094996
2094988
2094980
2094972
2094964
2094956
2094948
2094940
2094932
2094924
2094916
2094908
2094900
2094892
2094884
2094876
2094868
2094860
2094852
2094844
2094836
2094828
2094820
2094812
2094804
2094796
2094788
2094780
2094772
2094764
2094756
2094748
2094740
2094732
2094724
2094716
2094708
2094700
2094692
2094684
2094676
2094668
2094660
2094652
2094644
2094636
2094628
2094620
2094612
2094604
2094596
2094588
2094580
2094572
2094564
2094556
2094548
2094540
2094532
2094524
2094516
2094508
2094500
2094492
2094484
2094476
2094468
2094460
2094452
2094444
2094436
2094428
2094420
2094412
2094404
2094396
2094388
2094380
2094372
2094364
2094356
2094348
2094340
2094332
2094324
2094316
2094308
2094300
2094292
2094284
2094276
2094268
2094260
2094252
2094244
2094236
2094228
2094220
2094212
2094204
2094196
2094188
2094180
2094172
2094164
2094156
2094148
2094140
2094132
2094124
2094116
2094108
2094100
2094092
2094084
2094076
2094068
2094060
2094052
2094044
2094036
2094028
2094020
2094012
2094004
2093996
2093988
2093980
2093972
2093964
2093956
2093948
2093940
2093932
2093924
2093916
2093908
2093900
2093892
2093884
2093876
2093868
2093860
2093852
2093844
2093836
2093828
2093820
2093812
2093804
2093796
2093788
2093780
2093772
2093764
2093756
2093748
2093740
2093732
2093724
2093716
2093708
2093700
2093692
2093684
2093676
2093668
2093660
2093652
2093644
2093636
2093628
2093620
2093612
2093604
2093596
2093588
2093580
2093572
2093564
2093556
2093548
2093540
2093532
2093524
2093516
2093508
2093500
2093492
2093484
2093476
2093468
2093460
2093452
2093444
2093436
2093428
2093420
2093412
2093404
2093396
2093388
2093380
2093372
2093364
2093356
2093348
2093340
2093332
2093324
2093316
2093308
2093300
2093292
2093284
2093276
2093268
2093260
2093252
2093244
2093236
2093228
2093220
2093212
2093204
2093196
2093188
2093180
2093172
2093164
2093156
2093148
2093140
2093132
2093124
2093116
2093108
2093100
2093092
2093084
2093076
2093068
2093060
2093052
2093044
2093036
2093028
2093020
2093012
2093004
2092996
2092988
2092980
2092972
2092964
2092956
2092948
2092940
2092932
2092924
2092916
2092908
2092900
2092892
2092884
2092876
2092868
2092860
2092852
2092844
2092836
2092828
2092820
2092812
2092804
2092796
2092788
2092780
2092772
2092764
2092756
2092748
2092740
2092732
2092724
2092716
2092708
2092700
2092692
2092684
2092676
2092668
2092660
2092652
2092644
2092636
2092628
2092620
2092612
2092604
2092596
2092588
2092580
2092572
2092564
2092556
2092548
2092540
2092532
2092524
2092516
2092508
2092500
2092492
2092484
2092476
2092468
2092460
2092452
2092444
2092436
2092428
2092420
2092412
2092404
2092396
2092388
2092380
2092372
2092364
2092356
2092348
2092340
2092332
2092324
2092316
2092308
2092300
2092292
2092284
2092276
2092268
2092260
2092252
2092244
2092236
2092228
2092220
2092212
2092204
2092196
2092188
2092180
2092172
2092164
2092156
2092148
2092140
2092132
2092124
2092116
2092108
2092100
2092092
2092084
2092076
2092068
2092060
2092052
2092044
2092036
2092028
2092020
2092012
2092004
2091996
2091988
2091980
2091972
2091964
2091956
2091948
2091940
2091932
2091924
2091916
2091908
2091900
2091892
2091884
2091876
2091868
2091860
2091852
2091844
2091836
2091828
2091820
2091812
2091804
2091796
2091788
2091780
2091772
2091764
2091756
2091748
2091740
2091732
2091724
2091716
2091708
2091700
2091692
2091684
2091676
2091668
2091660
2091652
2091644
2091636
2091628
2091620
2091612
2091604
2091596
2091588
2091580
2091572
2091564
2091556
2091548
2091540
2091532
2091524
2091516
2091508
2091500
2091492
2091484
2091476
2091468
2091460
2091452
2091444
2091436
2091428
2091420
2091412
2091404
2091396
2091388
2091380
2091372
2091364
2091356
2091348
2091340
2091332
2091324
2091316
2091308
2091300
2091292
2091284
2091276
2091268
2091260
2091252
2091244
2091236
2091228
2091220
2091212
2091204
2091196
2091188
2091180
2091172
2091164
2091156
2091148
2091140
2091132
2091124
2091116
2091108
2091100
2091092
2091084
2091076
2091068
2091060
2091052
2091044
2091036
2091028
2091020
2091012
2091004
2090996
2090988
2090980
2090972
2090964
2090956
2090948
2090940
2090932
2090924
2090916
2090908
2090900
2090892
2090884
2090876
2090868
2090860
2090852
2090844
2090836
2090828
2090820
2090812
2090804
2090796
2090788
2090780
2090772
2090764
2090756
2090748
2090740
2090732
2090724
2090716
2090708
2090700
2090692
2090684
2090676
2090668
2090660
2090652
2090644
2090636
2090628
2090620
2090612
2090604
2090596
2090588
2090580
2090572
2090564
2090556
2090548
2090540
2090532
2090524
2090516
2090508
2090500
2090492
2090484
2090476
2090468
2090460
2090452
2090444
2090436
2090428
2090420
2090412
2090404
2090396
2090388
2090380
2090372
2090364
2090356
2090348
2090340
2090332
2090324
2090316
2090308
2090300
2090292
2090284
2090276
2090268
2090260
2090252
2090244
2090236
2090228
2090220
2090212
2090204
2090196
2090188
2090180
2090172
2090164
2090156
2090148
2090140
2090132
2090124
2090116
2090108
2090100
2090092
2090084
2090076
2090068
2090060
2090052
2090044
2090036
2090028
2090020
2090012
2090004
2089996
2089988
2089980
2089972
2089964
2089956
2089948
2089940
2089932
2089924
2089916
2089908
2089900
2089892
2089884
2089876
2089868
2089860
2089852
2089844
2089836
2089828
2089820
2089812
2089804
2089796
2089788
2089780
2089772
2089764
2089756
2089748
2089740
2089732
2089724
2089716
2089708
2089700
2089692
2089684
2089676
2089668
2089660
2089652
2089644
2089636
2089628
2089620
2089612
2089604
2089596
2089588
2089580
2089572
2089564
2089556
2089548
2089540
2089532
2089524
2089516
2089508
2089500
2089492
2089484
2089476
2089468
2089460
2089452
2089444
2089436
2089428
2089420
2089412
2089404
2089396
2089388
2089380
2089372
2089364
2089356
2089348
2089340
2089332
2089324
2089316
2089308
2089300
2089292
2089284
2089276
2089268
2089260
2089252
2089244
2089236
2089228
2089220
2089212
2089204
2089196
2089188
2089180
2089172
2089164
2089156
2089148
2089140
2089132
2089124
2089116
2089108
2089100
2089092
2089084
2089076
2089068
2089060
2089052
2089044
2089036
2089028
2089020
2089012
2089004
2088996
2088988
2088980
2088972
2088964
2088956
2088948
2088940
2088932
2088924
2088916
2088908
2088900
2088892
2088884
2088876
2088868
2088860
2088852
2088844
2088836
2088828
2088820
2088812
2088804
2088796
2088788
2088780
2088772
2088764
2088756
2088748
2088740
2088732
2088724
2088716
2088708
2088700
2088692
2088684
2088676
2088668
2088660
2088652
2088644
2088636
2088628
2088620
2088612
2088604
2088596
2088588
2088580
2088572
2088564
2088556
2088548
2088540
2088532
2088524
2088516
2088508
2088500
2088492
2088484
2088476
2088468
2088460
2088452
2088444
2088436
2088428
2088420
2088412
2088404
2088396
2088388
2088380
2088372
2088364
2088356
2088348
2088340
2088332
2088324
2088316
2088308
2088300
2088292
2088284
2088276
2088268
2088260
2088252
2088244
2088236
2088228
2088220
2088212
2088204
2088196
2088188
2088180
2088172
2088164
2088156
2088148
2088140
2088132
2088124
2088116
2088108
2088100
2088092
2088084
2088076
2088068
2088060
2088052
2088044
2088036
2088028
2088020
2088012
2088004
2087996
2087988
2087980
2087972
2087964
2087956
2087948
2087940
2087932
2087924
2087916
2087908
2087900
2087892
2087884
2087876
2087868
2087860
2087852
2087844
2087836
2087828
2087820
2087812
2087804
2087796
2087788
2087780
2087772
2087764
2087756
2087748
2087740
2087732
2087724
2087716
2087708
2087700
2087692
2087684
2087676
2087668
2087660
2087652
2087644
2087636
2087628
2087620
2087612
2087604
2087596
2087588
2087580
2087572
2087564
2087556
2087548
2087540
2087532
2087524
2087516
2087508
2087500
2087492
2087484
2087476
2087468
2087460
2087452
2087444
2087436
2087428
2087420
2087412
2087404
2087396
2087388
2087380
2087372
2087364
2087356
2087348
2087340
2087332
2087324
2087316
2087308
2087300
2087292
2087284
2087276
2087268
2087260
2087252
2087244
2087236
2087228
2087220
2087212
2087204
2087196
2087188
2087180
2087172
2087164
2087156
2087148
2087140
2087132
2087124
2087116
2087108
2087100
2087092
2087084
2087076
2087068
2087060
2087052
2087044
2087036
2087028
2087020
2087012
2087004
2086996
2086988
2086980
2086972
2086964
2086956
2086948
2086940
2086932
2086924
2086916
2086908
2086900
2086892
2086884
2086876
2086868
2086860
2086852
2086844
2086836
2086828
2086820
2086812
2086804
2086796
2086788
2086780
2086772
2086764
2086756
2086748
2086740
2086732
2086724
2086716
2086708
2086700
2086692
2086684
2086676
2086668
2086660
2086652
2086644
2086636
2086628
2086620
2086612
2086604
2086596
2086588
2086580
2086572
2086564
2086556
2086548
2086540
2086532
2086524
2086516
2086508
2086500
2086492
2086484
2086476
2086468
2086460
2086452
2086444
2086436
2086428
2086420
2086412
2086404
2086396
2086388
2086380
2086372
2086364
2086356
2086348
2086340
2086332
2086324
2086316
2086308
2086300
2086292
2086284
2086276
2086268
2086260
2086252
2086244
2086236
2086228
2086220
2086212
2086204
2086196
2086188
2086180
2086172
2086164
2086156
2086148
2086140
2086132
2086124
2086116
2086108
2086100
2086092
2086084
2086076
2086068
2086060
2086052
2086044
2086036
2086028
2086020
2086012
2086004
2085996
2085988
2085980
2085972
2085964
2085956
2085948
2085940
2085932
2085924
2085916
2085908
2085900
2085892
2085884
2085876
2085868
2085860
2085852
2085844
2085836
2085828
2085820
2085812
2085804
2085796
2085788
2085780
2085772
2085764
2085756
2085748
2085740
2085732
2085724
2085716
2085708
2085700
2085692
2085684
2085676
2085668
2085660
2085652
2085644
2085636
2085628
2085620
2085612
2085604
2085596
2085588
2085580
2085572
2085564
2085556
2085548
2085540
2085532
2085524
2085516
2085508
2085500
2085492
2085484
2085476
2085468
2085460
2085452
2085444
2085436
2085428
2085420
2085412
2085404
2085396
2085388
2085380
2085372
2085364
2085356
2085348
2085340
2085332
2085324
2085316
2085308
2085300
2085292
2085284
2085276
2085268
2085260
2085252
2085244
2085236
2085228
2085220
2085212
2085204
2085196
2085188
2085180
2085172
2085164
2085156
2085148
2085140
2085132
2085124
2085116
2085108
2085100
2085093
2085084
2085075
2085066
2085057
2085048
2085039
2085030
2085021
2085012
2085003
2084994
2084985
2084976
2084967
2084958
2084949
2084940
2084931
2084922
2084913
2084904
2084895
2084886
2084877
2084868
2084859
2084850
2084841
2084832
2084823
2084814
2084805
2084796
2084787
2084778
2084769
2084760
2084751
2084742
2084733
2084724
2084715
2084706
2084697
2084688
2084679
2084670
2084661
2084652
2084643
2084634
2084625
2084616
2084607
2084598
2084589
2084580
2084571
2084562
2084553
2084544
2084535
2084526
2084517
2084508
2084499
2084490
2084481
2084472
2084463
2084454
2084445
2084436
2084427
2084418
2084409
2084400
2084391
2084382
2084373
2084364
2084355
2084346
2084337
2084328
2084319
2084310
2084301
2084292
2084283
2084274
2084265
2084256
2084247
2084238
2084229
2084220
2084211
2084202
2084193
2084184
2084175
2084166
2084157
2084148
2084139
2084130
2084121
2084112
2084103
2084094
2084085
2084076
2084067
2084058
2084049
2084040
2084031
2084022
2084013
2084004
2083995
2083986
2083977
2083968
2083959
2083950
2083941
2083932
2083923
2083914
2083905
2083896
2083887
2083878
2083869
2083860
2083851
2083842
2083833
2083824
2083815
2083806
2083797
2083788
2083779
2083770
2083761
2083752
2083743
2083734
2083725
2083716
2083707
2083698
2083689
2083680
2083671
2083662
2083653
2083644
2083635
2083626
2083617
2083608
2083599
2083590
2083581
2083572
2083563
2083554
2083545
2083536
2083527
2083518
2083509
2083500
2083491
2083482
2083473
2083464
2083455
2083446
2083437
2083428
2083419
2083410
2083401
2083392
2083383
2083374
2083365
2083356
2083347
2083338
2083329
2083320
2083311
2083302
2083293
2083284
2083275
2083266
2083257
2083248
2083239
2083230
2083221
2083212
2083203
2083194
2083185
2083176
2083167
2083158
2083149
2083140
2083131
2083122
2083113
2083104
2083095
2083086
2083077
2083068
2083059
2083050
2083041
2083032
2083023
2083014
2083005
2082996
2082987
2082978
2082969
2082960
2082951
2082942
2082933
2082924
2082915
2082906
2082897
2082888
2082879
2082870
2082861
2082852
2082843
2082834
2082825
2082816
2082807
2082798
2082789
2082780
2082771
2082762
2082753
2082744
2082735
2082726
2082717
2082708
2082699
2082690
2082681
2082672
2082663
2082654
2082645
2082636
2082627
2082618
2082609
2082600
2082591
2082582
2082573
2082564
2082555
2082546
2082537
2082528
2082519
2082510
2082501
2082492
2082483
2082474
2082465
2082456
2082447
2082438
2082429
2082420
2082411
2082402
2082393
2082384
2082375
2082366
2082357
2082348
2082339
2082330
2082321
2082312
2082303
2082294
2082285
2082276
2082267
2082258
2082249
2082240
2082231
2082222
2082213
2082204
2082195
2082186
2082177
2082168
2082159
2082150
2082141
2082132
2082123
2082114
2082105
2082096
2082087
2082078
2082069
2082060
2082051
2082042
2082033
2082024
2082015
2082006
2081997
2081988
2081979
2081970
2081961
2081952
2081943
2081934
2081925
2081916
2081907
2081898
2081889
2081880
2081871
2081862
2081853
2081844
2081835
2081826
2081817
2081808
2081799
2081790
2081781
2081772
2081763
2081754
2081745
2081736
2081727
2081718
2081709
2081700
2081691
2081682
2081673
2081664
2081655
2081646
2081637
2081628
2081619
2081610
2081601
2081592
2081583
2081574
2081565
2081556
2081547
2081538
2081529
2081520
2081511
2081502
2081493
2081484
2081475
2081466
2081457
2081448
2081439
2081430
2081421
2081412
2081403
2081394
2081385
2081376
2081367
2081358
2081349
2081340
2081331
2081322
2081313
2081304
2081295
2081286
2081277
2081268
2081259
2081250
2081241
2081232
2081223
2081214
2081205
2081196
2081187
2081178
2081169
2081160
2081151
2081142
2081133
2081124
2081115
2081106
2081097
2081088
2081079
2081070
2081061
2081052
2081043
2081034
2081025
2081016
2081007
2080998
2080989
2080980
2080971
2080962
2080953
2080944
2080935
2080926
2080917
2080908
2080899
2080890
2080881
2080872
2080863
2080854
2080845
2080836
2080827
2080818
2080809
2080800
2080791
2080782
2080773
2080764
2080755
2080746
2080737
2080728
2080719
2080710
2080701
2080692
2080683
2080674
2080665
2080656
2080647
2080638
2080629
2080620
2080611
2080602
2080593
2080584
2080575
2080566
2080557
2080548
2080539
2080530
2080521
2080512
2080503
2080494
2080485
2080476
2080467
2080458
2080449
2080440
2080431
2080422
2080413
2080404
2080395
2080386
2080377
2080368
2080359
2080350
2080341
2080332
2080323
2080314
2080305
2080296
2080287
2080278
2080269
2080260
2080251
2080242
2080233
2080224
2080215
2080206
2080197
2080188
2080179
2080170
2080161
2080152
2080143
2080134
2080125
2080116
2080107
2080098
2080089
2080080
2080071
2080062
2080053
2080044
2080035
2080026
2080017
2080008
2079999
2079990
2079981
2079972
2079963
2079954
2079945
2079936
2079927
2079918
2079909
2079900
2079891
2079882
2079873
2079864
2079855
2079846
2079837
2079828
2079819
2079810
2079801
2079792
2079783
2079774
2079765
2079756
2079747
2079738
2079729
2079720
2079711
2079702
2079693
2079684
2079675
2079666
2079657
2079648
2079639
2079630
2079621
2079612
2079603
2079594
2079585
2079576
2079567
2079558
2079549
2079540
2079531
2079522
2079513
2079504
2079495
2079486
2079477
2079468
2079459
2079450
2079441
2079432
2079423
2079414
2079405
2079396
2079387
2079378
2079369
2079360
2079351
2079342
2079333
2079324
2079315
2079306
2079297
2079288
2079279
2079270
2079261
2079252
2079243
2079234
2079225
2079216
2079207
2079198
2079189
2079180
2079171
2079162
2079153
2079144
2079135
2079126
2079117
2079108
2079099
2079090
2079081
2079072
2079063
2079054
2079045
2079036
2079027
2079018
2079009
2079000
2078991
2078982
2078973
2078964
2078955
2078946
2078937
2078928
2078919
2078910
2078901
2078892
2078883
2078874
2078865
2078856
2078847
2078838
2078829
2078820
2078811
2078802
2078793
2078784
2078775
2078766
2078757
2078748
2078739
2078730
2078721
2078712
2078703
2078694
2078685
2078676
2078667
2078658
2078649
2078640
2078631
2078622
2078613
2078604
2078595
2078586
2078577
2078568
2078559
2078550
2078541
2078532
2078523
2078514
2078505
2078496
2078487
2078478
2078469
2078460
2078451
2078442
2078433
2078424
2078415
2078406
2078397
2078388
2078379
2078370
2078361
2078352
2078343
2078334
2078325
2078316
2078307
2078298
2078289
2078280
2078271
2078262
2078253
2078244
2078235
2078226
2078217
2078208
2078199
2078190
2078181
2078172
2078163
2078154
2078145
2078136
2078127
2078118
2078109
2078100
2078091
2078082
2078073
2078064
2078055
2078046
2078037
2078028
2078019
2078010
2078001
2077992
2077983
2077974
2077965
2077956
2077947
2077938
2077929
2077920
2077911
2077902
2077893
2077884
2077875
2077866
2077857
2077848
2077839
2077830
2077821
2077812
2077803
2077794
2077785
2077776
2077767
2077758
2077749
2077740
2077731
2077722
2077713
2077704
2077695
2077686
2077677
2077668
2077659
2077650
2077641
2077632
2077623
2077614
2077605
2077596
2077587
2077578
2077569
2077560
2077551
2077542
2077533
2077524
2077515
2077506
2077497
2077488
2077479
2077470
2077461
2077452
2077443
2077434
2077425
2077416
2077407
2077398
2077389
2077380
2077371
2077362
2077353
2077344
2077335
2077326
2077317
2077308
2077299
2077290
2077281
2077272
2077263
2077254
2077245
2077236
2077227
2077218
2077209
2077200
2077191
2077182
2077173
2077164
2077155
2077146
2077137
2077128
2077119
2077110
2077101
2077092
2077083
2077074
2077065
2077056
2077047
2077038
2077029
2077020
2077011
2077002
2076993
2076984
2076975
2076966
2076957
2076948
2076939
2076930
2076921
2076912
2076903
2076894
2076885
2076876
2076867
2076858
2076849
2076840
2076831
2076822
2076813
2076804
2076795
2076786
2076777
2076768
2076759
2076750
2076741
2076732
2076723
2076714
2076705
2076696
2076687
2076678
2076669
2076660
2076651
2076642
2076633
2076624
2076615
2076606
2076597
2076588
2076579
2076570
2076561
2076552
2076543
2076534
2076525
2076516
2076507
2076498
2076489
2076480
2076471
2076462
2076453
2076444
2076435
2076426
2076417
2076408
2076399
2076390
2076381
2076372
2076363
2076354
2076345
2076336
2076327
2076318
2076309
2076300
2076291
2076282
2076273
2076264
2076255
2076246
2076237
2076228
2076219
2076210
2076201
2076192
2076183
2076174
2076165
2076156
2076147
2076138
2076129
2076120
2076111
2076102
2076093
2076084
2076075
2076066
2076057
2076048
2076039
2076030
2076021
2076012
2076003
2075994
2075985
2075976
2075967
2075958
2075949
2075940
2075931
2075922
2075913
2075904
2075895
2075886
2075877
2075868
2075859
2075850
2075841
2075832
2075823
2075814
2075805
2075796
2075787
2075778
2075769
2075760
2075751
2075742
2075733
2075724
2075715
2075706
2075697
2075688
2075679
2075670
2075661
2075652
2075643
2075634
2075625
2075616
2075607
2075598
2075589
2075580
2075571
2075562
2075553
2075544
2075535
2075526
2075517
2075508
2075499
2075490
2075481
2075472
2075463
2075454
2075445
2075436
2075427
2075418
2075409
2075400
2075391
2075382
2075373
2075364
2075355
2075346
2075337
2075328
2075319
2075310
2075301
2075292
2075283
2075274
2075265
2075256
2075247
2075238
2075229
2075220
2075211
2075202
2075193
2075184
2075175
2075166
2075157
2075148
2075139
2075130
2075121
2075112
2075103
2075094
2075085
2075076
2075067
2075058
2075049
2075040
2075031
2075022
2075013
2075004
2074995
2074986
2074977
2074968
2074959
2074950
2074941
2074932
2074923
2074914
2074905
2074896
2074887
2074878
2074869
2074860
2074851
2074842
2074833
2074824
2074815
2074806
2074797
2074788
2074779
2074770
2074761
2074752
2074743
2074734
2074725
2074716
2074707
2074698
2074689
2074680
2074671
2074662
2074653
2074644
2074635
2074626
2074617
2074608
2074599
2074590
2074581
2074572
2074563
2074554
2074545
2074536
2074527
2074518
2074509
2074500
2074491
2074482
2074473
2074464
2074455
2074446
2074437
2074428
2074419
2074410
2074401
2074392
2074383
2074374
2074365
2074356
2074347
2074338
2074329
2074320
2074311
2074302
2074293
2074284
2074275
2074266
2074257
2074248
2074239
2074230
2074221
2074212
2074203
2074194
2074185
2074176
2074167
2074158
2074149
2074140
2074131
2074122
2074113
2074104
2074095
2074086
2074077
2074068
2074059
2074050
2074041
2074032
2074023
2074014
2074005
2073996
2073987
2073978
2073969
2073960
2073951
2073942
2073933
2073924
2073915
2073906
2073897
2073888
2073879
2073870
2073861
2073852
2073843
2073834
2073825
2073816
2073807
2073798
2073789
2073780
2073771
2073762
2073753
2073744
2073735
2073726
2073717
2073708
2073699
2073690
2073681
2073672
2073663
2073654
2073645
2073636
2073627
2073618
2073609
2073600
2073591
2073582
2073573
2073564
2073555
2073546
2073537
2073528
2073519
2073510
2073501
2073492
2073483
2073474
2073465
2073456
2073447
2073438
2073429
2073420
2073411
2073402
2073393
2073384
2073375
2073366
2073357
2073348
2073339
2073330
2073321
2073312
2073303
2073294
2073285
2073276
2073267
2073258
2073249
2073240
2073231
2073222
2073213
2073204
2073195
2073186
2073177
2073168
2073159
2073150
2073141
2073132
2073123
2073114
2073105
2073096
2073087
2073078
2073069
2073060
2073051
2073042
2073033
2073024
2073015
2073006
2072997
2072988
2072979
2072970
2072961
2072952
2072943
2072934
2072925
2072916
2072907
2072898
2072889
2072880
2072871
2072862
2072853
2072844
2072835
2072826
2072817
2072808
2072799
2072790
2072781
2072772
2072763
2072754
2072745
2072736
2072727
2072718
2072709
2072700
2072691
2072682
2072673
2072664
2072655
2072646
2072637
2072628
2072619
2072610
2072601
2072592
2072583
2072574
2072565
2072556
2072547
2072538
2072529
2072520
2072511
2072502
2072493
2072484
2072475
2072466
2072457
2072448
2072439
2072430
2072421
2072412
2072403
2072394
2072385
2072376
2072367
2072358
2072349
2072340
2072331
2072322
2072313
2072304
2072295
2072286
2072277
2072268
2072259
2072250
2072241
2072232
2072223
2072214
2072205
2072196
2072187
2072178
2072169
2072160
2072151
2072142
2072133
2072124
2072115
2072106
2072097
2072088
2072079
2072070
2072061
2072052
2072043
2072034
2072025
2072016
2072007
2071998
2071989
2071980
2071971
2071962
2071953
2071944
2071935
2071926
2071917
2071908
2071899
2071890
2071881
2071872
2071863
2071854
2071845
2071836
2071827
2071818
2071809
2071800
2071791
2071782
2071773
2071764
2071755
2071746
2071737
2071728
2071719
2071710
2071701
2071692
2071683
2071674
2071665
2071656
2071647
2071638
2071629
2071620
2071611
2071602
2071593
2071584
2071575
2071566
2071557
2071548
2071539
2071530
2071521
2071512
2071503
2071494
2071485
2071476
2071467
2071458
2071449
2071440
2071431
2071422
2071413
2071404
2071395
2071386
2071377
2071368
2071359
2071350
2071341
2071332
2071323
2071314
2071305
2071296
2071287
2071278
2071269
2071260
2071251
2071242
2071233
2071224
2071215
2071206
2071197
2071188
2071179
2071170
2071161
2071152
2071143
2071134
2071125
2071116
2071107
2071098
2071089
2071080
2071071
2071062
2071053
2071044
2071035
2071026
2071017
2071008
2070999
2070990
2070981
2070972
2070963
2070954
2070945
2070936
2070927
2070918
2070909
2070900
2070891
2070882
2070873
2070864
2070855
2070846
2070837
2070828
2070819
2070810
2070801
2070792
2070783
2070774
2070765
2070756
2070747
2070738
2070729
2070720
2070711
2070702
2070693
2070684
2070675
2070666
2070657
2070648
2070639
2070630
2070621
2070612
2070603
2070594
2070585
2070576
2070567
2070558
2070549
2070540
2070531
2070522
2070513
2070504
2070495
2070486
2070477
2070468
2070459
2070450
2070441
2070432
2070423
2070414
2070405
2070396
2070387
2070378
2070369
2070360
2070351
2070342
2070333
2070324
2070315
2070306
2070297
2070288
2070279
2070270
2070261
2070252
2070243
2070234
2070225
2070216
2070207
2070198
2070189
2070180
2070171
2070162
2070153
2070144
2070135
2070126
2070117
2070108
2070099
2070090
2070081
2070072
2070063
2070054
2070045
2070036
2070027
2070018
2070009
2070000
2069991
2069982
2069973
2069964
2069955
2069946
2069937
2069928
2069919
2069910
2069901
2069892
2069883
2069874
2069865
2069856
2069847
2069838
2069829
2069820
2069811
2069802
2069793
2069784
2069775
2069766
2069757
2069748
2069739
2069730
2069721
2069712
2069703
2069694
2069685
2069676
2069667
2069658
2069649
2069640
2069631
2069622
2069613
2069604
2069595
2069586
2069577
2069568
2069559
2069550
2069541
2069532
2069523
2069514
2069505
2069496
2069487
2069478
2069469
2069460
2069451
2069442
2069433
2069424
2069415
2069406
2069397
2069388
2069379
2069370
2069361
2069352
2069343
2069334
2069325
2069316
2069307
2069298
2069289
2069280
2069271
2069262
2069253
2069244
2069235
2069226
2069217
2069208
2069199
2069190
2069181
2069172
2069163
2069154
2069145
2069136
2069127
2069118
2069109
2069100
2069091
2069082
2069073
2069064
2069055
2069046
2069037
2069028
2069019
2069010
2069001
2068992
2068983
2068974
2068965
2068956
2068947
2068938
2068929
2068920
2068911
2068902
2068893
2068884
2068875
2068866
2068857
2068848
2068839
2068830
2068821
2068812
2068803
2068794
2068785
2068776
2068767
2068758
2068749
2068740
2068731
2068722
2068713
2068704
2068695
2068686
2068677
2068668
2068659
2068650
2068641
2068632
2068623
2068614
2068605
2068596
2068587
2068578
2068569
2068560
2068551
2068542
2068533
2068524
2068515
2068506
2068497
2068488
2068479
2068470
2068461
2068452
2068443
2068434
2068425
2068416
2068407
2068398
2068389
2068380
2068371
2068362
2068353
2068344
2068335
2068326
2068317
2068308
2068299
2068290
2068281
2068272
2068263
2068254
2068245
2068236
2068227
2068218
2068209
2068200
2068191
2068182
2068173
2068164
2068155
2068146
2068137
2068128
2068119
2068110
2068101
2068092
2068083
2068074
2068065
2068056
2068047
2068038
2068029
2068020
2068011
2068002
2067993
2067984
2067975
2067966
2067957
2067948
2067939
2067930
2067921
2067912
2067903
2067894
2067885
2067876
2067867
2067858
2067849
2067840
2067831
2067822
2067813
2067804
2067795
2067786
2067777
2067768
2067759
2067750
2067741
2067732
2067723
2067714
2067705
2067696
2067687
2067678
2067669
2067660
2067651
2067642
2067633
2067624
2067615
2067606
2067597
2067588
2067579
2067570
2067561
2067552
2067543
2067534
2067525
2067516
2067507
2067498
2067489
2067480
2067471
2067462
2067453
2067444
2067435
2067426
2067417
2067408
2067399
2067390
2067381
2067372
2067363
2067354
2067345
2067336
2067327
2067318
2067309
2067300
2067291
2067282
2067273
2067264
2067255
2067246
2067237
2067228
2067219
2067210
2067201
2067192
2067183
2067174
2067165
2067156
2067147
2067138
2067129
2067120
2067111
2067102
2067093
2067084
2067075
2067066
2067057
2067048
2067039
2067030
2067021
2067012
2067003
2066994
2066985
2066976
2066967
2066958
2066949
2066940
2066931
2066922
2066913
2066904
2066895
2066886
2066877
2066868
2066859
2066850
2066841
2066832
2066823
2066814
2066805
2066796
2066787
2066778
2066769
2066760
2066751
2066742
2066733
2066724
2066715
2066706
2066697
2066688
2066679
2066670
2066661
2066652
2066643
2066634
2066625
2066616
2066607
2066598
2066589
2066580
2066571
2066562
2066553
2066544
2066535
2066526
2066517
2066508
2066499
2066490
2066481
2066472
2066463
2066454
2066445
2066436
2066427
2066418
2066409
2066400
2066391
2066382
2066373
2066364
2066355
2066346
2066337
2066328
2066319
2066310
2066301
2066292
2066283
2066274
2066265
2066256
2066247
2066238
2066229
2066220
2066211
2066202
2066193
2066184
2066175
2066166
2066157
2066148
2066139
2066130
2066121
2066112
2066103
2066094
2066085
2066076
2066067
2066058
2066049
2066040
2066031
2066022
2066013
2066004
2065995
2065986
2065977
2065968
2065959
2065950
2065941
2065932
2065923
2065914
2065905
2065896
2065887
2065878
2065869
2065860
2065851
2065842
2065833
2065824
2065815
2065806
2065797
2065788
2065779
2065770
2065761
2065752
2065743
2065734
2065725
2065716
2065707
2065698
2065689
2065680
2065671
2065662
2065653
2065644
2065635
2065626
2065617
2065608
2065599
2065590
2065581
2065572
2065563
2065554
2065545
2065536
2065527
2065518
2065509
2065500
2065491
2065482
2065473
2065464
2065455
2065446
2065437
2065428
2065419
2065410
2065401
2065392
2065383
2065374
2065365
2065356
2065347
2065338
2065329
2065320
2065311
2065302
2065293
2065284
2065275
2065266
2065257
2065248
2065239
2065230
2065221
2065212
2065203
2065194
2065185
2065176
2065167
2065158
2065149
2065140
2065131
2065122
2065113
2065104
2065095
2065086
2065077
2065068
2065059
2065050
2065041
2065032
2065023
2065014
2065005
2064996
2064987
2064978
2064969
2064960
2064951
2064942
2064933
2064924
2064915
2064906
2064897
2064888
2064879
2064870
2064861
2064852
2064843
2064834
2064825
2064816
2064807
2064798
2064789
2064780
2064771
2064762
2064753
2064744
2064735
2064726
2064717
2064708
2064699
2064690
2064681
2064672
2064663
2064654
2064645
2064636
2064627
2064618
2064609
2064600
2064591
2064582
2064573
2064564
2064555
2064546
2064537
2064528
2064519
2064510
2064501
2064492
2064483
2064474
2064465
2064456
2064447
2064438
2064429
2064420
2064411
2064402
2064393
2064384
2064375
2064366
2064357
2064348
2064339
2064330
2064321
2064312
2064303
2064294
2064285
2064276
2064267
2064258
2064249
2064240
2064231
2064222
2064213
2064204
2064195
2064186
2064177
2064168
2064159
2064150
2064141
2064132
2064123
2064114
2064105
2064096
2064087
2064078
2064069
2064060
2064051
2064042
2064033
2064024
2064015
2064006
2063997
2063988
2063979
2063970
2063961
2063952
2063943
2063934
2063925
2063916
2063907
2063898
2063889
2063880
2063871
2063862
2063853
2063844
2063835
2063826
2063817
2063808
2063799
2063790
2063781
2063772
2063763
2063754
2063745
2063736
2063727
2063718
2063709
2063700
2063691
2063682
2063673
2063664
2063655
2063646
2063637
2063628
2063619
2063610
2063601
2063592
2063583
2063574
2063565
2063556
2063547
2063538
2063529
2063520
2063511
2063502
2063493
2063484
2063475
2063466
2063457
2063448
2063439
2063430
2063421
2063412
2063403
2063394
2063385
2063376
2063367
2063358
2063349
2063340
2063331
2063322
2063313
2063304
2063295
2063286
2063277
2063268
2063259
2063250
2063241
2063232
2063223
2063214
2063205
2063196
2063187
2063178
2063169
2063160
2063151
2063142
2063133
2063124
2063115
2063106
2063097
2063088
2063079
2063070
2063061
2063052
2063043
2063034
2063025
2063016
2063007
2062998
2062989
2062980
2062971
2062962
2062953
2062944
2062935
2062926
2062917
2062908
2062899
2062890
2062881
2062872
2062863
2062854
2062845
2062836
2062827
2062818
2062809
2062800
2062791
2062782
2062773
2062764
2062755
2062746
2062737
2062728
2062719
2062710
2062701
2062692
2062683
2062674
2062665
2062656
2062647
2062638
2062629
2062620
2062611
2062602
2062593
2062584
2062575
2062566
2062557
2062548
2062539
2062530
2062521
2062512
2062503
2062494
2062485
2062476
2062467
2062458
2062449
2062440
2062431
2062422
2062413
2062404
2062395
2062386
2062377
2062368
2062359
2062350
2062341
2062332
2062323
2062314
2062305
2062296
2062287
2062278
2062269
2062260
2062251
2062242
2062233
2062224
2062215
2062206
2062197
2062188
2062179
2062170
2062161
2062152
2062143
2062134
2062125
2062116
2062107
2062098
2062089
2062080
2062071
2062062
2062053
2062044
2062035
2062026
2062017
2062008
2061999
2061990
2061981
2061972
2061963
2061954
2061945
2061936
2061927
2061918
2061909
2061900
2061891
2061882
2061873
2061864
2061855
2061846
2061837
2061828
2061819
2061810
2061801
2061792
2061783
2061774
2061765
2061756
2061747
2061738
2061729
2061720
2061711
2061702
2061693
2061684
2061675
2061666
2061657
2061648
2061639
2061630
2061621
2061612
2061603
2061594
2061585
2061576
2061567
2061558
2061549
2061540
2061531
2061522
2061513
2061504
2061495
2061486
2061477
2061468
2061459
2061450
2061441
2061432
2061423
2061414
2061405
2061396
2061387
2061378
2061369
2061360
2061351
2061342
2061333
2061324
2061315
2061306
2061297
2061288
2061279
2061270
2061261
2061252
2061243
2061234
2061225
2061216
2061207
2061198
2061189
2061180
2061171
2061162
2061153
2061144
2061135
2061126
2061117
2061108
2061099
2061090
2061081
2061072
2061063
2061054
2061045
2061036
2061027
2061018
2061009
2061000
2060991
2060982
2060973
2060964
2060955
2060946
2060937
2060928
2060919
2060910
2060901
2060892
2060883
2060874
2060865
2060856
2060847
2060838
2060829
2060820
2060811
2060802
2060793
2060784
2060775
2060766
2060757
2060748
2060739
2060730
2060721
2060712
2060703
2060694
2060685
2060676
2060667
2060658
2060649
2060640
2060631
2060622
2060613
2060604
2060595
2060586
2060577
2060568
2060559
2060550
2060541
2060532
2060523
2060514
2060505
2060496
2060487
2060478
2060469
2060460
2060451
2060442
2060433
2060424
2060415
2060406
2060397
2060388
2060379
2060370
2060361
2060352
2060343
2060334
2060325
2060316
2060307
2060298
2060289
2060280
2060271
2060262
2060253
2060244
2060235
2060226
2060217
2060208
2060199
2060190
2060181
2060172
2060163
2060154
2060145
2060136
2060127
2060118
2060109
2060100
2060091
2060082
2060073
2060064
2060055
2060046
2060037
2060028
2060019
2060010
2060001
2059992
2059983
2059974
2059965
2059956
2059947
2059938
2059929
2059920
2059911
2059902
2059893
2059884
2059875
2059866
2059857
2059848
2059839
2059830
2059821
2059812
2059803
2059794
2059785
2059776
2059767
2059758
2059749
2059740
2059731
2059722
2059713
2059704
2059695
2059686
2059677
2059668
2059659
2059650
2059641
2059632
2059623
2059614
2059605
2059596
2059587
2059578
2059569
2059560
2059551
2059542
2059533
2059524
2059515
2059506
2059497
2059488
2059479
2059470
2059461
2059452
2059443
2059434
2059425
2059416
2059407
2059398
2059389
2059380
2059371
2059362
2059353
2059344
2059335
2059326
2059317
2059308
2059299
2059290
2059281
2059272
2059263
2059254
2059245
2059236
2059227
2059218
2059209
2059200
2059191
2059182
2059173
2059164
2059155
2059146
2059137
2059128
2059119
2059110
2059101
2059092
2059083
2059074
2059065
2059056
2059047
2059038
2059029
2059020
2059011
2059002
2058993
2058984
2058975
2058966
2058957
2058948
2058939
2058930
2058921
2058912
2058903
2058894
2058885
2058876
2058867
2058858
2058849
2058840
2058831
2058822
2058813
2058804
2058795
2058786
2058777
2058768
2058759
2058750
2058741
2058732
2058723
2058714
2058705
2058696
2058687
2058678
2058669
2058660
2058651
2058642
2058633
2058624
2058615
2058606
2058597
2058588
2058579
2058570
2058561
2058552
2058543
2058534
2058525
2058516
2058507
2058498
2058489
2058480
2058471
2058462
2058453
2058444
2058435
2058426
2058417
2058408
2058399
2058390
2058381
2058372
2058363
2058354
2058345
2058336
2058327
2058318
2058309
2058300
2058291
2058282
2058273
2058264
2058255
2058246
2058237
2058228
2058219
2058210
2058201
2058192
2058183
2058174
2058165
2058156
2058147
2058138
2058129
2058120
2058111
2058102
2058093
2058084
2058075
2058066
2058057
2058048
2058039
2058030
2058021
2058012
2058003
2057994
2057985
2057976
2057967
2057958
2057949
2057940
2057931
2057922
2057913
2057904
2057895
2057886
2057877
2057868
2057859
2057850
2057841
2057832
2057823
2057814
2057805
2057796
2057787
2057778
2057769
2057760
2057751
2057742
2057733
2057724
2057715
2057706
2057697
2057688
2057679
2057670
2057661
2057652
2057643
2057634
2057625
2057616
2057607
2057598
2057589
2057580
2057571
2057562
2057553
2057544
2057535
2057526
2057517
2057508
2057499
2057490
2057481
2057472
2057463
2057454
2057445
2057436
2057427
2057418
2057409
2057400
2057391
2057382
2057373
2057364
2057355
2057346
2057337
2057328
2057319
2057310
2057301
2057292
2057283
2057274
2057265
2057256
2057247
2057238
2057229
2057220
2057211
2057202
2057193
2057184
2057175
2057166
2057157
2057148
2057139
2057130
2057121
2057112
2057103
2057094
2057085
2057076
2057067
2057058
2057049
2057040
2057031
2057022
2057013
2057004
2056995
2056986
2056977
2056968
2056959
2056950
2056941
2056932
2056923
2056914
2056905
2056896
2056887
2056878
2056869
2056860
2056851
2056842
2056833
2056824
2056815
2056806
2056797
2056788
2056779
2056770
2056761
2056752
2056743
2056734
2056725
2056716
2056707
2056698
2056689
2056680
2056671
2056662
2056653
2056644
2056635
2056626
2056617
2056608
2056599
2056590
2056581
2056572
2056563
2056554
2056545
2056536
2056527
2056518
2056509
2056500
2056491
2056482
2056473
2056464
2056455
2056446
2056437
2056428
2056419
2056410
2056401
2056392
2056383
2056374
2056365
2056356
2056347
2056338
2056329
2056320
2056311
2056302
2056293
2056284
2056275
2056266
2056257
2056248
2056239
2056230
2056221
2056212
2056203
2056194
2056185
2056176
2056167
2056158
2056149
2056140
2056131
2056122
2056113
2056104
2056095
2056086
2056077
2056068
2056059
2056050
2056041
2056032
2056023
2056014
2056005
2055996
2055987
2055978
2055969
2055960
2055951
2055942
2055933
2055924
2055915
2055906
2055897
2055888
2055879
2055870
2055861
2055852
2055843
2055834
2055825
2055816
2055807
2055798
2055789
2055780
2055771
2055762
2055753
2055744
2055735
2055726
2055717
2055708
2055699
2055690
2055681
2055672
2055663
2055654
2055645
2055636
2055627
2055618
2055609
2055600
2055591
2055582
2055573
2055564
2055555
2055546
2055537
2055528
2055519
2055510
2055501
2055492
2055483
2055474
2055465
2055456
2055447
2055438
2055429
2055420
2055411
2055402
2055393
2055384
2055375
2055366
2055357
2055348
2055339
2055330
2055321
2055312
2055303
2055294
2055285
2055276
2055267
2055258
2055249
2055240
2055231
2055222
2055213
2055204
2055195
2055186
2055177
2055168
2055159
2055150
2055141
2055132
2055123
2055114
2055105
2055096
2055087
2055078
2055069
2055060
2055051
2055042
2055033
2055024
2055015
2055006
2054997
2054988
2054979
2054970
2054961
2054952
2054943
2054934
2054925
2054916
2054907
2054898
2054889
2054880
2054871
2054862
2054853
2054844
2054835
2054826
2054817
2054808
2054799
2054790
2054781
2054772
2054763
2054754
2054745
2054736
2054727
2054718
2054709
2054700
2054691
2054682
2054673
2054664
2054655
2054646
2054637
2054628
2054619
2054610
2054601
2054592
2054583
2054574
2054565
2054556
2054547
2054538
2054529
2054520
2054511
2054502
2054493
2054484
2054475
2054466
2054457
2054448
2054439
2054430
2054421
2054412
2054403
2054394
2054385
2054376
2054367
2054358
2054349
2054340
2054331
2054322
2054313
2054304
2054295
2054286
2054277
2054268
2054259
2054250
2054241
2054232
2054223
2054214
2054205
2054196
2054187
2054178
2054169
2054160
2054151
2054142
